============================================================
  Generated by:           Genus(TM) Synthesis Solution 21.19-s055_1
  Generated on:           Apr 14 2026  05:04:29 pm
  Module:                 microprocessor_pad_top
  Technology libraries:   tsl18fs120_scl_ss 1
                          tsl18cio150_max 1.0
                          tsl18fs120_scl_ss 1
                          tsl18cio150_max 1.0
  Operating conditions:   tsl18cio150_max (worst_case_tree)
  Wireload mode:          enclosed
  Area mode:              timing library
============================================================

                                   Leakage  
   Gate    Instances     Area    Power (nW)        Library       
-----------------------------------------------------------------
ad01d1             8     476.640      7.670    tsl18fs120_scl_ss 
ah01d1            55    1897.500     41.459    tsl18fs120_scl_ss 
an02d1           381    5974.080     86.525    tsl18fs120_scl_ss 
an02d2             2      37.640      1.087    tsl18fs120_scl_ss 
an02d4            31     680.450     37.727    tsl18fs120_scl_ss 
an02d7             6     207.000     20.964    tsl18fs120_scl_ss 
an02da             3     122.310     12.891    tsl18fs120_scl_ss 
an03d1             7     131.740      2.106    tsl18fs120_scl_ss 
an03d4            62    1749.640     74.276    tsl18fs120_scl_ss 
an04d1            74    1856.660     11.966    tsl18fs120_scl_ss 
an04d2             1      28.220      0.305    tsl18fs120_scl_ss 
an04d4             2      62.720      1.949    tsl18fs120_scl_ss 
an12d1            15     329.250      7.043    tsl18fs120_scl_ss 
an12d4            11     310.420     14.751    tsl18fs120_scl_ss 
aoi211d1          85    1599.700     20.468    tsl18fs120_scl_ss 
aoi21d1           33     517.440      4.897    tsl18fs120_scl_ss 
aoi221d1          50    1254.500      8.230    tsl18fs120_scl_ss 
aoi222d1         255    7996.800     29.427    tsl18fs120_scl_ss 
aoi22d1         1461   27496.020    113.213    tsl18fs120_scl_ss 
aoi311d1           1      21.950      0.258    tsl18fs120_scl_ss 
aoi31d1           12     225.840      1.578    tsl18fs120_scl_ss 
aoi31d2            1      31.360      0.455    tsl18fs120_scl_ss 
aoi321d1           6     188.160      0.791    tsl18fs120_scl_ss 
aoi322d1           1      34.500      0.095    tsl18fs120_scl_ss 
aoim211d1          1      21.950      0.477    tsl18fs120_scl_ss 
aoim21d1           2      37.640      0.783    tsl18fs120_scl_ss 
aoim22d1          66    1448.700     34.597    tsl18fs120_scl_ss 
aoim31d1           1      21.950      0.491    tsl18fs120_scl_ss 
aon211d1          33     621.060      1.664    tsl18fs120_scl_ss 
aor21d1            5     109.750      2.156    tsl18fs120_scl_ss 
aor221d1           6     188.160      2.828    tsl18fs120_scl_ss 
aor222d1          81    3048.030     32.635    tsl18fs120_scl_ss 
aor222d4          55    2414.500     71.885    tsl18fs120_scl_ss 
aor22d1          114    2860.260     36.161    tsl18fs120_scl_ss 
aor22d4            8     276.000      9.040    tsl18fs120_scl_ss 
aor31d1            1      21.950      0.467    tsl18fs120_scl_ss 
buffd1             5      62.700      1.730    tsl18fs120_scl_ss 
buffd3             5      78.400      4.160    tsl18fs120_scl_ss 
cg01d1             2      56.440      0.530    tsl18fs120_scl_ss 
decrq1          1025   90005.248    818.360    tsl18fs120_scl_ss 
dfcrq1           468   30822.480    408.611    tsl18fs120_scl_ss 
dfcrq4             2     150.520      5.134    tsl18fs120_scl_ss 
dfnrq1          1187   70721.462    934.288    tsl18fs120_scl_ss 
dfprb1             9     677.340      9.468    tsl18fs120_scl_ss 
inv0d0           238    1492.260     35.176    tsl18fs120_scl_ss 
inv0d1            63     592.830      5.928    tsl18fs120_scl_ss 
inv0d2            52     652.080     10.613    tsl18fs120_scl_ss 
inv0d4            10     188.200      4.083    tsl18fs120_scl_ss 
inv0d7             3      84.660      2.112    tsl18fs120_scl_ss 
invbd2            18     282.240      2.990    tsl18fs120_scl_ss 
invbd4             6     131.700      2.330    tsl18fs120_scl_ss 
mx02d1          1144   28702.960    413.098    tsl18fs120_scl_ss 
nd02d0             4      50.160      0.115    tsl18fs120_scl_ss 
nd02d1           281    3523.740      9.326    tsl18fs120_scl_ss 
nd02d2             4      75.280      0.271    tsl18fs120_scl_ss 
nd02d4             1      31.360      0.632    tsl18fs120_scl_ss 
nd03d1            16     250.880      0.428    tsl18fs120_scl_ss 
nd03d2             1      28.220      0.050    tsl18fs120_scl_ss 
nd03da             1      53.310      0.912    tsl18fs120_scl_ss 
nd04d0             2      37.640      0.032    tsl18fs120_scl_ss 
nd04d1           329    6191.780      6.735    tsl18fs120_scl_ss 
nd04d2             1      34.500      0.452    tsl18fs120_scl_ss 
nd04d4             1      37.630      0.643    tsl18fs120_scl_ss 
nd12d1            69    1081.920     11.399    tsl18fs120_scl_ss 
nd13d1             8     175.600      1.135    tsl18fs120_scl_ss 
nd23d4             1      34.500      0.578    tsl18fs120_scl_ss 
nr02d1           304    3812.160     52.896    tsl18fs120_scl_ss 
nr02d2             3      56.460      1.242    tsl18fs120_scl_ss 
nr02d4             2      62.720      1.737    tsl18fs120_scl_ss 
nr03d1            16     250.880      4.837    tsl18fs120_scl_ss 
nr04d1            11     207.020      3.912    tsl18fs120_scl_ss 
nr13d1             4      87.800      1.328    tsl18fs120_scl_ss 
nr13d4             1      37.630      1.445    tsl18fs120_scl_ss 
nr23d1             4     100.360      1.024    tsl18fs120_scl_ss 
oai211d1          59    1110.380      1.853    tsl18fs120_scl_ss 
oai21d1          135    2116.800      7.565    tsl18fs120_scl_ss 
oai21d2            4     125.440      1.989    tsl18fs120_scl_ss 
oai221d1          19     536.180      0.822    tsl18fs120_scl_ss 
oai222d1          29     818.380      1.582    tsl18fs120_scl_ss 
oai22d1          116    2183.120      9.548    tsl18fs120_scl_ss 
oai311d1           4     100.360      0.125    tsl18fs120_scl_ss 
oai31d1            2      43.900      0.118    tsl18fs120_scl_ss 
oai321d1           2      62.720      0.092    tsl18fs120_scl_ss 
oai322d1           4     138.000      0.269    tsl18fs120_scl_ss 
oaim211d1         18     451.620      1.415    tsl18fs120_scl_ss 
oaim21d1          97    1825.540     12.474    tsl18fs120_scl_ss 
oaim22d1          39     978.510      9.485    tsl18fs120_scl_ss 
oaim31d1           1      25.090      0.109    tsl18fs120_scl_ss 
oan211d1          33     621.060      5.204    tsl18fs120_scl_ss 
or02d0             3      47.040      0.613    tsl18fs120_scl_ss 
or02d1            34     533.120     11.458    tsl18fs120_scl_ss 
or02d4            31     777.790     41.850    tsl18fs120_scl_ss 
or03d0             3      65.850      0.903    tsl18fs120_scl_ss 
or03d1             3      65.850      1.204    tsl18fs120_scl_ss 
or03d4             2      56.440      2.768    tsl18fs120_scl_ss 
or04d1            13     326.170      6.292    tsl18fs120_scl_ss 
ora211d1           2      50.180      0.644    tsl18fs120_scl_ss 
ora21d1            3      75.270      0.777    tsl18fs120_scl_ss 
ora311d4           1      34.500      1.206    tsl18fs120_scl_ss 
pc3d01             6    7772.640   2335.609    tsl18cio150_max   
pc3o05            33   42749.522  12775.296    tsl18cio150_max   
sdcrq1             1      97.220      1.034    tsl18fs120_scl_ss 
xr02d1             2      62.720      1.196    tsl18fs120_scl_ss 
xr03d1             1      53.310      1.475    tsl18fs120_scl_ss 
-----------------------------------------------------------------
total           8937  369128.284  18688.028                      


                                                     Leakage  Leakage 
     Library      Instances Instances %    Area    Power (nW) Power % 
----------------------------------------------------------------------
tsl18cio150_max          39         0.4  50522.162  15110.905    80.9 
tsl18fs120_scl_ss      8898        99.6 318606.121   3577.123    19.1 

                                             Leakage  Leakage 
     Type      Instances    Area    Area % Power (nW) Power % 
--------------------------------------------------------------
timing_model          39  50522.162   13.7  15110.905    80.9 
sequential          2692 192474.271   52.1   2176.894    11.6 
inverter             390   3423.970    0.9     63.232     0.3 
buffer                10    141.100    0.0      5.891     0.0 
unresolved             4      0.000    0.0      0.000     0.0 
logic               5806 122566.781   33.2   1331.106     7.1 
physical_cells         0      0.000    0.0      0.000     0.0 
--------------------------------------------------------------
total               8941 369128.284  100.0  18688.028   100.0 

