============================================================
  Generated by:           Genus(TM) Synthesis Solution 21.19-s055_1
  Generated on:           Apr 14 2026  05:01:49 pm
  Module:                 microprocessor_pad_top
  Technology libraries:   tsl18fs120_scl_ss 1
                          tsl18cio150_max 1.0
                          tsl18fs120_scl_ss 1
                          tsl18cio150_max 1.0
  Operating conditions:   tsl18cio150_max (worst_case_tree)
  Wireload mode:          enclosed
  Area mode:              timing library
============================================================

                           Instance                                        Module               Cell Count  Cell Area  Net Area   Total Area   Wireload  
---------------------------------------------------------------------------------------------------------------------------------------------------------
microprocessor_pad_top                                                                               15481 517478.015     7.779   517485.793 540000 (S)  
  u_microprocessor_core                                       microprocessor                         15442 466955.852     0.000   466955.852 540000 (S)  
    u_core                                                    core                                   11304 323982.645     0.000   323982.645 540000 (S)  
      u_branch_execute                                        branch                                   453   9530.142     0.000     9530.142  16000 (S)  
        gte_14_49_Y_lt_13_49                                  gt_leq_signed_1638_1828                  152   3194.284     0.000     3194.284   4000 (S)  
        gte_16_40_Y_lt_15_40                                  gt_leq_unsigned_1829                     152   3194.284     0.000     3194.284   4000 (S)  
      u_decodepipeline                                        decode_pipe                              232  16372.024     0.000    16372.024  35000 (S)  
      u_decodestage                                           decode                                  5676 171626.886     0.000   171626.886 280000 (S)  
        u_cu0                                                 controlunit                               94   1981.932     0.000     1981.932   4000 (S)  
          u_controldec0                                       control_decoder                           69   1454.822     0.000     1454.822   4000 (S)  
          u_typedec0                                          type_decoder                              25    527.110     0.000      527.110   4000 (S)  
        u_imm_gen0                                            immediategen                              82   1728.919     0.000     1728.919   4000 (S)  
        u_mux1                                                mux                                       96   2024.101     0.000     2024.101   4000 (S)  
        u_mux2                                                mux_248                                   96   2024.101     0.000     2024.101   4000 (S)  
        u_regfile0                                            registerfile                            5308 163867.832     0.000   163867.832 280000 (S)  
      u_execute_forwarding                                    execute_forwarding                       919  19376.549     0.000    19376.549  35000 (S)  
      u_executepipeline                                       execute_pipe                             262  14210.875     0.000    14210.875  16000 (S)  
      u_executestage                                          execute                                 2431  51224.511     0.000    51224.511  70000 (S)  
        u_adder0                                              adder                                    141   2951.814     0.000     2951.814   4000 (S)  
          add_7_23                                            add_unsigned_294                         140   2941.272     0.000     2941.272   4000 (S)  
        u_alu0                                                alu                                     2289  48262.155     0.000    48262.155  70000 (S)  
          SUB_TC_OP_2_Y_SUB_TC_OP_1_Y_SUB_TC_OP20_Y_ADD_TC_OP addsub_signed_221                        416   8771.104     0.000     8771.104  16000 (S)  
          sll_18_25                                           shift_left_vlog_unsigned                 392   8265.079     0.000     8265.079  16000 (S)  
          sra_33_34                                           arith_shift_right_vlog_signed            417   8792.188     0.000     8792.188  16000 (S)  
          srl_30_25                                           shift_right_vlog_unsigned                393   8286.163     0.000     8286.163  16000 (S)  
      u_fetchpipeline                                         fetch_pipe                               256   8760.562     0.000     8760.562  16000 (S)  
      u_fetchstage                                            fetch                                    275   7453.330     0.000     7453.330   8000 (S)  
        u_pc0                                                 pc                                       272   7400.619     0.000     7400.619   8000 (S)  
          ADD_UNS_OP                                          add_unsigned                             142   2993.983     0.000     2993.983   4000 (S)  
      u_memorystage                                           memory_stage                             324   6831.340     0.000     6831.340   8000 (S)  
        u_wrap_mem0                                           wrappermem                               321   6768.087     0.000     6768.087   8000 (S)  
      u_memstagepipeline                                      memory_pipe                              262  14105.453     0.000    14105.453  16000 (S)  
      u_wbstage                                               write_back                               163   3436.755     0.000     3436.755   4000 (S)  
        u_mux2                                                mux2_4                                   163   3436.755     0.000     3436.755   4000 (S)  
    u_data_memory                                             data_memory_top                         3283 123238.224     0.000   123238.224 140000 (S)  
      u_memory                                                data_memory                             3281 123153.887     0.000   123153.887 140000 (S)  
    u_instruction_memory                                      instruc_mem_top_INIT_FILE8h00            595  12587.377     0.000    12587.377  16000 (S)  
      u_memory                                                instruction_memory_INIT_FILE8h00         593  12503.040     0.000    12503.040  16000 (S)  
  (S) = wireload was automatically selected
