============================================================
  Generated by:           Genus(TM) Synthesis Solution 21.19-s055_1
  Generated on:           Apr 14 2026  05:03:25 pm
  Module:                 microprocessor_pad_top
  Technology libraries:   tsl18fs120_scl_ss 1
                          tsl18cio150_max 1.0
                          tsl18fs120_scl_ss 1
                          tsl18cio150_max 1.0
  Operating conditions:   tsl18cio150_max (worst_case_tree)
  Wireload mode:          enclosed
  Area mode:              timing library
============================================================

                                   Leakage  
   Gate    Instances     Area    Power (nW)        Library       
-----------------------------------------------------------------
ad01d1             8     476.640      7.670    tsl18fs120_scl_ss 
ah01d1            55    1897.500     41.459    tsl18fs120_scl_ss 
an02d1           389    6099.520     88.342    tsl18fs120_scl_ss 
an02d2             1      18.820      0.543    tsl18fs120_scl_ss 
an02d4            31     680.450     37.727    tsl18fs120_scl_ss 
an02d7             7     241.500     24.458    tsl18fs120_scl_ss 
an02da             4     163.080     17.188    tsl18fs120_scl_ss 
an03d1             8     150.560      2.407    tsl18fs120_scl_ss 
an03d4            62    1749.640     74.276    tsl18fs120_scl_ss 
an04d1            74    1856.660     11.966    tsl18fs120_scl_ss 
an04d4             3      94.080      2.924    tsl18fs120_scl_ss 
an12d1            12     263.400      5.634    tsl18fs120_scl_ss 
an12d4            13     366.860     17.433    tsl18fs120_scl_ss 
aoi211d1          86    1618.520     20.709    tsl18fs120_scl_ss 
aoi21d1           34     533.120      5.046    tsl18fs120_scl_ss 
aoi221d1          53    1329.770      8.724    tsl18fs120_scl_ss 
aoi222d1         255    7996.800     29.427    tsl18fs120_scl_ss 
aoi222d2           2      87.800      1.546    tsl18fs120_scl_ss 
aoi22d1         1466   27590.120    113.600    tsl18fs120_scl_ss 
aoi311d1           1      21.950      0.258    tsl18fs120_scl_ss 
aoi31d1           13     244.660      1.710    tsl18fs120_scl_ss 
aoi31d2            1      31.360      0.455    tsl18fs120_scl_ss 
aoi321d1           5     156.800      0.659    tsl18fs120_scl_ss 
aoi322d1           1      34.500      0.095    tsl18fs120_scl_ss 
aoim211d1          1      21.950      0.477    tsl18fs120_scl_ss 
aoim21d1           2      37.640      0.783    tsl18fs120_scl_ss 
aoim22d1          68    1492.600     35.646    tsl18fs120_scl_ss 
aoim31d1           1      21.950      0.491    tsl18fs120_scl_ss 
aon211d1          32     602.240      1.613    tsl18fs120_scl_ss 
aor21d1            5     109.750      2.156    tsl18fs120_scl_ss 
aor221d1           6     188.160      2.828    tsl18fs120_scl_ss 
aor222d1          69    2596.470     27.800    tsl18fs120_scl_ss 
aor222d4          56    2458.400     73.192    tsl18fs120_scl_ss 
aor22d1          114    2860.260     36.161    tsl18fs120_scl_ss 
aor22d4            8     276.000      9.040    tsl18fs120_scl_ss 
aor31d1            1      21.950      0.467    tsl18fs120_scl_ss 
buffd1            31     388.740     10.726    tsl18fs120_scl_ss 
buffd3             9     141.120      7.489    tsl18fs120_scl_ss 
buffd7             2      62.720      4.478    tsl18fs120_scl_ss 
cg01d1             4     112.880      1.060    tsl18fs120_scl_ss 
decrq1          1025   90005.248    818.360    tsl18fs120_scl_ss 
dfcrq1           460   30295.600    401.626    tsl18fs120_scl_ss 
dfcrq2             1      68.990      1.080    tsl18fs120_scl_ss 
dfcrq4             9     677.340     23.103    tsl18fs120_scl_ss 
dfnrq1          1186   70661.882    933.501    tsl18fs120_scl_ss 
dfnrq4             1      68.990      2.861    tsl18fs120_scl_ss 
dfprb1             8     602.080      8.416    tsl18fs120_scl_ss 
dfprb2             1      81.540      1.366    tsl18fs120_scl_ss 
inv0d0           285    1786.950     42.123    tsl18fs120_scl_ss 
inv0d1            79     743.390      7.433    tsl18fs120_scl_ss 
inv0d2            42     526.680      8.572    tsl18fs120_scl_ss 
inv0d4            36     677.520     14.699    tsl18fs120_scl_ss 
inv0d7             8     225.760      5.631    tsl18fs120_scl_ss 
inv0da             2      62.720      2.098    tsl18fs120_scl_ss 
invbd2            18     282.240      2.990    tsl18fs120_scl_ss 
invbd4            13     285.350      5.048    tsl18fs120_scl_ss 
invbd7             2      62.720      1.056    tsl18fs120_scl_ss 
mx02d1          1143   28677.870    412.737    tsl18fs120_scl_ss 
nd02d1           310    3887.400     10.289    tsl18fs120_scl_ss 
nd02d2            16     301.120      1.085    tsl18fs120_scl_ss 
nd02d4             4     125.440      2.530    tsl18fs120_scl_ss 
nd03d1            18     282.240      0.481    tsl18fs120_scl_ss 
nd03d2             1      28.220      0.050    tsl18fs120_scl_ss 
nd03da             7     373.170      6.384    tsl18fs120_scl_ss 
nd04d1           329    6191.780      6.735    tsl18fs120_scl_ss 
nd04d2             3     103.500      1.356    tsl18fs120_scl_ss 
nd04d4             1      37.630      0.643    tsl18fs120_scl_ss 
nd12d1            72    1128.960     11.894    tsl18fs120_scl_ss 
nd12d2             2      50.180      0.568    tsl18fs120_scl_ss 
nd13d1            11     241.450      1.561    tsl18fs120_scl_ss 
nd23d4             1      34.500      0.578    tsl18fs120_scl_ss 
nr02d1           321    4025.340     55.854    tsl18fs120_scl_ss 
nr02d2             3      56.460      1.242    tsl18fs120_scl_ss 
nr02d4             2      62.720      1.737    tsl18fs120_scl_ss 
nr02da             1      50.180      1.264    tsl18fs120_scl_ss 
nr03d1            15     235.200      4.535    tsl18fs120_scl_ss 
nr04d1            11     207.020      3.912    tsl18fs120_scl_ss 
nr13d1             4      87.800      1.328    tsl18fs120_scl_ss 
nr13d4             1      37.630      1.445    tsl18fs120_scl_ss 
nr23d1             1      25.090      0.256    tsl18fs120_scl_ss 
nr23d2             1      31.360      0.525    tsl18fs120_scl_ss 
oai211d1          60    1129.200      1.884    tsl18fs120_scl_ss 
oai21d1          140    2195.200      7.846    tsl18fs120_scl_ss 
oai21d4            4     138.000      2.777    tsl18fs120_scl_ss 
oai221d1          21     592.620      0.908    tsl18fs120_scl_ss 
oai222d1          29     818.380      1.582    tsl18fs120_scl_ss 
oai22d1          117    2201.940      9.630    tsl18fs120_scl_ss 
oai311d1           4     100.360      0.125    tsl18fs120_scl_ss 
oai31d1            2      43.900      0.118    tsl18fs120_scl_ss 
oai321d1           3      94.080      0.139    tsl18fs120_scl_ss 
oai322d1           4     138.000      0.269    tsl18fs120_scl_ss 
oaim211d1         18     451.620      1.415    tsl18fs120_scl_ss 
oaim21d1          95    1787.900     12.217    tsl18fs120_scl_ss 
oaim22d1          43    1078.870     10.458    tsl18fs120_scl_ss 
oaim31d1           1      25.090      0.109    tsl18fs120_scl_ss 
oan211d1          40     752.800      6.308    tsl18fs120_scl_ss 
or02d0             5      78.400      1.021    tsl18fs120_scl_ss 
or02d1            32     501.760     10.784    tsl18fs120_scl_ss 
or02d2             1      18.820      0.693    tsl18fs120_scl_ss 
or02d4            31     777.790     41.850    tsl18fs120_scl_ss 
or03d0             3      65.850      0.903    tsl18fs120_scl_ss 
or03d1             4      87.800      1.606    tsl18fs120_scl_ss 
or03d4             2      56.440      2.768    tsl18fs120_scl_ss 
or04d1             7     175.630      3.388    tsl18fs120_scl_ss 
ora211d1           2      50.180      0.644    tsl18fs120_scl_ss 
ora21d1            3      75.270      0.777    tsl18fs120_scl_ss 
ora311d4           1      34.500      1.206    tsl18fs120_scl_ss 
pc3d01             6    7772.640   2335.609    tsl18cio150_max   
pc3o05            33   42749.522  12775.296    tsl18cio150_max   
sdcrq4             1     100.350      3.370    tsl18fs120_scl_ss 
xr02d1             1      31.360      0.598    tsl18fs120_scl_ss 
-----------------------------------------------------------------
total           9160  372618.474  18773.908                      


                                                     Leakage  Leakage 
     Library      Instances Instances %    Area    Power (nW) Power % 
----------------------------------------------------------------------
tsl18cio150_max          39         0.4  50522.162  15110.905    80.5 
tsl18fs120_scl_ss      9121        99.6 322096.311   3663.003    19.5 

                                             Leakage  Leakage 
     Type      Instances    Area    Area % Power (nW) Power % 
--------------------------------------------------------------
timing_model          39  50522.162   13.6  15110.905    80.5 
sequential          2692 192562.021   51.7   2193.683    11.7 
inverter             485   4653.330    1.2     89.650     0.5 
buffer                42    592.580    0.2     22.693     0.1 
unresolved             4      0.000    0.0      0.000     0.0 
logic               5902 124288.381   33.4   1356.978     7.2 
physical_cells         0      0.000    0.0      0.000     0.0 
--------------------------------------------------------------
total               9164 372618.474  100.0  18773.908   100.0 

