============================================================
  Generated by:           Genus(TM) Synthesis Solution 21.19-s055_1
  Generated on:           Apr 14 2026  05:04:26 pm
  Module:                 microprocessor_pad_top
  Technology libraries:   tsl18fs120_scl_ss 1
                          tsl18cio150_max 1.0
                          tsl18fs120_scl_ss 1
                          tsl18cio150_max 1.0
  Operating conditions:   tsl18cio150_max (worst_case_tree)
  Wireload mode:          enclosed
  Area mode:              timing library
============================================================

         Instance                       Module               Cell Count  Cell Area  Net Area   Total Area   Wireload  
----------------------------------------------------------------------------------------------------------------------
microprocessor_pad_top                                             8937 369128.284 10457.992   379586.276 540000 (S)  
  u_microprocessor_core    microprocessor                          8898 318606.121 10433.752   329039.874 540000 (S)  
    u_core                 core                                    5380 205108.449  6879.778   211988.227 280000 (S)  
      u_branch_execute     branch                                   176   2812.940    38.189     2851.129   4000 (S)  
      u_decodepipeline     decode_pipe                              427  17687.870   215.134    17903.004  35000 (S)  
      u_decodestage        decode                                  2556 119835.468  3400.018   123235.486 140000 (S)  
        u_cu0              controlunit                               63    975.260    13.971      989.231   4000 (S)  
          u_controldec0    control_decoder                           42    680.510     8.376      688.886   4000 (S)  
          u_typedec0       type_decoder                              21    294.750     3.604      298.354   4000 (S)  
        u_imm_gen0         immediategen                              49    827.970    16.927      844.897   4000 (S)  
        u_mux1             mux                                       32    802.880     0.000      802.880   4000 (S)  
        u_mux2             mux_248                                   32    802.880     0.000      802.880   4000 (S)  
        u_regfile0         registerfile                            2380 116426.478  3305.174   119731.652 140000 (S)  
      u_execute_forwarding execute_forwarding                       331   7356.970   303.404     7660.375   8000 (S)  
      u_executepipeline    execute_pipe                             167  11619.460    21.282    11640.742  16000 (S)  
      u_executestage       execute                                  933  17963.860   895.201    18859.061  35000 (S)  
        u_adder0           adder                                     31   1000.490     4.045     1004.535   4000 (S)  
        u_alu0             alu                                      901  16957.100   891.156    17848.256  35000 (S)  
      u_fetchpipeline      fetch_pipe                               134   5939.940   104.681     6044.621   8000 (S)  
      u_fetchstage         fetch                                     96   4004.940    29.257     4034.197   8000 (S)  
        u_pc0              pc                                        94   3970.450    12.373     3982.823   4000 (S)  
      u_memorystage        memory_stage                             160   3217.530    62.080     3279.610   4000 (S)  
        u_wrap_mem0        wrappermem                               153   3107.760    61.431     3169.191   4000 (S)  
      u_memstagepipeline   memory_pipe                              334  12675.120   115.367    12790.488  16000 (S)  
      u_wbstage            write_back                                41   1545.900    44.865     1590.765   4000 (S)  
        u_mux2             mux2_4                                    41   1545.900    44.865     1590.765   4000 (S)  
    u_data_memory          data_memory_top                         3047 104352.992  1800.401   106153.393 140000 (S)  
      u_memory             data_memory                             3046 104287.132  1800.401   106087.533 140000 (S)  
    u_instruction_memory   instruc_mem_top_INIT_FILE8h00            352   5321.660   170.564     5492.224   8000 (S)  
      u_memory             instruction_memory_INIT_FILE8h00         351   5255.800   170.564     5426.364   8000 (S)  
  (S) = wireload was automatically selected
