###############################################################
#  Generated by:      Cadence Innovus 21.19-s058_1
#  OS:                Linux x86_64(Host ID vlsi.iitgn.ac.in)
#  Generated on:      Tue Apr 14 18:46:34 2026
#  Design:            microprocessor_pad_top
#  Command:           checkDesign -io -netlist -physicalLibrary -powerGround -tieHilo -timingLibrary -spef -floorplan -place -outdir checkDesign
###############################################################
Design: microprocessor_pad_top

------ Design Summary:
Total Standard Cell Number   (cells) : 57139
Total Block Cell Number      (cells) : 0
Total I/O Pad Cell Number    (cells) : 260
Total Standard Cell Area     ( um^2) : 1412768.00
Total Block Cell Area        ( um^2) : 0.00
Total I/O Pad Cell Area      ( um^2) : 1689837.50

------ Design Statistics:

Number of Instances            : 57399
Number of Non-uniquified Insts : 57380
Number of Nets                 : 11180
Average number of Pins per Net : 3.66
Maximum number of Pins in Net  : 101

------ I/O Port summary

Number of Primary I/O Ports    : 39
Number of Input Ports          : 6
Number of Output Ports         : 33
Number of Bidirectional Ports  : 0
Number of Power/Ground Ports   : 0



------------------------------------------------------------
Detail report:


------ I/O Pad/Port Checking


------ Primitive Pins DRC Checking

**WARN: Instance 'u_microprocessor_core/u_core/u_branch_execute/g1421__5107' has multiple input pins tied together to net 'u_microprocessor_core/u_core/u_branch_execute/n_69'.
**WARN: Instance 'u_microprocessor_core/u_core/u_branch_execute/g1421__5107' has multiple input pins tied together to net 'u_microprocessor_core/u_core/u_branch_execute/n_0'.
**WARN: Instance 'u_microprocessor_core/u_core/u_branch_execute/g1435__1881' has multiple input pins tied together to net 'u_microprocessor_core/u_core/u_branch_execute/n_12'.
**WARN: Instance 'u_microprocessor_core/u_core/u_branch_execute/g1435__1881' has multiple input pins tied together to net 'u_microprocessor_core/u_core/branch_op_a[27]'.
**WARN: Instance 'u_microprocessor_core/u_core/u_branch_execute/g1438__4733' has multiple input pins tied together to net 'u_microprocessor_core/u_core/u_branch_execute/n_71'.
**WARN: Instance 'u_microprocessor_core/u_core/u_branch_execute/g1438__4733' has multiple input pins tied together to net 'u_microprocessor_core/u_core/fun3_execute[0]'.
**WARN: Instance 'u_microprocessor_core/u_core/u_branch_execute/g1439__6161' has multiple input pins tied together to net 'u_microprocessor_core/u_core/u_branch_execute/n_72'.
**WARN: Instance 'u_microprocessor_core/u_core/u_branch_execute/g1439__6161' has multiple input pins tied together to net 'u_microprocessor_core/u_core/fun3_execute[0]'.
**WARN: Instance 'u_microprocessor_core/u_core/u_branch_execute/g1440__9315' has multiple input pins tied together to net 'u_microprocessor_core/u_core/UNCONNECTED86'.
**WARN: Instance 'u_microprocessor_core/u_core/u_branch_execute/g1440__9315' has multiple input pins tied together to net 'u_microprocessor_core/u_core/branch_op_a[25]'.
**WARN: Instance 'u_microprocessor_core/u_core/u_branch_execute/g1441__9945' has multiple input pins tied together to net 'u_microprocessor_core/u_core/UNCONNECTED80'.
**WARN: Instance 'u_microprocessor_core/u_core/u_branch_execute/g1441__9945' has multiple input pins tied together to net 'u_microprocessor_core/u_core/branch_op_a[19]'.
**WARN: Instance 'u_microprocessor_core/u_core/u_branch_execute/g1442__2883' has multiple input pins tied together to net 'u_microprocessor_core/u_core/UNCONNECTED70'.
**WARN: Instance 'u_microprocessor_core/u_core/u_branch_execute/g1442__2883' has multiple input pins tied together to net 'u_microprocessor_core/u_core/branch_op_a[9]'.
**WARN: Instance 'u_microprocessor_core/u_core/u_branch_execute/g1443__2346' has multiple input pins tied together to net 'u_microprocessor_core/u_core/UNCONNECTED67'.
**WARN: Instance 'u_microprocessor_core/u_core/u_branch_execute/g1443__2346' has multiple input pins tied together to net 'u_microprocessor_core/u_core/branch_op_a[6]'.
**WARN: Instance 'u_microprocessor_core/u_core/u_branch_execute/g1444__1666' has multiple input pins tied together to net 'u_microprocessor_core/u_core/UNCONNECTED66'.
**WARN: Instance 'u_microprocessor_core/u_core/u_branch_execute/g1444__1666' has multiple input pins tied together to net 'u_microprocessor_core/u_core/branch_op_a[5]'.
**WARN: Instance 'u_microprocessor_core/u_core/u_branch_execute/g1445__7410' has multiple input pins tied together to net 'u_microprocessor_core/u_core/UNCONNECTED64'.
**WARN: Instance 'u_microprocessor_core/u_core/u_branch_execute/g1445__7410' has multiple input pins tied together to net 'u_microprocessor_core/u_core/branch_op_a[3]'.
**WARN: Instance 'u_microprocessor_core/u_core/u_branch_execute/g1446__6417' has multiple input pins tied together to net 'u_microprocessor_core/u_core/UNCONNECTED74'.
**WARN: Instance 'u_microprocessor_core/u_core/u_branch_execute/g1446__6417' has multiple input pins tied together to net 'u_microprocessor_core/u_core/branch_op_a[13]'.
**WARN: Instance 'u_microprocessor_core/u_core/u_branch_execute/g1447__5477' has multiple input pins tied together to net 'u_microprocessor_core/u_core/UNCONNECTED83'.
**WARN: Instance 'u_microprocessor_core/u_core/u_branch_execute/g1447__5477' has multiple input pins tied together to net 'u_microprocessor_core/u_core/branch_op_a[22]'.
**WARN: Instance 'u_microprocessor_core/u_core/u_branch_execute/g1448__2398' has multiple input pins tied together to net 'u_microprocessor_core/u_core/UNCONNECTED91'.
**WARN: Instance 'u_microprocessor_core/u_core/u_branch_execute/g1448__2398' has multiple input pins tied together to net 'u_microprocessor_core/u_core/branch_op_a[30]'.
**WARN: Instance 'u_microprocessor_core/u_core/u_branch_execute/g1449__5107' has multiple input pins tied together to net 'u_microprocessor_core/u_core/UNCONNECTED87'.
**WARN: Instance 'u_microprocessor_core/u_core/u_branch_execute/g1449__5107' has multiple input pins tied together to net 'u_microprocessor_core/u_core/branch_op_a[26]'.
**WARN: Instance 'u_microprocessor_core/u_core/u_branch_execute/g1451__4319' has multiple input pins tied together to net 'u_microprocessor_core/u_core/u_branch_execute/n_8'.
**WARN: Instance 'u_microprocessor_core/u_core/u_branch_execute/g1451__4319' has multiple input pins tied together to net 'u_microprocessor_core/u_core/branch_op_a[21]'.
**WARN: Instance 'u_microprocessor_core/u_core/u_branch_execute/g1452__8428' has multiple input pins tied together to net 'u_microprocessor_core/u_core/u_branch_execute/n_19'.
**WARN: Instance 'u_microprocessor_core/u_core/u_branch_execute/g1452__8428' has multiple input pins tied together to net 'u_microprocessor_core/u_core/branch_op_a[24]'.
**WARN: Instance 'u_microprocessor_core/u_core/u_branch_execute/g1453__5526' has multiple input pins tied together to net 'u_microprocessor_core/u_core/u_branch_execute/gte_14_49_Y_lt_13_49_n_31'.
**WARN: Instance 'u_microprocessor_core/u_core/u_branch_execute/g1453__5526' has multiple input pins tied together to net 'u_microprocessor_core/u_core/branch_op_a[31]'.
**WARN: Instance 'u_microprocessor_core/u_core/u_branch_execute/g1454__6783' has multiple input pins tied together to net 'u_microprocessor_core/u_core/u_branch_execute/gte_14_49_Y_lt_13_49_n_28'.
**WARN: Instance 'u_microprocessor_core/u_core/u_branch_execute/g1454__6783' has multiple input pins tied together to net 'u_microprocessor_core/u_core/branch_op_a[18]'.
**WARN: Instance 'u_microprocessor_core/u_core/u_branch_execute/g1455__3680' has multiple input pins tied together to net 'u_microprocessor_core/u_core/u_branch_execute/gte_16_40_Y_lt_15_40_n_27'.
**WARN: Instance 'u_microprocessor_core/u_core/u_branch_execute/g1455__3680' has multiple input pins tied together to net 'u_microprocessor_core/u_core/branch_op_a[8]'.
**WARN: Instance 'u_microprocessor_core/u_core/u_branch_execute/g1456__1617' has multiple input pins tied together to net 'u_microprocessor_core/u_core/u_branch_execute/gte_14_49_Y_lt_13_49_n_5'.
**WARN: Instance 'u_microprocessor_core/u_core/u_branch_execute/g1456__1617' has multiple input pins tied together to net 'u_microprocessor_core/u_core/branch_op_a[16]'.
**WARN: Instance 'u_microprocessor_core/u_core/u_branch_execute/g1457__2802' has multiple input pins tied together to net 'u_microprocessor_core/u_core/u_branch_execute/gte_14_49_Y_lt_13_49_n_30'.
**WARN: Instance 'u_microprocessor_core/u_core/u_branch_execute/g1457__2802' has multiple input pins tied together to net 'u_microprocessor_core/u_core/branch_op_a[11]'.
**WARN: Instance 'u_microprocessor_core/u_core/u_branch_execute/g1458__1705' has multiple input pins tied together to net 'u_microprocessor_core/u_core/u_branch_execute/n_2'.
**WARN: Instance 'u_microprocessor_core/u_core/u_branch_execute/g1458__1705' has multiple input pins tied together to net 'u_microprocessor_core/u_core/branch_op_a[28]'.
**WARN: Instance 'u_microprocessor_core/u_core/u_branch_execute/g1459__5122' has multiple input pins tied together to net 'u_microprocessor_core/u_core/u_branch_execute/gte_16_40_Y_lt_15_40_n_11'.
**WARN: Instance 'u_microprocessor_core/u_core/u_branch_execute/g1459__5122' has multiple input pins tied together to net 'u_microprocessor_core/u_core/branch_op_a[10]'.
**WARN: Instance 'u_microprocessor_core/u_core/u_branch_execute/g1460__8246' has multiple input pins tied together to net 'u_microprocessor_core/u_core/u_branch_execute/gte_14_49_Y_lt_13_49_n_18'.
**WARN: Instance 'u_microprocessor_core/u_core/u_branch_execute/g1460__8246' has multiple input pins tied together to net 'u_microprocessor_core/u_core/branch_op_a[7]'.
**WARN: Instance 'u_microprocessor_core/u_core/u_branch_execute/g1461__7098' has multiple input pins tied together to net 'u_microprocessor_core/u_core/u_branch_execute/n_4'.
**WARN: Instance 'u_microprocessor_core/u_core/u_branch_execute/g1461__7098' has multiple input pins tied together to net 'u_microprocessor_core/u_core/branch_op_a[2]'.
**WARN: Instance 'u_microprocessor_core/u_core/u_branch_execute/g1462__6131' has multiple input pins tied together to net 'u_microprocessor_core/u_core/u_branch_execute/n_17'.
**WARN: Instance 'u_microprocessor_core/u_core/u_branch_execute/g1462__6131' has multiple input pins tied together to net 'u_microprocessor_core/u_core/branch_op_a[1]'.
**WARN: Instance 'u_microprocessor_core/u_core/u_branch_execute/g1463__1881' has multiple input pins tied together to net 'u_microprocessor_core/u_core/u_branch_execute/gte_16_40_Y_lt_15_40_n_29'.
**WARN: Instance 'u_microprocessor_core/u_core/u_branch_execute/g1463__1881' has multiple input pins tied together to net 'u_microprocessor_core/u_core/branch_op_a[12]'.
**WARN: Instance 'u_microprocessor_core/u_core/u_branch_execute/g1464__5115' has multiple input pins tied together to net 'u_microprocessor_core/u_core/u_branch_execute/gte_14_49_Y_lt_13_49_n_16'.
**WARN: Instance 'u_microprocessor_core/u_core/u_branch_execute/g1464__5115' has multiple input pins tied together to net 'u_microprocessor_core/u_core/branch_op_a[0]'.
**WARN: Instance 'u_microprocessor_core/u_core/u_branch_execute/g1465__7482' has multiple input pins tied together to net 'u_microprocessor_core/u_core/u_branch_execute/n_14'.
**WARN: Instance 'u_microprocessor_core/u_core/u_branch_execute/g1465__7482' has multiple input pins tied together to net 'u_microprocessor_core/u_core/branch_op_a[15]'.
**WARN: Instance 'u_microprocessor_core/u_core/u_branch_execute/g1466__4733' has multiple input pins tied together to net 'u_microprocessor_core/u_core/u_branch_execute/n_15'.
**WARN: Instance 'u_microprocessor_core/u_core/u_branch_execute/g1466__4733' has multiple input pins tied together to net 'u_microprocessor_core/u_core/branch_op_a[14]'.
**WARN: Instance 'u_microprocessor_core/u_core/u_decodestage/u_regfile0/g47708' has multiple input pins tied together to net 'u_microprocessor_core/u_core/FE_RN_5'.
**WARN: Instance 'u_microprocessor_core/u_core/u_decodestage/u_regfile0/g47708' has multiple input pins tied together to net 'u_microprocessor_core/u_core/u_decodestage/u_regfile0/n_4'.
**WARN: Instance 'u_microprocessor_core/u_core/u_execute_forwarding/g8501' has multiple input pins tied together to net 'u_microprocessor_core/control_status[23]'.
**WARN: Instance 'u_microprocessor_core/u_core/u_execute_forwarding/g8501' has multiple input pins tied together to net 'u_microprocessor_core/u_core/rs1_execute[4]'.
**WARN: Instance 'u_microprocessor_core/u_core/u_execute_forwarding/g8503' has multiple input pins tied together to net 'u_microprocessor_core/u_core/rs2_execute[2]'.
**WARN: Instance 'u_microprocessor_core/u_core/u_execute_forwarding/g8503' has multiple input pins tied together to net 'u_microprocessor_core/control_status[21]'.
**WARN: Instance 'u_microprocessor_core/u_core/u_execute_forwarding/g8506' has multiple input pins tied together to net 'u_microprocessor_core/u_core/instruction_memstage[11]'.
**WARN: Instance 'u_microprocessor_core/u_core/u_execute_forwarding/g8506' has multiple input pins tied together to net 'u_microprocessor_core/u_core/rs1_execute[4]'.
**WARN: Instance 'u_microprocessor_core/u_core/u_execute_forwarding/g8507' has multiple input pins tied together to net 'u_microprocessor_core/u_core/instruction_memstage[8]'.
**WARN: Instance 'u_microprocessor_core/u_core/u_execute_forwarding/g8507' has multiple input pins tied together to net 'u_microprocessor_core/u_core/rs2_execute[1]'.
**WARN: Instance 'u_microprocessor_core/u_core/u_execute_forwarding/g8510' has multiple input pins tied together to net 'u_microprocessor_core/u_core/rs2_execute[2]'.
**WARN: Instance 'u_microprocessor_core/u_core/u_execute_forwarding/g8511' has multiple input pins tied together to net 'u_microprocessor_core/u_core/instruction_memstage[10]'.
**WARN: Instance 'u_microprocessor_core/u_core/u_execute_forwarding/g8511' has multiple input pins tied together to net 'u_microprocessor_core/u_core/u_execute_forwarding/n_28'.
**WARN: Instance 'u_microprocessor_core/u_core/u_execute_forwarding/g8512' has multiple input pins tied together to net 'u_microprocessor_core/u_core/u_execute_forwarding/n_17'.
**WARN: Instance 'u_microprocessor_core/u_core/u_execute_forwarding/g8512' has multiple input pins tied together to net 'u_microprocessor_core/u_core/rs2_execute[3]'.
**WARN: Instance 'u_microprocessor_core/u_core/u_execute_forwarding/g8514' has multiple input pins tied together to net 'u_microprocessor_core/u_core/u_execute_forwarding/n_24'.
**WARN: Instance 'u_microprocessor_core/u_core/u_execute_forwarding/g8514' has multiple input pins tied together to net 'u_microprocessor_core/u_core/rs2_execute[3]'.
**WARN: Instance 'u_microprocessor_core/u_core/u_execute_forwarding/g8515' has multiple input pins tied together to net 'u_microprocessor_core/u_core/u_execute_forwarding/n_20'.
**WARN: Instance 'u_microprocessor_core/u_core/u_execute_forwarding/g8515' has multiple input pins tied together to net 'u_microprocessor_core/u_core/rs2_execute[4]'.
**WARN: Instance 'u_microprocessor_core/u_core/u_execute_forwarding/g8516' has multiple input pins tied together to net 'u_microprocessor_core/u_core/u_execute_forwarding/n_23'.
**WARN: Instance 'u_microprocessor_core/u_core/u_execute_forwarding/g8516' has multiple input pins tied together to net 'u_microprocessor_core/u_core/rs1_execute[0]'.
**WARN: Instance 'u_microprocessor_core/u_core/u_execute_forwarding/g8517' has multiple input pins tied together to net 'u_microprocessor_core/u_core/rs1_execute[0]'.
**WARN: Instance 'u_microprocessor_core/u_core/u_execute_forwarding/g8517' has multiple input pins tied together to net 'u_microprocessor_core/u_core/u_execute_forwarding/n_18'.
**WARN: Instance 'u_microprocessor_core/u_core/u_execute_forwarding/g8518' has multiple input pins tied together to net 'u_microprocessor_core/u_core/u_execute_forwarding/n_25'.
**WARN: Instance 'u_microprocessor_core/u_core/u_execute_forwarding/g8518' has multiple input pins tied together to net 'u_microprocessor_core/u_core/rs2_execute[4]'.
**WARN: Instance 'u_microprocessor_core/u_core/u_executepipeline/g567' has multiple input pins tied together to net 'u_microprocessor_core/u_core/u_executepipeline/n_2'.
**WARN: Instance 'u_microprocessor_core/u_core/u_executestage/u_adder0/add_7_23_g339' has multiple input pins tied together to net 'u_microprocessor_core/u_core/u_executestage/u_adder0/add_7_23_n_56'.
**WARN: Instance 'u_microprocessor_core/u_core/u_executestage/u_adder0/add_7_23_g339' has multiple input pins tied together to net 'u_microprocessor_core/u_core/FE_PHN11_pre_pc_addr_execute_31'.
**WARN: Instance 'u_microprocessor_core/u_core/u_executestage/u_alu0/g5124' has multiple input pins tied together to net 'u_microprocessor_core/u_core/alu_in_a[31]'.
**WARN: Instance 'u_microprocessor_core/u_core/alu_in_b[31]' has multiple input pins tied together to net 'u_microprocessor_core/u_core/alu_in_b[31]'.
**WARN: Instance 'u_microprocessor_core/u_core/u_executestage/u_alu0/g5234' has multiple input pins tied together to net 'u_microprocessor_core/u_core/u_executestage/u_alu0/n_8'.
**WARN: Instance 'u_microprocessor_core/u_core/u_executestage/u_alu0/g5234' has multiple input pins tied together to net 'u_microprocessor_core/u_core/alu_in_b[31]'.
**WARN: Instance 'u_microprocessor_core/u_core/u_executestage/u_alu0/SUB_TC_OP_2_Y_SUB_TC_OP_1_Y_SUB_TC_OP20_Y_ADD_TC_OP_g2791' has multiple input pins tied together to net 'u_microprocessor_core/u_core/u_executestage/u_alu0/SUB_TC_OP_2_Y_SUB_TC_OP_1_Y_SUB_TC_OP20_Y_ADD_TC_OP_n_190'.
**WARN: Instance 'u_microprocessor_core/u_core/u_executestage/u_alu0/SUB_TC_OP_2_Y_SUB_TC_OP_1_Y_SUB_TC_OP20_Y_ADD_TC_OP_g2791' has multiple input pins tied together to net 'u_microprocessor_core/u_core/u_executestage/u_alu0/SUB_TC_OP_2_Y_SUB_TC_OP_1_Y_SUB_TC_OP20_Y_ADD_TC_OP_n_110'.
**WARN: Instance 'u_microprocessor_core/u_core/u_executestage/u_alu0/SUB_TC_OP_2_Y_SUB_TC_OP_1_Y_SUB_TC_OP20_Y_ADD_TC_OP_g2793' has multiple input pins tied together to net 'u_microprocessor_core/u_core/u_executestage/u_alu0/SUB_TC_OP_2_Y_SUB_TC_OP_1_Y_SUB_TC_OP20_Y_ADD_TC_OP_n_187'.
**WARN: Instance 'u_microprocessor_core/u_core/u_executestage/u_alu0/SUB_TC_OP_2_Y_SUB_TC_OP_1_Y_SUB_TC_OP20_Y_ADD_TC_OP_g2793' has multiple input pins tied together to net 'u_microprocessor_core/u_core/u_executestage/u_alu0/SUB_TC_OP_2_Y_SUB_TC_OP_1_Y_SUB_TC_OP20_Y_ADD_TC_OP_n_106'.
**WARN: Instance 'u_microprocessor_core/u_core/u_executestage/u_alu0/SUB_TC_OP_2_Y_SUB_TC_OP_1_Y_SUB_TC_OP20_Y_ADD_TC_OP_g2795' has multiple input pins tied together to net 'u_microprocessor_core/u_core/u_executestage/u_alu0/SUB_TC_OP_2_Y_SUB_TC_OP_1_Y_SUB_TC_OP20_Y_ADD_TC_OP_n_185'.
**WARN: Instance 'u_microprocessor_core/u_core/u_executestage/u_alu0/SUB_TC_OP_2_Y_SUB_TC_OP_1_Y_SUB_TC_OP20_Y_ADD_TC_OP_g2795' has multiple input pins tied together to net 'u_microprocessor_core/u_core/u_executestage/u_alu0/SUB_TC_OP_2_Y_SUB_TC_OP_1_Y_SUB_TC_OP20_Y_ADD_TC_OP_n_107'.
**WARN: Instance 'u_microprocessor_core/u_core/u_executestage/u_alu0/SUB_TC_OP_2_Y_SUB_TC_OP_1_Y_SUB_TC_OP20_Y_ADD_TC_OP_g2798' has multiple input pins tied together to net 'u_microprocessor_core/u_core/u_executestage/u_alu0/SUB_TC_OP_2_Y_SUB_TC_OP_1_Y_SUB_TC_OP20_Y_ADD_TC_OP_n_183'.
**WARN: Instance 'u_microprocessor_core/u_core/u_executestage/u_alu0/SUB_TC_OP_2_Y_SUB_TC_OP_1_Y_SUB_TC_OP20_Y_ADD_TC_OP_g2798' has multiple input pins tied together to net 'u_microprocessor_core/u_core/u_executestage/u_alu0/SUB_TC_OP_2_Y_SUB_TC_OP_1_Y_SUB_TC_OP20_Y_ADD_TC_OP_n_5'.
**WARN: Instance 'u_microprocessor_core/u_core/u_executestage/u_alu0/SUB_TC_OP_2_Y_SUB_TC_OP_1_Y_SUB_TC_OP20_Y_ADD_TC_OP_g2800' has multiple input pins tied together to net 'u_microprocessor_core/u_core/u_executestage/u_alu0/SUB_TC_OP_2_Y_SUB_TC_OP_1_Y_SUB_TC_OP20_Y_ADD_TC_OP_n_182'.
**WARN: Instance 'u_microprocessor_core/u_core/u_executestage/u_alu0/SUB_TC_OP_2_Y_SUB_TC_OP_1_Y_SUB_TC_OP20_Y_ADD_TC_OP_g2800' has multiple input pins tied together to net 'u_microprocessor_core/u_core/u_executestage/u_alu0/SUB_TC_OP_2_Y_SUB_TC_OP_1_Y_SUB_TC_OP20_Y_ADD_TC_OP_n_105'.
**WARN: Instance 'u_microprocessor_core/u_core/u_executestage/u_alu0/SUB_TC_OP_2_Y_SUB_TC_OP_1_Y_SUB_TC_OP20_Y_ADD_TC_OP_g2805' has multiple input pins tied together to net 'u_microprocessor_core/u_core/u_executestage/u_alu0/SUB_TC_OP_2_Y_SUB_TC_OP_1_Y_SUB_TC_OP20_Y_ADD_TC_OP_n_175'.
**WARN: Instance 'u_microprocessor_core/u_core/u_executestage/u_alu0/SUB_TC_OP_2_Y_SUB_TC_OP_1_Y_SUB_TC_OP20_Y_ADD_TC_OP_g2805' has multiple input pins tied together to net 'u_microprocessor_core/u_core/u_executestage/u_alu0/SUB_TC_OP_2_Y_SUB_TC_OP_1_Y_SUB_TC_OP20_Y_ADD_TC_OP_n_104'.
**WARN: Instance 'u_microprocessor_core/u_core/u_executestage/u_alu0/SUB_TC_OP_2_Y_SUB_TC_OP_1_Y_SUB_TC_OP20_Y_ADD_TC_OP_g2806' has multiple input pins tied together to net 'u_microprocessor_core/u_core/u_executestage/u_alu0/SUB_TC_OP_2_Y_SUB_TC_OP_1_Y_SUB_TC_OP20_Y_ADD_TC_OP_n_176'.
**WARN: Instance 'u_microprocessor_core/u_core/u_executestage/u_alu0/SUB_TC_OP_2_Y_SUB_TC_OP_1_Y_SUB_TC_OP20_Y_ADD_TC_OP_g2806' has multiple input pins tied together to net 'u_microprocessor_core/u_core/u_executestage/u_alu0/SUB_TC_OP_2_Y_SUB_TC_OP_1_Y_SUB_TC_OP20_Y_ADD_TC_OP_n_102'.
**WARN: Instance 'u_microprocessor_core/u_core/u_executestage/u_alu0/SUB_TC_OP_2_Y_SUB_TC_OP_1_Y_SUB_TC_OP20_Y_ADD_TC_OP_g2810' has multiple input pins tied together to net 'u_microprocessor_core/u_core/u_executestage/u_alu0/SUB_TC_OP_2_Y_SUB_TC_OP_1_Y_SUB_TC_OP20_Y_ADD_TC_OP_n_171'.
**WARN: Instance 'u_microprocessor_core/u_core/u_executestage/u_alu0/SUB_TC_OP_2_Y_SUB_TC_OP_1_Y_SUB_TC_OP20_Y_ADD_TC_OP_g2810' has multiple input pins tied together to net 'u_microprocessor_core/u_core/u_executestage/u_alu0/SUB_TC_OP_2_Y_SUB_TC_OP_1_Y_SUB_TC_OP20_Y_ADD_TC_OP_n_100'.
**WARN: Instance 'u_microprocessor_core/u_core/u_executestage/u_alu0/SUB_TC_OP_2_Y_SUB_TC_OP_1_Y_SUB_TC_OP20_Y_ADD_TC_OP_g2811' has multiple input pins tied together to net 'u_microprocessor_core/u_core/u_executestage/u_alu0/SUB_TC_OP_2_Y_SUB_TC_OP_1_Y_SUB_TC_OP20_Y_ADD_TC_OP_n_172'.
**WARN: Instance 'u_microprocessor_core/u_core/u_executestage/u_alu0/SUB_TC_OP_2_Y_SUB_TC_OP_1_Y_SUB_TC_OP20_Y_ADD_TC_OP_g2811' has multiple input pins tied together to net 'u_microprocessor_core/u_core/u_executestage/u_alu0/SUB_TC_OP_2_Y_SUB_TC_OP_1_Y_SUB_TC_OP20_Y_ADD_TC_OP_n_6'.
**WARN: Instance 'u_microprocessor_core/u_core/u_executestage/u_alu0/SUB_TC_OP_2_Y_SUB_TC_OP_1_Y_SUB_TC_OP20_Y_ADD_TC_OP_g2814' has multiple input pins tied together to net 'u_microprocessor_core/u_core/u_executestage/u_alu0/SUB_TC_OP_2_Y_SUB_TC_OP_1_Y_SUB_TC_OP20_Y_ADD_TC_OP_n_165'.
**WARN: Instance 'u_microprocessor_core/u_core/u_executestage/u_alu0/SUB_TC_OP_2_Y_SUB_TC_OP_1_Y_SUB_TC_OP20_Y_ADD_TC_OP_g2814' has multiple input pins tied together to net 'u_microprocessor_core/u_core/u_executestage/u_alu0/SUB_TC_OP_2_Y_SUB_TC_OP_1_Y_SUB_TC_OP20_Y_ADD_TC_OP_n_7'.
**WARN: Instance 'u_microprocessor_core/u_core/u_executestage/u_alu0/SUB_TC_OP_2_Y_SUB_TC_OP_1_Y_SUB_TC_OP20_Y_ADD_TC_OP_g2815' has multiple input pins tied together to net 'u_microprocessor_core/u_core/u_executestage/u_alu0/SUB_TC_OP_2_Y_SUB_TC_OP_1_Y_SUB_TC_OP20_Y_ADD_TC_OP_n_166'.
**WARN: Instance 'u_microprocessor_core/u_core/u_executestage/u_alu0/SUB_TC_OP_2_Y_SUB_TC_OP_1_Y_SUB_TC_OP20_Y_ADD_TC_OP_g2815' has multiple input pins tied together to net 'u_microprocessor_core/u_core/u_executestage/u_alu0/SUB_TC_OP_2_Y_SUB_TC_OP_1_Y_SUB_TC_OP20_Y_ADD_TC_OP_n_99'.
**WARN: Instance 'u_microprocessor_core/u_core/u_executestage/u_alu0/SUB_TC_OP_2_Y_SUB_TC_OP_1_Y_SUB_TC_OP20_Y_ADD_TC_OP_g2820' has multiple input pins tied together to net 'u_microprocessor_core/u_core/u_executestage/u_alu0/SUB_TC_OP_2_Y_SUB_TC_OP_1_Y_SUB_TC_OP20_Y_ADD_TC_OP_n_162'.
**WARN: Instance 'u_microprocessor_core/u_core/u_executestage/u_alu0/SUB_TC_OP_2_Y_SUB_TC_OP_1_Y_SUB_TC_OP20_Y_ADD_TC_OP_g2820' has multiple input pins tied together to net 'u_microprocessor_core/u_core/u_executestage/u_alu0/SUB_TC_OP_2_Y_SUB_TC_OP_1_Y_SUB_TC_OP20_Y_ADD_TC_OP_n_98'.
**WARN: Instance 'u_microprocessor_core/u_core/u_executestage/u_alu0/SUB_TC_OP_2_Y_SUB_TC_OP_1_Y_SUB_TC_OP20_Y_ADD_TC_OP_g2821' has multiple input pins tied together to net 'u_microprocessor_core/u_core/u_executestage/u_alu0/SUB_TC_OP_2_Y_SUB_TC_OP_1_Y_SUB_TC_OP20_Y_ADD_TC_OP_n_160'.
**WARN: Instance 'u_microprocessor_core/u_core/u_executestage/u_alu0/SUB_TC_OP_2_Y_SUB_TC_OP_1_Y_SUB_TC_OP20_Y_ADD_TC_OP_g2821' has multiple input pins tied together to net 'u_microprocessor_core/u_core/u_executestage/u_alu0/SUB_TC_OP_2_Y_SUB_TC_OP_1_Y_SUB_TC_OP20_Y_ADD_TC_OP_n_97'.
**WARN: Instance 'u_microprocessor_core/u_core/u_executestage/u_alu0/SUB_TC_OP_2_Y_SUB_TC_OP_1_Y_SUB_TC_OP20_Y_ADD_TC_OP_g2825' has multiple input pins tied together to net 'u_microprocessor_core/u_core/u_executestage/u_alu0/SUB_TC_OP_2_Y_SUB_TC_OP_1_Y_SUB_TC_OP20_Y_ADD_TC_OP_n_157'.
**WARN: Instance 'u_microprocessor_core/u_core/u_executestage/u_alu0/SUB_TC_OP_2_Y_SUB_TC_OP_1_Y_SUB_TC_OP20_Y_ADD_TC_OP_g2825' has multiple input pins tied together to net 'u_microprocessor_core/u_core/u_executestage/u_alu0/SUB_TC_OP_2_Y_SUB_TC_OP_1_Y_SUB_TC_OP20_Y_ADD_TC_OP_n_96'.
**WARN: Instance 'u_microprocessor_core/u_core/u_executestage/u_alu0/SUB_TC_OP_2_Y_SUB_TC_OP_1_Y_SUB_TC_OP20_Y_ADD_TC_OP_g2833' has multiple input pins tied together to net 'u_microprocessor_core/u_core/u_executestage/u_alu0/SUB_TC_OP_2_Y_SUB_TC_OP_1_Y_SUB_TC_OP20_Y_ADD_TC_OP_n_143'.
**WARN: Instance 'u_microprocessor_core/u_core/u_executestage/u_alu0/SUB_TC_OP_2_Y_SUB_TC_OP_1_Y_SUB_TC_OP20_Y_ADD_TC_OP_g2833' has multiple input pins tied together to net 'u_microprocessor_core/u_core/u_executestage/u_alu0/SUB_TC_OP_2_Y_SUB_TC_OP_1_Y_SUB_TC_OP20_Y_ADD_TC_OP_n_95'.
**WARN: Instance 'u_microprocessor_core/u_core/u_executestage/u_alu0/SUB_TC_OP_2_Y_SUB_TC_OP_1_Y_SUB_TC_OP20_Y_ADD_TC_OP_g2836' has multiple input pins tied together to net 'u_microprocessor_core/u_core/u_executestage/u_alu0/SUB_TC_OP_2_Y_SUB_TC_OP_1_Y_SUB_TC_OP20_Y_ADD_TC_OP_n_140'.
**WARN: Instance 'u_microprocessor_core/u_core/u_executestage/u_alu0/SUB_TC_OP_2_Y_SUB_TC_OP_1_Y_SUB_TC_OP20_Y_ADD_TC_OP_g2836' has multiple input pins tied together to net 'u_microprocessor_core/u_core/u_executestage/u_alu0/SUB_TC_OP_2_Y_SUB_TC_OP_1_Y_SUB_TC_OP20_Y_ADD_TC_OP_n_103'.
**WARN: Instance 'u_microprocessor_core/u_core/u_executestage/u_alu0/SUB_TC_OP_2_Y_SUB_TC_OP_1_Y_SUB_TC_OP20_Y_ADD_TC_OP_g2839' has multiple input pins tied together to net 'u_microprocessor_core/u_core/u_executestage/u_alu0/SUB_TC_OP_2_Y_SUB_TC_OP_1_Y_SUB_TC_OP20_Y_ADD_TC_OP_n_138'.
**WARN: Instance 'u_microprocessor_core/u_core/u_executestage/u_alu0/SUB_TC_OP_2_Y_SUB_TC_OP_1_Y_SUB_TC_OP20_Y_ADD_TC_OP_g2839' has multiple input pins tied together to net 'u_microprocessor_core/u_core/u_executestage/u_alu0/SUB_TC_OP_2_Y_SUB_TC_OP_1_Y_SUB_TC_OP20_Y_ADD_TC_OP_n_91'.
**WARN: Instance 'u_microprocessor_core/u_core/u_executestage/u_alu0/SUB_TC_OP_2_Y_SUB_TC_OP_1_Y_SUB_TC_OP20_Y_ADD_TC_OP_g2841' has multiple input pins tied together to net 'u_microprocessor_core/u_core/u_executestage/u_alu0/SUB_TC_OP_2_Y_SUB_TC_OP_1_Y_SUB_TC_OP20_Y_ADD_TC_OP_n_136'.
**WARN: Instance 'u_microprocessor_core/u_core/u_executestage/u_alu0/SUB_TC_OP_2_Y_SUB_TC_OP_1_Y_SUB_TC_OP20_Y_ADD_TC_OP_g2841' has multiple input pins tied together to net 'u_microprocessor_core/u_core/u_executestage/u_alu0/SUB_TC_OP_2_Y_SUB_TC_OP_1_Y_SUB_TC_OP20_Y_ADD_TC_OP_n_94'.
**WARN: Instance 'u_microprocessor_core/u_core/u_executestage/u_alu0/SUB_TC_OP_2_Y_SUB_TC_OP_1_Y_SUB_TC_OP20_Y_ADD_TC_OP_g2843' has multiple input pins tied together to net 'u_microprocessor_core/u_core/u_executestage/u_alu0/n_569'.
**WARN: Instance 'u_microprocessor_core/u_core/u_executestage/u_alu0/SUB_TC_OP_2_Y_SUB_TC_OP_1_Y_SUB_TC_OP20_Y_ADD_TC_OP_g2843' has multiple input pins tied together to net 'u_microprocessor_core/u_core/u_executestage/u_alu0/SUB_TC_OP_2_Y_SUB_TC_OP_1_Y_SUB_TC_OP20_Y_ADD_TC_OP_n_101'.
**WARN: Instance 'u_microprocessor_core/u_core/u_executestage/u_alu0/SUB_TC_OP_2_Y_SUB_TC_OP_1_Y_SUB_TC_OP20_Y_ADD_TC_OP_g2845' has multiple input pins tied together to net 'u_microprocessor_core/u_core/u_executestage/u_alu0/n_570'.
**WARN: Instance 'u_microprocessor_core/u_core/u_executestage/u_alu0/SUB_TC_OP_2_Y_SUB_TC_OP_1_Y_SUB_TC_OP20_Y_ADD_TC_OP_g2845' has multiple input pins tied together to net 'u_microprocessor_core/u_core/u_executestage/u_alu0/SUB_TC_OP_2_Y_SUB_TC_OP_1_Y_SUB_TC_OP20_Y_ADD_TC_OP_n_93'.
**WARN: Instance 'u_microprocessor_core/u_core/u_executestage/u_alu0/SUB_TC_OP_2_Y_SUB_TC_OP_1_Y_SUB_TC_OP20_Y_ADD_TC_OP_g2848' has multiple input pins tied together to net 'u_microprocessor_core/u_core/u_executestage/u_alu0/n_571'.
**WARN: Instance 'u_microprocessor_core/u_core/u_executestage/u_alu0/SUB_TC_OP_2_Y_SUB_TC_OP_1_Y_SUB_TC_OP20_Y_ADD_TC_OP_g2848' has multiple input pins tied together to net 'u_microprocessor_core/u_core/u_executestage/u_alu0/SUB_TC_OP_2_Y_SUB_TC_OP_1_Y_SUB_TC_OP20_Y_ADD_TC_OP_n_109'.
**WARN: Instance 'u_microprocessor_core/u_core/u_executestage/u_alu0/SUB_TC_OP_2_Y_SUB_TC_OP_1_Y_SUB_TC_OP20_Y_ADD_TC_OP_g2851' has multiple input pins tied together to net 'u_microprocessor_core/u_core/u_executestage/u_alu0/n_572'.
**WARN: Instance 'u_microprocessor_core/u_core/u_executestage/u_alu0/SUB_TC_OP_2_Y_SUB_TC_OP_1_Y_SUB_TC_OP20_Y_ADD_TC_OP_g2851' has multiple input pins tied together to net 'u_microprocessor_core/u_core/u_executestage/u_alu0/SUB_TC_OP_2_Y_SUB_TC_OP_1_Y_SUB_TC_OP20_Y_ADD_TC_OP_n_92'.
**WARN: Instance 'u_microprocessor_core/u_core/u_executestage/u_alu0/SUB_TC_OP_2_Y_SUB_TC_OP_1_Y_SUB_TC_OP20_Y_ADD_TC_OP_g2854' has multiple input pins tied together to net 'u_microprocessor_core/u_core/u_executestage/u_alu0/SUB_TC_OP_2_Y_SUB_TC_OP_1_Y_SUB_TC_OP20_Y_ADD_TC_OP_n_108'.
**WARN: Instance 'u_microprocessor_core/u_core/u_executestage/u_alu0/SUB_TC_OP_2_Y_SUB_TC_OP_1_Y_SUB_TC_OP20_Y_ADD_TC_OP_g2854' has multiple input pins tied together to net 'u_microprocessor_core/u_core/u_executestage/u_alu0/SUB_TC_OP_2_Y_SUB_TC_OP_1_Y_SUB_TC_OP20_Y_ADD_TC_OP_n_88'.
**WARN: Instance 'u_microprocessor_core/u_core/u_executestage/u_alu0/SUB_TC_OP_2_Y_SUB_TC_OP_1_Y_SUB_TC_OP20_Y_ADD_TC_OP_g2891' has multiple input pins tied together to net 'u_microprocessor_core/u_core/u_executestage/u_alu0/SUB_TC_OP_2_Y_SUB_TC_OP_1_Y_SUB_TC_OP20_Y_ADD_TC_OP_n_32'.
**WARN: Instance 'u_microprocessor_core/u_core/u_executestage/u_alu0/SUB_TC_OP_2_Y_SUB_TC_OP_1_Y_SUB_TC_OP20_Y_ADD_TC_OP_g2891' has multiple input pins tied together to net 'u_microprocessor_core/u_core/u_executestage/u_alu0/n_360'.
**WARN: Instance 'u_microprocessor_core/u_core/u_executestage/u_alu0/SUB_TC_OP_2_Y_SUB_TC_OP_1_Y_SUB_TC_OP20_Y_ADD_TC_OP_g2952' has multiple input pins tied together to net 'u_microprocessor_core/alu_mem_bytes[13]'.
**WARN: Instance 'u_microprocessor_core/u_core/u_executestage/u_alu0/SUB_TC_OP_2_Y_SUB_TC_OP_1_Y_SUB_TC_OP20_Y_ADD_TC_OP_g2952' has multiple input pins tied together to net 'u_microprocessor_core/u_core/u_executestage/u_alu0/SUB_TC_OP_2_Y_SUB_TC_OP_1_Y_SUB_TC_OP20_Y_ADD_TC_OP_n_8'.
**WARN: Instance 'u_microprocessor_core/u_core/u_executestage/u_alu0/SUB_TC_OP_2_Y_SUB_TC_OP_1_Y_SUB_TC_OP20_Y_ADD_TC_OP_g2953' has multiple input pins tied together to net 'u_microprocessor_core/alu_mem_bytes[12]'.
**WARN: Instance 'u_microprocessor_core/u_core/u_executestage/u_alu0/SUB_TC_OP_2_Y_SUB_TC_OP_1_Y_SUB_TC_OP20_Y_ADD_TC_OP_g2953' has multiple input pins tied together to net 'u_microprocessor_core/u_core/u_executestage/u_alu0/SUB_TC_OP_2_Y_SUB_TC_OP_1_Y_SUB_TC_OP20_Y_ADD_TC_OP_n_8'.
**WARN: Instance 'u_microprocessor_core/u_core/u_executestage/u_alu0/SUB_TC_OP_2_Y_SUB_TC_OP_1_Y_SUB_TC_OP20_Y_ADD_TC_OP_g2955' has multiple input pins tied together to net 'u_microprocessor_core/alu_mem_bytes[11]'.
**WARN: Instance 'u_microprocessor_core/u_core/u_executestage/u_alu0/SUB_TC_OP_2_Y_SUB_TC_OP_1_Y_SUB_TC_OP20_Y_ADD_TC_OP_g2955' has multiple input pins tied together to net 'u_microprocessor_core/u_core/u_executestage/u_alu0/SUB_TC_OP_2_Y_SUB_TC_OP_1_Y_SUB_TC_OP20_Y_ADD_TC_OP_n_8'.
**WARN: Instance 'u_microprocessor_core/u_core/u_executestage/u_alu0/SUB_TC_OP_2_Y_SUB_TC_OP_1_Y_SUB_TC_OP20_Y_ADD_TC_OP_g2957' has multiple input pins tied together to net 'u_microprocessor_core/alu_mem_bytes[10]'.
**WARN: Instance 'u_microprocessor_core/u_core/u_executestage/u_alu0/SUB_TC_OP_2_Y_SUB_TC_OP_1_Y_SUB_TC_OP20_Y_ADD_TC_OP_g2957' has multiple input pins tied together to net 'u_microprocessor_core/u_core/u_executestage/u_alu0/SUB_TC_OP_2_Y_SUB_TC_OP_1_Y_SUB_TC_OP20_Y_ADD_TC_OP_n_8'.
**WARN: Instance 'u_microprocessor_core/u_core/u_executestage/u_alu0/SUB_TC_OP_2_Y_SUB_TC_OP_1_Y_SUB_TC_OP20_Y_ADD_TC_OP_g2958' has multiple input pins tied together to net 'u_microprocessor_core/u_core/u_executestage/u_alu0/FE_OFN70_alu_mem_bytes_9'.
**WARN: Instance 'u_microprocessor_core/u_core/u_executestage/u_alu0/SUB_TC_OP_2_Y_SUB_TC_OP_1_Y_SUB_TC_OP20_Y_ADD_TC_OP_g2958' has multiple input pins tied together to net 'u_microprocessor_core/u_core/u_executestage/u_alu0/SUB_TC_OP_2_Y_SUB_TC_OP_1_Y_SUB_TC_OP20_Y_ADD_TC_OP_n_8'.
**WARN: Instance 'u_microprocessor_core/u_core/u_executestage/u_alu0/SUB_TC_OP_2_Y_SUB_TC_OP_1_Y_SUB_TC_OP20_Y_ADD_TC_OP_g2961' has multiple input pins tied together to net 'u_microprocessor_core/u_core/u_executestage/u_alu0/n_359'.
**WARN: Instance 'u_microprocessor_core/u_core/u_executestage/u_alu0/SUB_TC_OP_2_Y_SUB_TC_OP_1_Y_SUB_TC_OP20_Y_ADD_TC_OP_g2961' has multiple input pins tied together to net 'u_microprocessor_core/u_core/u_executestage/u_alu0/n_564'.
**WARN: Instance 'u_microprocessor_core/u_core/u_executestage/u_alu0/SUB_TC_OP_2_Y_SUB_TC_OP_1_Y_SUB_TC_OP20_Y_ADD_TC_OP_g2977' has multiple input pins tied together to net 'u_microprocessor_core/u_core/alu_in_b[9]'.
**WARN: Instance 'u_microprocessor_core/u_core/u_executestage/u_alu0/SUB_TC_OP_2_Y_SUB_TC_OP_1_Y_SUB_TC_OP20_Y_ADD_TC_OP_g2977' has multiple input pins tied together to net 'u_microprocessor_core/u_core/u_executestage/u_alu0/SUB_TC_OP_2_Y_SUB_TC_OP_1_Y_SUB_TC_OP20_Y_ADD_TC_OP_n_8'.
**WARN: Instance 'u_microprocessor_core/u_core/u_executestage/u_alu0/sll_18_25_g2852' has multiple input pins tied together to net 'u_microprocessor_core/alu_mem_bytes[11]'.
**WARN: Instance 'u_microprocessor_core/u_core/u_executestage/u_alu0/sra_33_34_g2895' has multiple input pins tied together to net 'u_microprocessor_core/alu_mem_bytes[11]'.
**WARN: Instance 'u_microprocessor_core/u_core/u_executestage/u_alu0/sra_33_34_g2900' has multiple input pins tied together to net 'u_microprocessor_core/alu_mem_bytes[11]'.
**WARN: Instance 'u_microprocessor_core/u_core/u_executestage/u_alu0/sra_33_34_g2901' has multiple input pins tied together to net 'u_microprocessor_core/alu_mem_bytes[11]'.
**WARN: Instance 'u_microprocessor_core/u_core/u_executestage/u_alu0/sra_33_34_g2902' has multiple input pins tied together to net 'u_microprocessor_core/alu_mem_bytes[11]'.
**WARN: Instance 'u_microprocessor_core/u_core/u_executestage/u_alu0/srl_30_25_g2849' has multiple input pins tied together to net 'u_microprocessor_core/alu_mem_bytes[11]'.
**WARN: Instance 'u_microprocessor_core/u_core/u_executestage/u_alu0/srl_30_25_g2889' has multiple input pins tied together to net 'u_microprocessor_core/u_core/u_executestage/u_alu0/FE_DBTN17_alu_mem_bytes_10'.
**WARN: Instance 'u_microprocessor_core/u_core/u_executestage/u_alu0/srl_30_25_g2890' has multiple input pins tied together to net 'u_microprocessor_core/u_core/u_executestage/u_alu0/FE_DBTN17_alu_mem_bytes_10'.
**WARN: Instance 'u_microprocessor_core/u_core/u_fetchstage/u_pc0/ADD_UNS_OP_g343' has multiple input pins tied together to net 'u_microprocessor_core/u_core/u_fetchstage/u_pc0/ADD_UNS_OP_n_57'.
**WARN: Instance 'u_microprocessor_core/u_core/u_fetchstage/u_pc0/ADD_UNS_OP_g343' has multiple input pins tied together to net 'u_microprocessor_core/pc_address[31]'.
**WARN: Instance 'u_microprocessor_core/u_core/g586' has multiple input pins tied together to net 'u_microprocessor_core/u_core/FE_PHN393_instruction_execute_11'.
**WARN: Instance 'u_microprocessor_core/u_core/g590' has multiple input pins tied together to net 'u_microprocessor_core/u_core/n_3'.
**WARN: Instance 'u_microprocessor_core/u_core/g591' has multiple input pins tied together to net 'u_microprocessor_core/u_core/FE_RN_3'.
**WARN: Instance 'u_microprocessor_core/u_core/g591' has multiple input pins tied together to net 'u_microprocessor_core/u_core/n_4'.
**WARN: Instance 'u_microprocessor_core/u_core/g592' has multiple input pins tied together to net 'u_microprocessor_core/u_core/FE_PHN393_instruction_execute_11'.
**WARN: Instance 'u_microprocessor_core/u_core/g593' has multiple input pins tied together to net 'u_microprocessor_core/u_core/FE_RN_7'.
**WARN: Instance 'u_microprocessor_core/u_core/g593' has multiple input pins tied together to net 'u_microprocessor_core/u_core/n_2'.
**WARN: Instance 'u_microprocessor_core/u_core/g594' has multiple input pins tied together to net 'u_microprocessor_core/u_core/FE_RN_8'.
**WARN: Instance 'u_microprocessor_core/u_core/g594' has multiple input pins tied together to net 'u_microprocessor_core/u_core/n_1'.

------ Primitive Net DRC Check

WARNING : Net u_microprocessor_core/u_core/u_wbstage/UNCONNECTED_HIER_Z39 has no FanOut pin
WARNING : Net u_microprocessor_core/u_core/u_wbstage/UNCONNECTED_HIER_Z38 has no FanOut pin
WARNING : Net u_microprocessor_core/u_core/u_wbstage/UNCONNECTED_HIER_Z37 has no FanOut pin
WARNING : Net u_microprocessor_core/u_core/u_wbstage/UNCONNECTED_HIER_Z36 has no FanOut pin
WARNING : Net u_microprocessor_core/u_core/u_wbstage/UNCONNECTED_HIER_Z35 has no FanOut pin
WARNING : Net u_microprocessor_core/u_core/u_wbstage/UNCONNECTED_HIER_Z34 has no FanOut pin
WARNING : Net u_microprocessor_core/u_core/u_wbstage/UNCONNECTED_HIER_Z33 has no FanOut pin
WARNING : Net u_microprocessor_core/u_core/u_wbstage/UNCONNECTED_HIER_Z32 has no FanOut pin
WARNING : Net u_microprocessor_core/u_core/u_wbstage/UNCONNECTED_HIER_Z31 has no FanOut pin
WARNING : Net u_microprocessor_core/u_core/u_wbstage/UNCONNECTED_HIER_Z30 has no FanOut pin
WARNING : Net u_microprocessor_core/u_core/u_wbstage/UNCONNECTED_HIER_Z29 has no FanOut pin
WARNING : Net u_microprocessor_core/u_core/u_wbstage/UNCONNECTED_HIER_Z28 has no FanOut pin
WARNING : Net u_microprocessor_core/u_core/u_wbstage/UNCONNECTED_HIER_Z27 has no FanOut pin
WARNING : Net u_microprocessor_core/u_core/u_wbstage/UNCONNECTED_HIER_Z26 has no FanOut pin
WARNING : Net u_microprocessor_core/u_core/u_wbstage/UNCONNECTED_HIER_Z25 has no FanOut pin
WARNING : Net u_microprocessor_core/u_core/u_wbstage/UNCONNECTED_HIER_Z24 has no FanOut pin
WARNING : Net u_microprocessor_core/u_core/u_wbstage/UNCONNECTED_HIER_Z23 has no FanOut pin
WARNING : Net u_microprocessor_core/u_core/u_wbstage/UNCONNECTED_HIER_Z22 has no FanOut pin
WARNING : Net u_microprocessor_core/u_core/u_wbstage/UNCONNECTED_HIER_Z21 has no FanOut pin
WARNING : Net u_microprocessor_core/u_core/u_wbstage/UNCONNECTED_HIER_Z20 has no FanOut pin
WARNING : Net u_microprocessor_core/u_core/u_wbstage/UNCONNECTED_HIER_Z19 has no FanOut pin
WARNING : Net u_microprocessor_core/u_core/u_wbstage/UNCONNECTED_HIER_Z18 has no FanOut pin
WARNING : Net u_microprocessor_core/u_core/u_wbstage/UNCONNECTED_HIER_Z17 has no FanOut pin
WARNING : Net u_microprocessor_core/u_core/u_wbstage/UNCONNECTED_HIER_Z16 has no FanOut pin
WARNING : Net u_microprocessor_core/u_core/u_wbstage/UNCONNECTED_HIER_Z15 has no FanOut pin
WARNING : Net u_microprocessor_core/u_core/u_wbstage/UNCONNECTED_HIER_Z14 has no FanOut pin
WARNING : Net u_microprocessor_core/u_core/u_wbstage/UNCONNECTED_HIER_Z13 has no FanOut pin
WARNING : Net u_microprocessor_core/u_core/u_wbstage/UNCONNECTED_HIER_Z12 has no FanOut pin
WARNING : Net u_microprocessor_core/u_core/u_wbstage/UNCONNECTED_HIER_Z11 has no FanOut pin
WARNING : Net u_microprocessor_core/u_core/u_wbstage/UNCONNECTED_HIER_Z10 has no FanOut pin
WARNING : Net u_microprocessor_core/u_core/u_wbstage/UNCONNECTED_HIER_Z9 has no FanOut pin
WARNING : Net u_microprocessor_core/u_core/u_wbstage/UNCONNECTED_HIER_Z8 has no FanOut pin
WARNING : Net u_microprocessor_core/u_core/u_fetchpipeline/UNCONNECTED17 has no FanOut pin
WARNING : Net u_microprocessor_core/u_core/u_fetchpipeline/UNCONNECTED16 has no FanOut pin
WARNING : Net u_microprocessor_core/u_core/u_fetchpipeline/UNCONNECTED15 has no FanOut pin
WARNING : Net u_microprocessor_core/u_core/u_executestage/UNCONNECTED14 has no FanOut pin
WARNING : Net u_microprocessor_core/u_core/u_executepipeline/UNCONNECTED11 has no FanOut pin
WARNING : Net u_microprocessor_core/u_core/u_executepipeline/UNCONNECTED10 has no FanOut pin
WARNING : Net u_microprocessor_core/u_core/u_executepipeline/UNCONNECTED9 has no FanOut pin
WARNING : Net u_microprocessor_core/u_core/u_decodestage/u_regfile0/register[11][0] has no FanOut pin
WARNING : Net u_microprocessor_core/u_core/u_decodestage/u_regfile0/register[11][1] has no FanOut pin
WARNING : Net u_microprocessor_core/u_core/u_decodestage/u_regfile0/register[11][2] has no FanOut pin
WARNING : Net u_microprocessor_core/u_core/u_decodestage/u_regfile0/register[11][3] has no FanOut pin
WARNING : Net u_microprocessor_core/u_core/u_decodestage/u_regfile0/register[11][4] has no FanOut pin
WARNING : Net u_microprocessor_core/u_core/u_decodestage/u_regfile0/register[11][5] has no FanOut pin
WARNING : Net u_microprocessor_core/u_core/u_decodestage/u_regfile0/register[11][6] has no FanOut pin
WARNING : Net u_microprocessor_core/u_core/u_decodestage/u_regfile0/register[11][7] has no FanOut pin
WARNING : Net u_microprocessor_core/u_core/u_decodestage/u_regfile0/register[3][0] has no FanOut pin
WARNING : Net u_microprocessor_core/u_core/u_decodestage/u_regfile0/register[3][1] has no FanOut pin
WARNING : Net u_microprocessor_core/u_core/u_decodestage/u_regfile0/register[3][2] has no FanOut pin
WARNING : Net u_microprocessor_core/u_core/u_decodestage/u_regfile0/register[3][3] has no FanOut pin
WARNING : Net u_microprocessor_core/u_core/u_decodestage/u_regfile0/register[1][0] has no FanOut pin
WARNING : Net u_microprocessor_core/u_core/u_decodestage/u_regfile0/register[1][1] has no FanOut pin
WARNING : Net u_microprocessor_core/u_core/u_decodestage/u_regfile0/register[1][2] has no FanOut pin
WARNING : Net u_microprocessor_core/u_core/u_decodestage/u_regfile0/register[1][3] has no FanOut pin
WARNING : Net u_microprocessor_core/u_core/u_decodestage/u_regfile0/register[12][0] has no FanOut pin
WARNING : Net u_microprocessor_core/u_core/u_decodestage/u_regfile0/register[12][1] has no FanOut pin
WARNING : Net u_microprocessor_core/u_core/u_decodestage/u_regfile0/register[12][2] has no FanOut pin
WARNING : Net u_microprocessor_core/u_core/u_decodestage/u_regfile0/register[12][3] has no FanOut pin
WARNING : Net u_microprocessor_core/u_core/u_decodestage/u_regfile0/register[12][4] has no FanOut pin
WARNING : Net u_microprocessor_core/u_core/u_decodestage/u_regfile0/register[12][5] has no FanOut pin
WARNING : Net u_microprocessor_core/u_core/u_decodestage/u_regfile0/register[12][6] has no FanOut pin
WARNING : Net u_microprocessor_core/u_core/u_decodestage/u_regfile0/register[12][7] has no FanOut pin
WARNING : Net u_microprocessor_core/u_core/u_decodestage/u_regfile0/register[4][0] has no FanOut pin
WARNING : Net u_microprocessor_core/u_core/u_decodestage/u_regfile0/register[4][1] has no FanOut pin
WARNING : Net u_microprocessor_core/u_core/u_decodestage/u_regfile0/register[4][2] has no FanOut pin
WARNING : Net u_microprocessor_core/u_core/u_decodestage/u_regfile0/register[4][3] has no FanOut pin
WARNING : Net u_microprocessor_core/u_core/u_decodestage/u_regfile0/register[10][0] has no FanOut pin
WARNING : Net u_microprocessor_core/u_core/u_decodestage/u_regfile0/register[10][1] has no FanOut pin
WARNING : Net u_microprocessor_core/u_core/u_decodestage/u_regfile0/register[10][2] has no FanOut pin
WARNING : Net u_microprocessor_core/u_core/u_decodestage/u_regfile0/register[10][3] has no FanOut pin
WARNING : Net u_microprocessor_core/u_core/u_decodestage/u_regfile0/register[10][4] has no FanOut pin
WARNING : Net u_microprocessor_core/u_core/u_decodestage/u_regfile0/register[10][5] has no FanOut pin
WARNING : Net u_microprocessor_core/u_core/u_decodestage/u_regfile0/register[10][6] has no FanOut pin
WARNING : Net u_microprocessor_core/u_core/u_decodestage/u_regfile0/register[10][7] has no FanOut pin
WARNING : Net u_microprocessor_core/u_core/u_decodestage/u_regfile0/register[13][0] has no FanOut pin
WARNING : Net u_microprocessor_core/u_core/u_decodestage/u_regfile0/register[13][1] has no FanOut pin
WARNING : Net u_microprocessor_core/u_core/u_decodestage/u_regfile0/register[13][2] has no FanOut pin
WARNING : Net u_microprocessor_core/u_core/u_decodestage/u_regfile0/register[13][3] has no FanOut pin
WARNING : Net u_microprocessor_core/u_core/u_decodestage/u_regfile0/register[13][4] has no FanOut pin
WARNING : Net u_microprocessor_core/u_core/u_decodestage/u_regfile0/register[13][5] has no FanOut pin
WARNING : Net u_microprocessor_core/u_core/u_decodestage/u_regfile0/register[13][6] has no FanOut pin
WARNING : Net u_microprocessor_core/u_core/u_decodestage/u_regfile0/register[13][7] has no FanOut pin
WARNING : Net u_microprocessor_core/u_core/u_decodestage/u_regfile0/register[2][0] has no FanOut pin
WARNING : Net u_microprocessor_core/u_core/u_decodestage/u_regfile0/register[2][1] has no FanOut pin
WARNING : Net u_microprocessor_core/u_core/u_decodestage/u_regfile0/register[2][2] has no FanOut pin
WARNING : Net u_microprocessor_core/u_core/u_decodestage/u_regfile0/register[2][3] has no FanOut pin
WARNING : Net u_microprocessor_core/u_core/u_decodestage/u_cu0/UNCONNECTED_HIER_Z0 has no FanOut pin
WARNING : Net u_microprocessor_core/u_core/u_decodestage/u_cu0/UNCONNECTED_HIER_Z has no FanOut pin
WARNING : Net u_microprocessor_core/u_core/u_decodestage/UNCONNECTED_HIER_Z7 has no FanOut pin
WARNING : Net u_microprocessor_core/u_core/u_decodestage/UNCONNECTED_HIER_Z6 has no FanOut pin
WARNING : Net u_microprocessor_core/u_core/u_decodestage/UNCONNECTED_HIER_Z5 has no FanOut pin
WARNING : Net u_microprocessor_core/u_core/u_decodestage/UNCONNECTED_HIER_Z4 has no FanOut pin
WARNING : Net u_microprocessor_core/u_core/u_decodestage/UNCONNECTED_HIER_Z3 has no FanOut pin
WARNING : Net u_microprocessor_core/u_core/u_decodestage/UNCONNECTED_HIER_Z2 has no FanOut pin
WARNING : Net u_microprocessor_core/u_core/u_decodestage/UNCONNECTED_HIER_Z1 has no FanOut pin
WARNING : Net u_microprocessor_core/u_core/u_decodepipeline/UNCONNECTED1 has no FanOut pin
WARNING : Net u_microprocessor_core/u_core/u_decodepipeline/UNCONNECTED0 has no FanOut pin
WARNING : Net u_microprocessor_core/u_core/u_decodepipeline/UNCONNECTED has no FanOut pin
WARNING : Net u_microprocessor_core/u_core/UNCONNECTED_HIER_Z176 has no FanOut pin
WARNING : Net u_microprocessor_core/u_core/UNCONNECTED_HIER_Z175 has no FanOut pin
WARNING : Net u_microprocessor_core/u_core/UNCONNECTED_HIER_Z174 has no FanOut pin
WARNING : Net u_microprocessor_core/u_core/UNCONNECTED_HIER_Z173 has no FanOut pin
WARNING : Net u_microprocessor_core/u_core/UNCONNECTED_HIER_Z172 has no FanOut pin
WARNING : Net u_microprocessor_core/u_core/UNCONNECTED_HIER_Z171 has no FanOut pin
WARNING : Net u_microprocessor_core/u_core/UNCONNECTED_HIER_Z170 has no FanOut pin
WARNING : Net u_microprocessor_core/u_core/UNCONNECTED_HIER_Z169 has no FanOut pin
WARNING : Net u_microprocessor_core/u_core/UNCONNECTED_HIER_Z168 has no FanOut pin
WARNING : Net u_microprocessor_core/u_core/UNCONNECTED_HIER_Z167 has no FanOut pin
WARNING : Net u_microprocessor_core/u_core/UNCONNECTED_HIER_Z166 has no FanOut pin
WARNING : Net u_microprocessor_core/u_core/UNCONNECTED_HIER_Z165 has no FanOut pin
WARNING : Net u_microprocessor_core/u_core/UNCONNECTED_HIER_Z164 has no FanOut pin
WARNING : Net u_microprocessor_core/u_core/UNCONNECTED_HIER_Z163 has no FanOut pin
WARNING : Net u_microprocessor_core/u_core/UNCONNECTED_HIER_Z162 has no FanOut pin
WARNING : Net u_microprocessor_core/u_core/UNCONNECTED_HIER_Z161 has no FanOut pin
WARNING : Net u_microprocessor_core/u_core/UNCONNECTED_HIER_Z160 has no FanOut pin
WARNING : Net u_microprocessor_core/u_core/UNCONNECTED_HIER_Z159 has no FanOut pin
WARNING : Net u_microprocessor_core/u_core/UNCONNECTED_HIER_Z158 has no FanOut pin
WARNING : Net u_microprocessor_core/u_core/UNCONNECTED_HIER_Z157 has no FanOut pin
WARNING : Net u_microprocessor_core/u_core/UNCONNECTED_HIER_Z156 has no FanOut pin
WARNING : Net u_microprocessor_core/u_core/UNCONNECTED_HIER_Z155 has no FanOut pin
WARNING : Net u_microprocessor_core/u_core/UNCONNECTED_HIER_Z154 has no FanOut pin
WARNING : Net u_microprocessor_core/u_core/UNCONNECTED_HIER_Z153 has no FanOut pin
WARNING : Net u_microprocessor_core/u_core/UNCONNECTED_HIER_Z152 has no FanOut pin
WARNING : Net u_microprocessor_core/u_core/UNCONNECTED_HIER_Z151 has no FanOut pin
WARNING : Net u_microprocessor_core/u_core/UNCONNECTED_HIER_Z150 has no FanOut pin
WARNING : Net u_microprocessor_core/u_core/UNCONNECTED_HIER_Z149 has no FanOut pin
WARNING : Net u_microprocessor_core/u_core/UNCONNECTED_HIER_Z148 has no FanOut pin
WARNING : Net u_microprocessor_core/u_core/UNCONNECTED_HIER_Z147 has no FanOut pin
WARNING : Net u_microprocessor_core/u_core/UNCONNECTED_HIER_Z146 has no FanOut pin
WARNING : Net u_microprocessor_core/u_core/UNCONNECTED_HIER_Z145 has no FanOut pin
WARNING : Net u_microprocessor_core/u_core/UNCONNECTED_HIER_Z144 has no FanOut pin
WARNING : Net u_microprocessor_core/u_core/UNCONNECTED_HIER_Z143 has no FanOut pin
WARNING : Net u_microprocessor_core/u_core/UNCONNECTED_HIER_Z142 has no FanOut pin
WARNING : Net u_microprocessor_core/u_core/UNCONNECTED_HIER_Z141 has no FanOut pin
WARNING : Net u_microprocessor_core/u_core/UNCONNECTED_HIER_Z140 has no FanOut pin
WARNING : Net u_microprocessor_core/u_core/UNCONNECTED_HIER_Z139 has no FanOut pin
WARNING : Net u_microprocessor_core/u_core/UNCONNECTED_HIER_Z138 has no FanOut pin
WARNING : Net u_microprocessor_core/u_core/UNCONNECTED_HIER_Z137 has no FanOut pin
WARNING : Net u_microprocessor_core/u_core/UNCONNECTED_HIER_Z136 has no FanOut pin
WARNING : Net u_microprocessor_core/u_core/UNCONNECTED_HIER_Z135 has no FanOut pin
WARNING : Net u_microprocessor_core/u_core/UNCONNECTED_HIER_Z134 has no FanOut pin
WARNING : Net u_microprocessor_core/u_core/UNCONNECTED_HIER_Z133 has no FanOut pin
WARNING : Net u_microprocessor_core/u_core/UNCONNECTED_HIER_Z132 has no FanOut pin
WARNING : Net u_microprocessor_core/u_core/UNCONNECTED_HIER_Z131 has no FanOut pin
WARNING : Net u_microprocessor_core/u_core/UNCONNECTED_HIER_Z130 has no FanOut pin
WARNING : Net u_microprocessor_core/u_core/UNCONNECTED_HIER_Z129 has no FanOut pin
WARNING : Net u_microprocessor_core/u_core/UNCONNECTED_HIER_Z128 has no FanOut pin
WARNING : Net u_microprocessor_core/u_core/UNCONNECTED_HIER_Z127 has no FanOut pin
WARNING : Net u_microprocessor_core/u_core/UNCONNECTED_HIER_Z126 has no FanOut pin
WARNING : Net u_microprocessor_core/u_core/UNCONNECTED_HIER_Z125 has no FanOut pin
WARNING : Net u_microprocessor_core/u_core/UNCONNECTED_HIER_Z124 has no FanOut pin
WARNING : Net u_microprocessor_core/u_core/UNCONNECTED_HIER_Z123 has no FanOut pin
WARNING : Net u_microprocessor_core/u_core/UNCONNECTED_HIER_Z122 has no FanOut pin
WARNING : Net u_microprocessor_core/u_core/UNCONNECTED_HIER_Z121 has no FanOut pin
WARNING : Net u_microprocessor_core/u_core/UNCONNECTED_HIER_Z120 has no FanOut pin
WARNING : Net u_microprocessor_core/u_core/UNCONNECTED_HIER_Z119 has no FanOut pin
WARNING : Net u_microprocessor_core/u_core/UNCONNECTED_HIER_Z118 has no FanOut pin
WARNING : Net u_microprocessor_core/u_core/UNCONNECTED_HIER_Z117 has no FanOut pin
WARNING : Net u_microprocessor_core/u_core/UNCONNECTED_HIER_Z116 has no FanOut pin
WARNING : Net u_microprocessor_core/u_core/UNCONNECTED_HIER_Z115 has no FanOut pin
WARNING : Net u_microprocessor_core/u_core/UNCONNECTED_HIER_Z114 has no FanOut pin
WARNING : Net u_microprocessor_core/u_core/UNCONNECTED_HIER_Z113 has no FanOut pin
WARNING : Net u_microprocessor_core/u_core/UNCONNECTED_HIER_Z112 has no FanOut pin
WARNING : Net u_microprocessor_core/u_core/UNCONNECTED_HIER_Z111 has no FanOut pin
WARNING : Net u_microprocessor_core/u_core/UNCONNECTED_HIER_Z110 has no FanOut pin
WARNING : Net u_microprocessor_core/u_core/UNCONNECTED_HIER_Z109 has no FanOut pin
WARNING : Net u_microprocessor_core/u_core/UNCONNECTED_HIER_Z108 has no FanOut pin
WARNING : Net u_microprocessor_core/u_core/UNCONNECTED_HIER_Z107 has no FanOut pin
WARNING : Net u_microprocessor_core/u_core/UNCONNECTED_HIER_Z106 has no FanOut pin
WARNING : Net u_microprocessor_core/u_core/UNCONNECTED_HIER_Z105 has no FanOut pin
WARNING : Net u_microprocessor_core/u_core/UNCONNECTED_HIER_Z104 has no FanOut pin
WARNING : Net u_microprocessor_core/u_core/UNCONNECTED_HIER_Z103 has no FanOut pin
WARNING : Net u_microprocessor_core/u_core/UNCONNECTED_HIER_Z102 has no FanOut pin
WARNING : Net u_microprocessor_core/u_core/UNCONNECTED_HIER_Z101 has no FanOut pin
WARNING : Net u_microprocessor_core/u_core/UNCONNECTED_HIER_Z100 has no FanOut pin
WARNING : Net u_microprocessor_core/u_core/UNCONNECTED_HIER_Z99 has no FanOut pin
WARNING : Net u_microprocessor_core/u_core/UNCONNECTED_HIER_Z98 has no FanOut pin
WARNING : Net u_microprocessor_core/u_core/UNCONNECTED_HIER_Z97 has no FanOut pin
WARNING : Net u_microprocessor_core/u_core/UNCONNECTED_HIER_Z96 has no FanOut pin
WARNING : Net u_microprocessor_core/u_core/UNCONNECTED_HIER_Z95 has no FanOut pin
WARNING : Net u_microprocessor_core/u_core/UNCONNECTED_HIER_Z94 has no FanOut pin
WARNING : Net u_microprocessor_core/u_core/UNCONNECTED_HIER_Z93 has no FanOut pin
WARNING : Net u_microprocessor_core/u_core/UNCONNECTED_HIER_Z92 has no FanOut pin
WARNING : Net u_microprocessor_core/u_core/UNCONNECTED_HIER_Z91 has no FanOut pin
WARNING : Net u_microprocessor_core/u_core/UNCONNECTED_HIER_Z90 has no FanOut pin
WARNING : Net u_microprocessor_core/u_core/UNCONNECTED_HIER_Z89 has no FanOut pin
WARNING : Net u_microprocessor_core/u_core/UNCONNECTED_HIER_Z88 has no FanOut pin
WARNING : Net u_microprocessor_core/u_core/UNCONNECTED_HIER_Z87 has no FanOut pin
WARNING : Net u_microprocessor_core/u_core/UNCONNECTED_HIER_Z86 has no FanOut pin
WARNING : Net u_microprocessor_core/u_core/UNCONNECTED_HIER_Z85 has no FanOut pin
WARNING : Net u_microprocessor_core/u_core/UNCONNECTED_HIER_Z84 has no FanOut pin
WARNING : Net u_microprocessor_core/u_core/UNCONNECTED_HIER_Z83 has no FanOut pin
WARNING : Net u_microprocessor_core/u_core/UNCONNECTED_HIER_Z82 has no FanOut pin
WARNING : Net u_microprocessor_core/u_core/UNCONNECTED_HIER_Z81 has no FanOut pin
WARNING : Net u_microprocessor_core/u_core/UNCONNECTED_HIER_Z80 has no FanOut pin
WARNING : Net u_microprocessor_core/u_core/UNCONNECTED_HIER_Z79 has no FanOut pin
WARNING : Net u_microprocessor_core/u_core/UNCONNECTED_HIER_Z78 has no FanOut pin
WARNING : Net u_microprocessor_core/u_core/UNCONNECTED_HIER_Z77 has no FanOut pin
WARNING : Net u_microprocessor_core/u_core/UNCONNECTED_HIER_Z76 has no FanOut pin
WARNING : Net u_microprocessor_core/u_core/UNCONNECTED_HIER_Z75 has no FanOut pin
WARNING : Net u_microprocessor_core/u_core/UNCONNECTED_HIER_Z74 has no FanOut pin
WARNING : Net u_microprocessor_core/u_core/UNCONNECTED_HIER_Z73 has no FanOut pin
WARNING : Net u_microprocessor_core/u_core/UNCONNECTED_HIER_Z72 has no FanOut pin
WARNING : Net u_microprocessor_core/u_core/UNCONNECTED_HIER_Z71 has no FanOut pin
WARNING : Net u_microprocessor_core/u_core/UNCONNECTED_HIER_Z70 has no FanOut pin
WARNING : Net u_microprocessor_core/u_core/UNCONNECTED_HIER_Z69 has no FanOut pin
WARNING : Net u_microprocessor_core/u_core/UNCONNECTED_HIER_Z68 has no FanOut pin
WARNING : Net u_microprocessor_core/u_core/UNCONNECTED_HIER_Z67 has no FanOut pin
WARNING : Net u_microprocessor_core/u_core/UNCONNECTED_HIER_Z66 has no FanOut pin
WARNING : Net u_microprocessor_core/u_core/UNCONNECTED_HIER_Z65 has no FanOut pin
WARNING : Net u_microprocessor_core/u_core/UNCONNECTED_HIER_Z64 has no FanOut pin
WARNING : Net u_microprocessor_core/u_core/UNCONNECTED_HIER_Z63 has no FanOut pin
WARNING : Net u_microprocessor_core/u_core/UNCONNECTED_HIER_Z62 has no FanOut pin
WARNING : Net u_microprocessor_core/u_core/UNCONNECTED_HIER_Z61 has no FanOut pin
WARNING : Net u_microprocessor_core/u_core/UNCONNECTED_HIER_Z60 has no FanOut pin
WARNING : Net u_microprocessor_core/u_core/UNCONNECTED_HIER_Z59 has no FanOut pin
WARNING : Net u_microprocessor_core/u_core/UNCONNECTED_HIER_Z58 has no FanOut pin
WARNING : Net u_microprocessor_core/u_core/UNCONNECTED_HIER_Z57 has no FanOut pin
WARNING : Net u_microprocessor_core/u_core/UNCONNECTED_HIER_Z56 has no FanOut pin
WARNING : Net u_microprocessor_core/u_core/UNCONNECTED_HIER_Z55 has no FanOut pin
WARNING : Net u_microprocessor_core/u_core/UNCONNECTED_HIER_Z54 has no FanOut pin
WARNING : Net u_microprocessor_core/u_core/UNCONNECTED_HIER_Z53 has no FanOut pin
WARNING : Net u_microprocessor_core/u_core/UNCONNECTED_HIER_Z52 has no FanOut pin
WARNING : Net u_microprocessor_core/u_core/UNCONNECTED_HIER_Z51 has no FanOut pin
WARNING : Net u_microprocessor_core/u_core/UNCONNECTED_HIER_Z50 has no FanOut pin
WARNING : Net u_microprocessor_core/u_core/UNCONNECTED_HIER_Z49 has no FanOut pin
WARNING : Net u_microprocessor_core/u_core/UNCONNECTED_HIER_Z48 has no FanOut pin
WARNING : Net u_microprocessor_core/u_core/UNCONNECTED_HIER_Z47 has no FanOut pin
WARNING : Net u_microprocessor_core/u_core/UNCONNECTED_HIER_Z46 has no FanOut pin
WARNING : Net u_microprocessor_core/u_core/UNCONNECTED_HIER_Z45 has no FanOut pin
WARNING : Net u_microprocessor_core/u_core/UNCONNECTED_HIER_Z44 has no FanOut pin
WARNING : Net u_microprocessor_core/u_core/UNCONNECTED_HIER_Z43 has no FanOut pin
WARNING : Net u_microprocessor_core/u_core/UNCONNECTED_HIER_Z42 has no FanOut pin
WARNING : Net u_microprocessor_core/u_core/UNCONNECTED_HIER_Z41 has no FanOut pin
WARNING : Net u_microprocessor_core/u_core/UNCONNECTED_HIER_Z40 has no FanOut pin
WARNING : Net u_microprocessor_core/u_core/UNCONNECTED95 has no FanOut pin
WARNING : Net u_microprocessor_core/u_core/pre_address_wb[0] has no FanOut pin
WARNING : Net u_microprocessor_core/u_core/pre_address_wb[1] has no FanOut pin
WARNING : Net u_microprocessor_core/u_core/pre_address_wb[2] has no FanOut pin
WARNING : Net u_microprocessor_core/u_core/pre_address_wb[3] has no FanOut pin
WARNING : Net u_microprocessor_core/u_core/pre_address_wb[4] has no FanOut pin
WARNING : Net u_microprocessor_core/u_core/pre_address_wb[5] has no FanOut pin
WARNING : Net u_microprocessor_core/u_core/pre_address_wb[6] has no FanOut pin
WARNING : Net u_microprocessor_core/u_core/pre_address_wb[7] has no FanOut pin
WARNING : Net u_microprocessor_core/u_core/pre_address_wb[8] has no FanOut pin
WARNING : Net u_microprocessor_core/u_core/pre_address_wb[9] has no FanOut pin
WARNING : Net u_microprocessor_core/u_core/pre_address_wb[10] has no FanOut pin
WARNING : Net u_microprocessor_core/u_core/pre_address_wb[11] has no FanOut pin
WARNING : Net u_microprocessor_core/u_core/pre_address_wb[12] has no FanOut pin
WARNING : Net u_microprocessor_core/u_core/pre_address_wb[13] has no FanOut pin
WARNING : Net u_microprocessor_core/u_core/pre_address_wb[14] has no FanOut pin
WARNING : Net u_microprocessor_core/u_core/pre_address_wb[15] has no FanOut pin
WARNING : Net u_microprocessor_core/u_core/pre_address_wb[16] has no FanOut pin
WARNING : Net u_microprocessor_core/u_core/pre_address_wb[17] has no FanOut pin
WARNING : Net u_microprocessor_core/u_core/pre_address_wb[18] has no FanOut pin
WARNING : Net u_microprocessor_core/u_core/pre_address_wb[19] has no FanOut pin
WARNING : Net u_microprocessor_core/u_core/pre_address_wb[20] has no FanOut pin
WARNING : Net u_microprocessor_core/u_core/pre_address_wb[21] has no FanOut pin
WARNING : Net u_microprocessor_core/u_core/pre_address_wb[22] has no FanOut pin
WARNING : Net u_microprocessor_core/u_core/pre_address_wb[23] has no FanOut pin
WARNING : Net u_microprocessor_core/u_core/pre_address_wb[24] has no FanOut pin
WARNING : Net u_microprocessor_core/u_core/pre_address_wb[25] has no FanOut pin
WARNING : Net u_microprocessor_core/u_core/pre_address_wb[26] has no FanOut pin
WARNING : Net u_microprocessor_core/u_core/pre_address_wb[27] has no FanOut pin
WARNING : Net u_microprocessor_core/u_core/pre_address_wb[28] has no FanOut pin
WARNING : Net u_microprocessor_core/u_core/pre_address_wb[29] has no FanOut pin
WARNING : Net u_microprocessor_core/u_core/pre_address_wb[30] has no FanOut pin
WARNING : Net u_microprocessor_core/u_core/pre_address_wb[31] has no FanOut pin
WARNING : Net u_microprocessor_core/u_core/instruction_wb[0] has no FanOut pin
WARNING : Net u_microprocessor_core/u_core/instruction_wb[1] has no FanOut pin
WARNING : Net u_microprocessor_core/u_core/instruction_wb[2] has no FanOut pin
WARNING : Net u_microprocessor_core/u_core/instruction_wb[3] has no FanOut pin
WARNING : Net u_microprocessor_core/u_core/instruction_wb[4] has no FanOut pin
WARNING : Net u_microprocessor_core/u_core/instruction_wb[5] has no FanOut pin
WARNING : Net u_microprocessor_core/u_core/instruction_wb[6] has no FanOut pin
WARNING : Net u_microprocessor_core/u_core/instruction_wb[7] has no FanOut pin
WARNING : Net u_microprocessor_core/u_core/instruction_wb[8] has no FanOut pin
WARNING : Net u_microprocessor_core/u_core/instruction_wb[9] has no FanOut pin
WARNING : Net u_microprocessor_core/u_core/instruction_wb[10] has no FanOut pin
WARNING : Net u_microprocessor_core/u_core/instruction_wb[11] has no FanOut pin
WARNING : Net u_microprocessor_core/u_core/instruction_wb[12] has no FanOut pin
WARNING : Net u_microprocessor_core/u_core/instruction_wb[13] has no FanOut pin
WARNING : Net u_microprocessor_core/u_core/instruction_wb[14] has no FanOut pin
WARNING : Net u_microprocessor_core/u_core/instruction_wb[15] has no FanOut pin
WARNING : Net u_microprocessor_core/u_core/instruction_wb[16] has no FanOut pin
WARNING : Net u_microprocessor_core/u_core/instruction_wb[17] has no FanOut pin
WARNING : Net u_microprocessor_core/u_core/instruction_wb[18] has no FanOut pin
WARNING : Net u_microprocessor_core/u_core/instruction_wb[19] has no FanOut pin
WARNING : Net u_microprocessor_core/u_core/instruction_wb[20] has no FanOut pin
WARNING : Net u_microprocessor_core/u_core/instruction_wb[21] has no FanOut pin
WARNING : Net u_microprocessor_core/u_core/instruction_wb[22] has no FanOut pin
WARNING : Net u_microprocessor_core/u_core/instruction_wb[23] has no FanOut pin
WARNING : Net u_microprocessor_core/u_core/instruction_wb[24] has no FanOut pin
WARNING : Net u_microprocessor_core/u_core/instruction_wb[25] has no FanOut pin
WARNING : Net u_microprocessor_core/u_core/instruction_wb[26] has no FanOut pin
WARNING : Net u_microprocessor_core/u_core/instruction_wb[27] has no FanOut pin
WARNING : Net u_microprocessor_core/u_core/instruction_wb[28] has no FanOut pin
WARNING : Net u_microprocessor_core/u_core/instruction_wb[29] has no FanOut pin
WARNING : Net u_microprocessor_core/u_core/instruction_wb[30] has no FanOut pin
WARNING : Net u_microprocessor_core/u_core/instruction_wb[31] has no FanOut pin
WARNING : Net u_microprocessor_core/u_core/next_sel_address_execute[0] has no FanOut pin
WARNING : Net u_microprocessor_core/u_core/next_sel_address_execute[1] has no FanOut pin
WARNING : Net u_microprocessor_core/u_core/next_sel_address_execute[2] has no FanOut pin
WARNING : Net u_microprocessor_core/u_core/alu_res_out_execute[0] has no FanOut pin
WARNING : Net u_microprocessor_core/u_core/alu_res_out_execute[1] has no FanOut pin
WARNING : Net u_microprocessor_core/u_core/alu_res_out_execute[2] has no FanOut pin
WARNING : Net u_microprocessor_core/u_core/alu_res_out_execute[3] has no FanOut pin
WARNING : Net u_microprocessor_core/u_core/alu_res_out_execute[4] has no FanOut pin
WARNING : Net u_microprocessor_core/u_core/alu_res_out_execute[5] has no FanOut pin
WARNING : Net u_microprocessor_core/u_core/alu_res_out_execute[6] has no FanOut pin
WARNING : Net u_microprocessor_core/u_core/alu_res_out_execute[7] has no FanOut pin
WARNING : Net u_microprocessor_core/u_core/alu_in_b[0] has no FanOut pin
WARNING : Net u_microprocessor_core/u_core/alu_in_b[1] has no FanOut pin
WARNING : Net u_microprocessor_core/u_core/alu_in_b[2] has no FanOut pin
WARNING : Net u_microprocessor_core/u_core/alu_in_b[3] has no FanOut pin
WARNING : Net u_microprocessor_core/u_core/alu_in_b[4] has no FanOut pin
WARNING : Net u_microprocessor_core/u_core/alu_in_b[5] has no FanOut pin
WARNING : Net u_microprocessor_core/u_core/alu_in_b[6] has no FanOut pin
WARNING : Net u_microprocessor_core/u_core/alu_in_b[7] has no FanOut pin
WARNING : Net u_microprocessor_core/u_core/alu_in_a[0] has no FanOut pin
WARNING : Net u_microprocessor_core/u_core/alu_in_a[1] has no FanOut pin
WARNING : Net u_microprocessor_core/u_core/alu_in_a[2] has no FanOut pin
WARNING : Net u_microprocessor_core/u_core/alu_in_a[3] has no FanOut pin
WARNING : Net u_microprocessor_core/u_core/alu_in_a[4] has no FanOut pin
WARNING : Net u_microprocessor_core/u_core/alu_in_a[5] has no FanOut pin
WARNING : Net u_microprocessor_core/u_core/alu_in_a[6] has no FanOut pin
WARNING : Net u_microprocessor_core/u_core/alu_in_a[7] has no FanOut pin
WARNING : Net u_microprocessor_core/u_core/alu_res_out_memstage[0] has no FanOut pin
WARNING : Net u_microprocessor_core/u_core/alu_res_out_memstage[1] has no FanOut pin
WARNING : Net u_microprocessor_core/u_core/alu_res_out_memstage[2] has no FanOut pin
WARNING : Net u_microprocessor_core/u_core/alu_res_out_memstage[3] has no FanOut pin
WARNING : Net u_microprocessor_core/u_core/alu_res_out_memstage[4] has no FanOut pin
WARNING : Net u_microprocessor_core/u_core/alu_res_out_memstage[5] has no FanOut pin
WARNING : Net u_microprocessor_core/u_core/alu_res_out_memstage[6] has no FanOut pin
WARNING : Net u_microprocessor_core/u_core/alu_res_out_memstage[7] has no FanOut pin
WARNING : Net u_microprocessor_core/u_core/alu_res_out_memstage[8] has no FanOut pin
WARNING : Net u_microprocessor_core/u_core/alu_res_out_memstage[9] has no FanOut pin
WARNING : Net u_microprocessor_core/u_core/alu_res_out_memstage[10] has no FanOut pin
WARNING : Net u_microprocessor_core/u_core/alu_res_out_memstage[11] has no FanOut pin
WARNING : Net u_microprocessor_core/u_core/alu_res_out_memstage[12] has no FanOut pin
WARNING : Net u_microprocessor_core/u_core/alu_res_out_memstage[13] has no FanOut pin
WARNING : Net u_microprocessor_core/u_core/alu_res_out_memstage[14] has no FanOut pin
WARNING : Net u_microprocessor_core/u_core/alu_res_out_memstage[15] has no FanOut pin
WARNING : Net u_microprocessor_core/u_core/alu_res_out_memstage[16] has no FanOut pin
WARNING : Net u_microprocessor_core/u_core/alu_res_out_memstage[17] has no FanOut pin
WARNING : Net u_microprocessor_core/u_core/alu_res_out_memstage[18] has no FanOut pin
WARNING : Net u_microprocessor_core/u_core/alu_res_out_memstage[19] has no FanOut pin
WARNING : Net u_microprocessor_core/u_core/alu_res_out_memstage[20] has no FanOut pin
WARNING : Net u_microprocessor_core/u_core/alu_res_out_memstage[21] has no FanOut pin
WARNING : Net u_microprocessor_core/u_core/alu_res_out_memstage[22] has no FanOut pin
WARNING : Net u_microprocessor_core/u_core/alu_res_out_memstage[23] has no FanOut pin
WARNING : Net u_microprocessor_core/u_core/alu_res_out_memstage[24] has no FanOut pin
WARNING : Net u_microprocessor_core/u_core/alu_res_out_memstage[25] has no FanOut pin
WARNING : Net u_microprocessor_core/u_core/alu_res_out_memstage[26] has no FanOut pin
WARNING : Net u_microprocessor_core/u_core/alu_res_out_memstage[27] has no FanOut pin
WARNING : Net u_microprocessor_core/u_core/alu_res_out_memstage[28] has no FanOut pin
WARNING : Net u_microprocessor_core/u_core/alu_res_out_memstage[29] has no FanOut pin
WARNING : Net u_microprocessor_core/u_core/alu_res_out_memstage[30] has no FanOut pin
WARNING : Net u_microprocessor_core/u_core/alu_res_out_memstage[31] has no FanOut pin
WARNING : Net u_microprocessor_core/u_core/pre_pc_addr_decode[2] has no FanOut pin
WARNING : Net u_microprocessor_core/u_core/pre_pc_addr_decode[3] has no FanOut pin
WARNING : Net u_microprocessor_core/u_core/pre_pc_addr_decode[4] has no FanOut pin
WARNING : Net u_microprocessor_core/u_core/pre_pc_addr_decode[5] has no FanOut pin
WARNING : Net u_microprocessor_core/u_core/pre_pc_addr_decode[6] has no FanOut pin
WARNING : Net u_microprocessor_core/u_core/pre_pc_addr_decode[7] has no FanOut pin
WARNING : Net u_microprocessor_core/u_core/pre_pc_addr_decode[8] has no FanOut pin
WARNING : Net u_microprocessor_core/u_core/alu_control_decode[4] has no FanOut pin
WARNING : Net u_microprocessor_core/UNCONNECTED_HIER_Z180 has no FanOut pin
WARNING : Net u_microprocessor_core/UNCONNECTED_HIER_Z179 has no FanOut pin
WARNING : Net u_microprocessor_core/UNCONNECTED_HIER_Z178 has no FanOut pin
WARNING : Net u_microprocessor_core/UNCONNECTED_HIER_Z177 has no FanOut pin
WARNING : Net u_microprocessor_core/UNCONNECTED172 has no FanOut pin
WARNING : Net u_microprocessor_core/control_status[7] has no FanOut pin
WARNING : Net u_microprocessor_core/control_status[8] has no FanOut pin
WARNING : Net u_microprocessor_core/control_status[9] has no FanOut pin
WARNING : Net u_microprocessor_core/control_status[10] has no FanOut pin
WARNING : Net u_microprocessor_core/control_status[11] has no FanOut pin
WARNING : Net u_microprocessor_core/control_status[14] has no FanOut pin
WARNING : Net u_microprocessor_core/ifid_pc_word[7] has no FanOut pin
WARNING : Net u_microprocessor_core/instruction_data[0] has no FanOut pin
WARNING : Net u_microprocessor_core/instruction_data[1] has no FanOut pin
WARNING : Net u_microprocessor_core/instruction_data[27] has no FanOut pin
WARNING : Net u_microprocessor_core/instruction_data[29] has no FanOut pin
WARNING : Net u_microprocessor_core/u_data_memory/u_memory/CTS_8 has 100 fanout
WARNING : Net u_microprocessor_core/u_data_memory/u_memory/CTS_9 has 100 fanout
WARNING : Net u_microprocessor_core/u_data_memory/u_memory/CTS_1 has 100 fanout
WARNING : Net u_microprocessor_core/u_data_memory/u_memory/CTS_2 has 100 fanout
WARNING : Net u_microprocessor_core/u_data_memory/u_memory/CTS_3 has 100 fanout
WARNING : Net u_microprocessor_core/u_data_memory/u_memory/CTS_4 has 100 fanout
WARNING : Net u_microprocessor_core/u_data_memory/u_memory/CTS_5 has 100 fanout
WARNING : Net u_microprocessor_core/u_data_memory/u_memory/CTS_6 has 100 fanout
WARNING : Net u_microprocessor_core/u_core/u_fetchpipeline/n_7 has 60 fanout
WARNING : Net u_microprocessor_core/u_core/u_fetchpipeline/n_6 has 64 fanout
WARNING : Net u_microprocessor_core/u_core/u_executestage/u_alu0/n_4 has 59 fanout
WARNING : Net u_microprocessor_core/u_core/u_executestage/u_alu0/FE_DBTN15_alu_mem_bytes_8 has 72 fanout
WARNING : Net u_microprocessor_core/u_core/u_executestage/u_alu0/FE_DBTN17_alu_mem_bytes_10 has 71 fanout
WARNING : Net u_microprocessor_core/u_core/u_executestage/u_alu0/FE_OFN70_alu_mem_bytes_9 has 62 fanout
WARNING : Net u_microprocessor_core/u_core/u_executestage/u_alu0/FE_OFN171_FE_DBTN16_alu_mem_bytes_9 has 55 fanout
WARNING : Net u_microprocessor_core/u_core/u_executestage/u_alu0/FE_OFN174_alu_mem_bytes_8 has 63 fanout
WARNING : Net u_microprocessor_core/u_core/u_decodestage/u_regfile0/FE_OFN11_rst has 53 fanout
WARNING : Net u_microprocessor_core/u_core/u_decodestage/u_regfile0/FE_OFN12_rst has 58 fanout
WARNING : Net u_microprocessor_core/u_core/u_decodestage/u_regfile0/FE_OFN13_rst has 64 fanout
WARNING : Net u_microprocessor_core/u_core/u_decodestage/u_regfile0/FE_OFN20_rst has 58 fanout
WARNING : Net u_microprocessor_core/u_core/u_decodestage/u_regfile0/FE_OFN22_rst has 62 fanout
WARNING : Net u_microprocessor_core/u_core/u_decodestage/u_regfile0/FE_OFN26_rst has 65 fanout
WARNING : Net u_microprocessor_core/u_core/u_decodestage/u_regfile0/FE_OFN32_rst has 66 fanout
WARNING : Net u_microprocessor_core/u_core/u_decodestage/u_regfile0/CTS_4 has 100 fanout
WARNING : Net u_microprocessor_core/u_core/u_decodestage/u_regfile0/CTS_5 has 100 fanout
WARNING : Net u_microprocessor_core/u_core/u_decodestage/u_regfile0/CTS_1 has 100 fanout
WARNING : Net u_microprocessor_core/u_core/u_decodestage/u_regfile0/CTS_2 has 100 fanout
WARNING : Net u_microprocessor_core/u_core/u_decodepipeline/FE_OFN34_FE_DBTN13_n_163 has 75 fanout
WARNING : Net u_microprocessor_core/u_core/u_decodepipeline/FE_OFN172_FE_DBTN13_n_163 has 75 fanout
WARNING : Net u_microprocessor_core/u_core/FE_DBTN13_n_163 has 56 fanout
WARNING : Net u_microprocessor_core/u_core/FE_OFN2_rst has 63 fanout
WARNING : Net u_microprocessor_core/u_core/FE_OFN5_rst has 55 fanout
WARNING : Net u_microprocessor_core/u_core/FE_OFN7_rst has 53 fanout
WARNING : Net u_microprocessor_core/u_core/FE_OFN16_rst has 64 fanout
WARNING : Net u_microprocessor_core/u_core/FE_OFN17_rst has 55 fanout
WARNING : Net u_microprocessor_core/u_core/FE_OFN18_rst has 57 fanout
WARNING : Net u_microprocessor_core/u_core/FE_OFN19_rst has 60 fanout
WARNING : Net u_microprocessor_core/u_core/FE_OFN21_rst has 54 fanout
WARNING : Net u_microprocessor_core/u_core/FE_OFN27_rst has 60 fanout
WARNING : Net u_microprocessor_core/u_core/FE_OFN29_rst has 67 fanout
WARNING : Net u_microprocessor_core/u_core/CTS_4 has 100 fanout
WARNING : Net u_microprocessor_core/u_core/CTS_5 has 100 fanout
WARNING : Net u_microprocessor_core/u_core/CTS_1 has 100 fanout
WARNING : Net u_microprocessor_core/u_core/CTS_2 has 100 fanout
WARNING : Net u_microprocessor_core/alu_mem_bytes[10] has 70 fanout
WARNING : Net u_microprocessor_core/FE_OFN0_rst has 59 fanout
WARNING : Net u_microprocessor_core/FE_OFN4_rst has 55 fanout
WARNING : Net u_microprocessor_core/FE_OFN8_rst has 65 fanout
WARNING : Net u_microprocessor_core/FE_OFN10_rst has 75 fanout
WARNING : Net u_microprocessor_core/FE_OFN14_rst has 66 fanout
WARNING : Net u_microprocessor_core/FE_OFN24_rst has 64 fanout
WARNING : Net u_microprocessor_core/FE_OFN28_rst has 53 fanout
WARNING : Net u_microprocessor_core/CTS_11 has 100 fanout
WARNING : Net u_microprocessor_core/CTS_12 has 100 fanout
WARNING : Net u_microprocessor_core/CTS_1 has 100 fanout
WARNING : Net u_microprocessor_core/CTS_2 has 92 fanout
WARNING : Net u_microprocessor_core/CTS_3 has 100 fanout
WARNING : Net u_microprocessor_core/CTS_4 has 100 fanout
WARNING : Net u_microprocessor_core/CTS_5 has 100 fanout
WARNING : Net u_microprocessor_core/CTS_6 has 100 fanout
WARNING : Net u_microprocessor_core/CTS_7 has 100 fanout
WARNING : Net u_microprocessor_core/CTS_8 has 100 fanout
WARNING : Net u_microprocessor_core/CTS_9 has 100 fanout

