Command: report datapath > reports/map/microprocessor_pad_top_datapath.rpt
============================================================
  Generated by:           Genus(TM) Synthesis Solution 21.19-s055_1
  Generated on:           Apr 14 2026  05:03:25 pm
  Module:                 microprocessor_pad_top
  Technology libraries:   tsl18fs120_scl_ss 1
                          tsl18cio150_max 1.0
                          tsl18fs120_scl_ss 1
                          tsl18cio150_max 1.0
  Operating conditions:   tsl18cio150_max (worst_case_tree)
  Wireload mode:          enclosed
  Area mode:              timing library
============================================================


      Type        CellArea Percentage 
--------------------------------------
datapath modules      0.00       0.00 
external muxes        0.00       0.00 
others           372618.47     100.00 
--------------------------------------
total            372618.47     100.00 

