
Cadence Innovus(TM) Implementation System.
Copyright 2021 Cadence Design Systems, Inc. All rights reserved worldwide.

Version:	v21.19-s058_1, built Thu Apr 4 09:59:17 PDT 2024
Options:	
Date:		Tue Apr 14 18:37:21 2026
Host:		vlsi.iitgn.ac.in (x86_64 w/Linux 3.10.0-693.el7.x86_64) (20cores*80cpus*Intel(R) Xeon(R) CPU E5-2698 v4 @ 2.20GHz 51200KB)
OS:		CentOS Linux 7 (Core)

License:
		[18:37:21.427954] Configured Lic search path (21.01-s002): 5280@14.139.1.126:1717@14.139.1.126

		invs	Innovus Implementation System	21.1	checkout succeeded
		8 CPU jobs allowed with the current license(s). Use setMultiCpuUsage to set your required CPU count.
The soft stacksize limit is either up to the hard limit or larger than 0.2% of RAM. No change is needed.

**INFO:  MMMC transition support version v31-84 

<CMD> set_global _enable_mmmc_by_default_flow      $CTE::mmmc_default
<CMD> suppressMessage ENCEXT-2799
<CMD> win
<CMD> encMessage warning 0
Suppress "**WARN ..." messages.
<CMD> encMessage debug 0
<CMD> is_common_ui_mode
<CMD> restoreDesign /home/thoshith/work_risc_v/scl6m/cts/microprocessor_pad_top_route_with_filler.enc.dat microprocessor_pad_top
#% Begin load design ... (date=04/14 18:39:22, mem=731.6M)
Set Default Input Pin Transition as 0.1 ps.
Loading design 'microprocessor_pad_top' saved by 'Innovus' '21.19-s058_1' on 'Tue Apr 14 18:36:18 2026'.
% Begin Load MMMC data ... (date=04/14 18:39:23, mem=735.3M)
% End Load MMMC data ... (date=04/14 18:39:23, total cpu=0:00:00.0, real=0:00:00.0, peak res=736.1M, current mem=736.1M)
rc_best rc_worst

Loading LEF file /home/thoshith/work_risc_v/scl6m/cts/microprocessor_pad_top_route_with_filler.enc.dat/libs/lef/scl18fs120_tech.lef ...

Loading LEF file /home/thoshith/work_risc_v/scl6m/cts/microprocessor_pad_top_route_with_filler.enc.dat/libs/lef/scl18fs120_std.lef ...
Set DBUPerIGU to M2 pitch 560.

Loading LEF file /home/thoshith/work_risc_v/scl6m/cts/microprocessor_pad_top_route_with_filler.enc.dat/libs/lef/tsl18cio150_6lm.lef ...
**WARN: (IMPLF-200):	Pin 'PAD' in macro 'apc3d01' has no ANTENNAGATEAREA value defined. The library data is incomplete and some process antenna rules will not be checked correctly.
Type 'man IMPLF-200' for more detail.
**WARN: (IMPLF-200):	Pin 'PAD' in macro 'pc3b01' has no ANTENNAGATEAREA value defined. The library data is incomplete and some process antenna rules will not be checked correctly.
Type 'man IMPLF-200' for more detail.
**WARN: (IMPLF-200):	Pin 'PAD' in macro 'pc3b01d' has no ANTENNAGATEAREA value defined. The library data is incomplete and some process antenna rules will not be checked correctly.
Type 'man IMPLF-200' for more detail.
**WARN: (IMPLF-200):	Pin 'PAD' in macro 'pc3b01u' has no ANTENNAGATEAREA value defined. The library data is incomplete and some process antenna rules will not be checked correctly.
Type 'man IMPLF-200' for more detail.
**WARN: (IMPLF-200):	Pin 'PAD' in macro 'pc3b02' has no ANTENNAGATEAREA value defined. The library data is incomplete and some process antenna rules will not be checked correctly.
Type 'man IMPLF-200' for more detail.
**WARN: (IMPLF-200):	Pin 'PAD' in macro 'pc3b02d' has no ANTENNAGATEAREA value defined. The library data is incomplete and some process antenna rules will not be checked correctly.
Type 'man IMPLF-200' for more detail.
**WARN: (IMPLF-200):	Pin 'PAD' in macro 'pc3b02u' has no ANTENNAGATEAREA value defined. The library data is incomplete and some process antenna rules will not be checked correctly.
Type 'man IMPLF-200' for more detail.
**WARN: (IMPLF-200):	Pin 'PAD' in macro 'pc3b03' has no ANTENNAGATEAREA value defined. The library data is incomplete and some process antenna rules will not be checked correctly.
Type 'man IMPLF-200' for more detail.
**WARN: (IMPLF-200):	Pin 'PAD' in macro 'pc3b03d' has no ANTENNAGATEAREA value defined. The library data is incomplete and some process antenna rules will not be checked correctly.
Type 'man IMPLF-200' for more detail.
**WARN: (IMPLF-200):	Pin 'PAD' in macro 'pc3b03ed' has no ANTENNAGATEAREA value defined. The library data is incomplete and some process antenna rules will not be checked correctly.
Type 'man IMPLF-200' for more detail.
**WARN: (IMPLF-200):	Pin 'PAD' in macro 'pc3b03u' has no ANTENNAGATEAREA value defined. The library data is incomplete and some process antenna rules will not be checked correctly.
Type 'man IMPLF-200' for more detail.
**WARN: (IMPLF-200):	Pin 'PAD' in macro 'pc3b04' has no ANTENNAGATEAREA value defined. The library data is incomplete and some process antenna rules will not be checked correctly.
Type 'man IMPLF-200' for more detail.
**WARN: (IMPLF-200):	Pin 'PAD' in macro 'pc3b04d' has no ANTENNAGATEAREA value defined. The library data is incomplete and some process antenna rules will not be checked correctly.
Type 'man IMPLF-200' for more detail.
**WARN: (IMPLF-200):	Pin 'PAD' in macro 'pc3b04u' has no ANTENNAGATEAREA value defined. The library data is incomplete and some process antenna rules will not be checked correctly.
Type 'man IMPLF-200' for more detail.
**WARN: (IMPLF-200):	Pin 'PAD' in macro 'pc3b05' has no ANTENNAGATEAREA value defined. The library data is incomplete and some process antenna rules will not be checked correctly.
Type 'man IMPLF-200' for more detail.
**WARN: (IMPLF-200):	Pin 'PAD' in macro 'pc3b05d' has no ANTENNAGATEAREA value defined. The library data is incomplete and some process antenna rules will not be checked correctly.
Type 'man IMPLF-200' for more detail.
**WARN: (IMPLF-200):	Pin 'PAD' in macro 'pc3b05u' has no ANTENNAGATEAREA value defined. The library data is incomplete and some process antenna rules will not be checked correctly.
Type 'man IMPLF-200' for more detail.
**WARN: (IMPLF-200):	Pin 'PAD' in macro 'pc3b21eu' has no ANTENNAGATEAREA value defined. The library data is incomplete and some process antenna rules will not be checked correctly.
Type 'man IMPLF-200' for more detail.
**WARN: (IMPLF-200):	Pin 'PAD' in macro 'pc3b25eu' has no ANTENNAGATEAREA value defined. The library data is incomplete and some process antenna rules will not be checked correctly.
Type 'man IMPLF-200' for more detail.
**WARN: (IMPLF-200):	Pin 'PAD' in macro 'pc3d00' has no ANTENNAGATEAREA value defined. The library data is incomplete and some process antenna rules will not be checked correctly.
Type 'man IMPLF-200' for more detail.
**WARN: (EMS-27):	Message (IMPLF-200) has exceeded the current message display limit of 20.
To increase the message display limit, refer to the product command reference manual.

##  Check design process and node:  
##  Both design process and tech node are not set.

Loading view definition file from /home/thoshith/work_risc_v/scl6m/cts/microprocessor_pad_top_route_with_filler.enc.dat/viewDefinition.tcl
Reading max_timing timing library '/opt/tools/Cadence/Cadence_lib/scl_pdk_v3/SCLPDK_V3.0_KIT/scl180/stdcell/fs120/6M1L/liberty/lib_flow_ss/tsl18fs120_scl_ss.lib' ...
Both ff/latch and statetable are present in cell 'lanht4'. Only ff/latch will be used to model sequential cell behavior and statetable will be ignored (File /opt/tools/Cadence/Cadence_lib/scl_pdk_v3/SCLPDK_V3.0_KIT/scl180/stdcell/fs120/6M1L/liberty/lib_flow_ss/tsl18fs120_scl_ss.lib, Line 104953)
Both ff/latch and statetable are present in cell 'lanht2'. Only ff/latch will be used to model sequential cell behavior and statetable will be ignored (File /opt/tools/Cadence/Cadence_lib/scl_pdk_v3/SCLPDK_V3.0_KIT/scl180/stdcell/fs120/6M1L/liberty/lib_flow_ss/tsl18fs120_scl_ss.lib, Line 157476)
Both ff/latch and statetable are present in cell 'lanht1'. Only ff/latch will be used to model sequential cell behavior and statetable will be ignored (File /opt/tools/Cadence/Cadence_lib/scl_pdk_v3/SCLPDK_V3.0_KIT/scl180/stdcell/fs120/6M1L/liberty/lib_flow_ss/tsl18fs120_scl_ss.lib, Line 288762)
Read 534 cells in library 'tsl18fs120_scl_ss' 
Reading max_timing timing library '/opt/tools/Cadence/Cadence_lib/scl_pdk_v3/SCLPDK_V3.0_KIT/scl180/iopad/cio150/6M1L/liberty/tsl18cio150_max.lib' ...
Read 93 cells in library 'tsl18cio150_max' 
Reading min_timing timing library '/opt/tools/Cadence/Cadence_lib/scl_pdk_v3/SCLPDK_V3.0_KIT/scl180/stdcell/fs120/6M1L/liberty/lib_flow_ff/tsl18fs120_scl_ff.lib' ...
Both ff/latch and statetable are present in cell 'lanht4'. Only ff/latch will be used to model sequential cell behavior and statetable will be ignored (File /opt/tools/Cadence/Cadence_lib/scl_pdk_v3/SCLPDK_V3.0_KIT/scl180/stdcell/fs120/6M1L/liberty/lib_flow_ff/tsl18fs120_scl_ff.lib, Line 104965)
Both ff/latch and statetable are present in cell 'lanht2'. Only ff/latch will be used to model sequential cell behavior and statetable will be ignored (File /opt/tools/Cadence/Cadence_lib/scl_pdk_v3/SCLPDK_V3.0_KIT/scl180/stdcell/fs120/6M1L/liberty/lib_flow_ff/tsl18fs120_scl_ff.lib, Line 157496)
Both ff/latch and statetable are present in cell 'lanht1'. Only ff/latch will be used to model sequential cell behavior and statetable will be ignored (File /opt/tools/Cadence/Cadence_lib/scl_pdk_v3/SCLPDK_V3.0_KIT/scl180/stdcell/fs120/6M1L/liberty/lib_flow_ff/tsl18fs120_scl_ff.lib, Line 288805)
Read 534 cells in library 'tsl18fs120_scl_ff' 
Reading min_timing timing library '/opt/tools/Cadence/Cadence_lib/scl_pdk_v3/SCLPDK_V3.0_KIT/scl180/iopad/cio150/6M1L/liberty/tsl18cio150_min.lib' ...
Read 93 cells in library 'tsl18cio150_min' 
Starting consistency checks on late and early library sets of delay corner 'max_delay'
late library set: max_timing
early library set: min_timing
Completed consistency checks. Status: Successful
Starting consistency checks on late and early library sets of delay corner 'min_delay'
late library set: max_timing
early library set: min_timing
Completed consistency checks. Status: Successful
*** End library_loading (cpu=0.04min, real=0.03min, mem=-44.6M, fe_cpu=0.71min, fe_real=2.07min, fe_mem=1520.1M) ***
% Begin Load netlist data ... (date=04/14 18:39:25, mem=756.3M)
*** Begin netlist parsing (mem=1520.1M) ***
**WARN: (IMPVL-159):	Pin 'VDD' of cell 'aoim22d1' is defined in LEF but not in the timing library.
Type 'man IMPVL-159' for more detail.
**WARN: (IMPVL-159):	Pin 'VSS' of cell 'aoim22d1' is defined in LEF but not in the timing library.
Type 'man IMPVL-159' for more detail.
**WARN: (IMPVL-159):	Pin 'VDD' of cell 'or04d2' is defined in LEF but not in the timing library.
Type 'man IMPVL-159' for more detail.
**WARN: (IMPVL-159):	Pin 'VSS' of cell 'or04d2' is defined in LEF but not in the timing library.
Type 'man IMPVL-159' for more detail.
**WARN: (IMPVL-159):	Pin 'VDD' of cell 'an02d1' is defined in LEF but not in the timing library.
Type 'man IMPVL-159' for more detail.
**WARN: (IMPVL-159):	Pin 'VSS' of cell 'an02d1' is defined in LEF but not in the timing library.
Type 'man IMPVL-159' for more detail.
**WARN: (IMPVL-159):	Pin 'VDD' of cell 'nd02da' is defined in LEF but not in the timing library.
Type 'man IMPVL-159' for more detail.
**WARN: (IMPVL-159):	Pin 'VSS' of cell 'nd02da' is defined in LEF but not in the timing library.
Type 'man IMPVL-159' for more detail.
**WARN: (IMPVL-159):	Pin 'VDD' of cell 'dl03d2' is defined in LEF but not in the timing library.
Type 'man IMPVL-159' for more detail.
**WARN: (IMPVL-159):	Pin 'VSS' of cell 'dl03d2' is defined in LEF but not in the timing library.
Type 'man IMPVL-159' for more detail.
**WARN: (IMPVL-159):	Pin 'VDD' of cell 'invtd7' is defined in LEF but not in the timing library.
Type 'man IMPVL-159' for more detail.
**WARN: (IMPVL-159):	Pin 'VSS' of cell 'invtd7' is defined in LEF but not in the timing library.
Type 'man IMPVL-159' for more detail.
**WARN: (IMPVL-159):	Pin 'VDD' of cell 'slnht2' is defined in LEF but not in the timing library.
Type 'man IMPVL-159' for more detail.
**WARN: (IMPVL-159):	Pin 'VSS' of cell 'slnht2' is defined in LEF but not in the timing library.
Type 'man IMPVL-159' for more detail.
**WARN: (IMPVL-159):	Pin 'VDD' of cell 'aoim22d2' is defined in LEF but not in the timing library.
Type 'man IMPVL-159' for more detail.
**WARN: (IMPVL-159):	Pin 'VSS' of cell 'aoim22d2' is defined in LEF but not in the timing library.
Type 'man IMPVL-159' for more detail.
**WARN: (IMPVL-159):	Pin 'VDD' of cell 'mffnrb2' is defined in LEF but not in the timing library.
Type 'man IMPVL-159' for more detail.
**WARN: (IMPVL-159):	Pin 'VSS' of cell 'mffnrb2' is defined in LEF but not in the timing library.
Type 'man IMPVL-159' for more detail.
**WARN: (IMPVL-159):	Pin 'VDD' of cell 'nr03d7' is defined in LEF but not in the timing library.
Type 'man IMPVL-159' for more detail.
**WARN: (IMPVL-159):	Pin 'VSS' of cell 'nr03d7' is defined in LEF but not in the timing library.
Type 'man IMPVL-159' for more detail.
**WARN: (EMS-27):	Message (IMPVL-159) has exceeded the current message display limit of 20.
To increase the message display limit, refer to the product command reference manual.
Pin 'VDD' of cell 'pvdi' is declared as power/ground in LEF but as signal in timing library.  Treat it as power/ground.
Pin 'VDDC' of cell 'pvdc' is declared as power/ground in LEF but as signal in timing library.  Treat it as power/ground.
Pin 'VDDO' of cell 'pvda' is declared as power/ground in LEF but as signal in timing library.  Treat it as power/ground.
Pin 'VSS' of cell 'pv0i' is declared as power/ground in LEF but as signal in timing library.  Treat it as power/ground.
Pin 'VSS' of cell 'pv0f' is declared as power/ground in LEF but as signal in timing library.  Treat it as power/ground.
Pin 'VSSC' of cell 'pv0c' is declared as power/ground in LEF but as signal in timing library.  Treat it as power/ground.
Pin 'VSSO' of cell 'pv0a' is declared as power/ground in LEF but as signal in timing library.  Treat it as power/ground.
Pin 'AVDD' of cell 'apvdi' is declared as power/ground in LEF but as signal in timing library.  Treat it as power/ground.
Pin 'AVDDO' of cell 'apvda' is declared as power/ground in LEF but as signal in timing library.  Treat it as power/ground.
Pin 'AVSS' of cell 'apv0i' is declared as power/ground in LEF but as signal in timing library.  Treat it as power/ground.
Pin 'AVSSO' of cell 'apv0a' is declared as power/ground in LEF but as signal in timing library.  Treat it as power/ground.
Created 627 new cells from 4 timing libraries.
Reading netlist ...
Backslashed names will retain backslash and a trailing blank character.
Reading verilogBinary netlist '/home/thoshith/work_risc_v/scl6m/cts/microprocessor_pad_top_route_with_filler.enc.dat/microprocessor_pad_top.v.bin'

*** Memory Usage v#1 (Current mem = 1527.156M, initial mem = 590.113M) ***
*** End netlist parsing (cpu=0:00:00.1, real=0:00:00.0, mem=1527.2M) ***
% End Load netlist data ... (date=04/14 18:39:25, total cpu=0:00:00.1, real=0:00:00.0, peak res=770.5M, current mem=770.5M)
Set top cell to microprocessor_pad_top.
Starting consistency checks on late and early library sets of delay corner 'max_delay'
late library set: max_timing
early library set: min_timing
Completed consistency checks. Status: Successful
Starting consistency checks on late and early library sets of delay corner 'min_delay'
late library set: max_timing
early library set: min_timing
Completed consistency checks. Status: Successful
Hooked 1254 DB cells to tlib cells.
Starting recursive module instantiation check.
No recursion found.
Building hierarchical netlist for Cell microprocessor_pad_top ...
*** Netlist is unique.
** info: there are 1314 modules.
** info: there are 10593 stdCell insts.
** info: there are 63 Pad insts.

*** Memory Usage v#1 (Current mem = 1557.070M, initial mem = 590.113M) ***
*info: set bottom ioPad orient R0
Reading IO assignment file "/home/thoshith/work_risc_v/scl6m/cts/microprocessor_pad_top_route_with_filler.enc.dat/libs/iofile/microprocessor.io" ...
Adjusting Core to Left to: 125.2000. Core to Bottom to: 125.2000.
**WARN: (IMPFP-3961):	The techSite 'CO_MSTR_c' has no related standard cells in the LEF/OA library. The calculations for this site type cannot be made unless standard cell models of this type exist in the LEF/OA library. Ignore this warning if the SITE is not used by the library. Alternatively, remove the SITE definition for the LEF/OA library to avoid this message.
Type 'man IMPFP-3961' for more detail.
**WARN: (IMPFP-3961):	The techSite 'IOSite_c' has no related standard cells in the LEF/OA library. The calculations for this site type cannot be made unless standard cell models of this type exist in the LEF/OA library. Ignore this warning if the SITE is not used by the library. Alternatively, remove the SITE definition for the LEF/OA library to avoid this message.
Type 'man IMPFP-3961' for more detail.
Start create_tracks
Generated pitch 0.56 in M5 is different from 0.66 defined in technology file in preferred direction.
Pre-connect netlist-defined P/G connections...
  Updated 20 instances.
Loading preference file /home/thoshith/work_risc_v/scl6m/cts/microprocessor_pad_top_route_with_filler.enc.dat/gui.pref.tcl ...
**WARN: (IMPOPT-3602):	The specified path group name reg2reg is not defined.
Type 'man IMPOPT-3602' for more detail.
Effort level <high> specified for reg2reg path_group
Slack adjustment of -0 applied on reg2reg path_group
Slack adjustment of -0 applied on <default> path group
**WARN: (IMPTCM-77):	Option "-drouteStartIteration" for command setNanoRouteMode is obsolete and will be removed in a future release. The obsolete option still works in this release but to avoid this warning and to ensure compatibility with future releases, remove the obsolete option from your script.
#WARNING (NRIF-90) Option setNanoRouteMode -routeBottomRoutingLayer is obsolete. It will continue to work for the current release. To ensure compatibility with future releases, use option setDesignMode -bottomRoutingLayer instead.
#WARNING (NRIF-91) Option setNanoRouteMode -routeTopRoutingLayer is obsolete. It will continue to work for the current release. To ensure compatibility with future releases, use option setDesignMode -topRoutingLayer instead.
AAE_INFO: switching -siAware from false to true ...
AAE_INFO: The setting is changed from false to true in setDelayCalMode -SIAware
addRing command will ignore shorts while creating rings.
addRing command will disallow rings to go over rows.
addRing command will consider rows while creating rings.
The ring targets are set to core/block ring wires.
addStripe will allow jog to connect padcore ring and block ring.

Stripes will not extend to closest target.
When breaking rings, the power planner will consider the existence of blocks.
addStripe will break automatically at non-default domains when generating global stripes over the core area or default domain.
The entire stripe set will break at the domain if one of the nets is not in the domain.
Stripes will not be created over regions without power planning wires.
Offset for stripe breaking is set to 0.
Stripes will stop at the boundary of the specified area.
The power planner will set stripe antenna targets to none (no trimming allowed).
Change floorplan default-technical-site to 'CoreSite'.
*Info: initialize multi-corner CTS.
Total number of combinational cells: 321
Total number of sequential cells: 203
Total number of tristate cells: 10
Total number of level shifter cells: 0
Total number of power gating cells: 0
Total number of isolation cells: 0
Total number of power switch cells: 0
Total number of pulse generator cells: 0
Total number of always on buffers: 0
Total number of retention cells: 0
Total number of physical cells: 0
List of usable buffers: bufbd7 buffd2 bufbdf buffda buffd3 bufbda buffd4 bufbd4 bufbd1 bufbd3 buffd7 buffd1 bufbd2
Total number of usable buffers: 13
List of unusable buffers:
Total number of unusable buffers: 0
List of usable inverters: inv0d2 inv0da invbda invbdk inv0d1 inv0d7 invbd4 inv0d0 invbd2 inv0d4 invbd7 invbdf
Total number of usable inverters: 12
List of unusable inverters:
Total number of unusable inverters: 0
List of identified usable delay cells: dl04d1 dl03d1 dl02d2 dl03d4 dl04d2 dl02d1 dl01d4 bufbdk dl04d4 dl02d4 dl01d2 dl01d1 dl03d2
Total number of identified usable delay cells: 13
List of identified unusable delay cells:
Total number of identified unusable delay cells: 0
% Begin Load MMMC data post ... (date=04/14 18:39:26, mem=1075.8M)
% End Load MMMC data post ... (date=04/14 18:39:26, total cpu=0:00:00.0, real=0:00:00.0, peak res=1075.8M, current mem=1075.8M)
**WARN: (IMPSYC-2):	Timing information is not defined for cell pfrelr; Check the timing library (.lib) file and make sure the timing information exists for the cell and you can run the checkTimingLibrary command to verify if the timing library has complete information after the design is loaded.
Type 'man IMPSYC-2' for more detail.
Reading floorplan file - /home/thoshith/work_risc_v/scl6m/cts/microprocessor_pad_top_route_with_filler.enc.dat/microprocessor_pad_top.fp.gz (mem = 1824.3M).
% Begin Load floorplan data ... (date=04/14 18:39:26, mem=1075.9M)
*info: reset 11180 existing net BottomPreferredLayer and AvoidDetour
Pre-connect netlist-defined P/G connections...
  Updated 20 instances.
Deleting old partition specification.
Set FPlanBox to (0 0 1939840 1939840)
**WARN: (IMPFP-3961):	The techSite 'CO_MSTR_c' has no related standard cells in the LEF/OA library. The calculations for this site type cannot be made unless standard cell models of this type exist in the LEF/OA library. Ignore this warning if the SITE is not used by the library. Alternatively, remove the SITE definition for the LEF/OA library to avoid this message.
Type 'man IMPFP-3961' for more detail.
**WARN: (IMPFP-3961):	The techSite 'IOSite_c' has no related standard cells in the LEF/OA library. The calculations for this site type cannot be made unless standard cell models of this type exist in the LEF/OA library. Ignore this warning if the SITE is not used by the library. Alternatively, remove the SITE definition for the LEF/OA library to avoid this message.
Type 'man IMPFP-3961' for more detail.
Start create_tracks
Generated pitch 0.56 in M5 is different from 0.66 defined in technology file in preferred direction.
 ... processed partition successfully.
Reading binary special route file /home/thoshith/work_risc_v/scl6m/cts/microprocessor_pad_top_route_with_filler.enc.dat/microprocessor_pad_top.fp.spr.gz (Created by Innovus v21.19-s058_1 on Tue Apr 14 18:36:16 2026, version: 1)
Ending "Read special route file" (total cpu=0:00:00.0, real=0:00:00.0, peak res=1076.5M, current mem=1076.5M)
There are 260 io inst loaded
There are 32 nets with weight being set
There are 32 nets with bottomPreferredRoutingLayer being set
There are 32 nets with avoidDetour being set
Extracting standard cell pins and blockage ...... 
Pin and blockage extraction finished
% End Load floorplan data ... (date=04/14 18:39:27, total cpu=0:00:00.1, real=0:00:01.0, peak res=1078.0M, current mem=1077.9M)
Reading congestion map file /home/thoshith/work_risc_v/scl6m/cts/microprocessor_pad_top_route_with_filler.enc.dat/microprocessor_pad_top.route.congmap.gz ...
% Begin Load SymbolTable ... (date=04/14 18:39:27, mem=1078.8M)
Un-suppress "**WARN ..." messages.
% End Load SymbolTable ... (date=04/14 18:39:27, total cpu=0:00:00.1, real=0:00:00.0, peak res=1085.7M, current mem=1085.6M)
Loading place ...
% Begin Load placement data ... (date=04/14 18:39:27, mem=1085.6M)
Reading placement file - /home/thoshith/work_risc_v/scl6m/cts/microprocessor_pad_top_route_with_filler.enc.dat/microprocessor_pad_top.place.gz.
** Reading stdCellPlacement_binary (Created by Innovus v21.19-s058_1 on Tue Apr 14 18:36:17 2026, version# 2) ...
Read Views for adaptive view pruning ...
Read 0 views from Binary DB for adaptive view pruning
*** Checked 6 GNC rules.
*** applyConnectGlobalNets disabled.
*** Completed restorePlace (cpu=0:00:00.2 real=0:00:00.0 mem=1910.9M) ***
Total net length = 6.219e+05 (3.227e+05 2.992e+05) (ext = 0.000e+00)
% End Load placement data ... (date=04/14 18:39:27, total cpu=0:00:00.2, real=0:00:00.0, peak res=1100.2M, current mem=1098.0M)
Reading PG file /home/thoshith/work_risc_v/scl6m/cts/microprocessor_pad_top_route_with_filler.enc.dat/microprocessor_pad_top.pg.gz, version#2, (Created by Innovus v21.19-s058_1 on       Tue Apr 14 18:36:16 2026)
*** Completed restorePGFile (cpu=0:00:00.0 real=0:00:01.0 mem=1907.9M) ***
% Begin Load routing data ... (date=04/14 18:39:28, mem=1099.1M)
Reading routing file - /home/thoshith/work_risc_v/scl6m/cts/microprocessor_pad_top_route_with_filler.enc.dat/microprocessor_pad_top.route.gz.
Reading Innovus routing data (Created by Innovus v21.19-s058_1 on Tue Apr 14 18:36:17 2026 Format: 20.1) ...
*** Total 10714 nets are successfully restored.
*** Completed restoreRoute (cpu=0:00:00.1 real=0:00:00.0 mem=1926.9M) ***
% End Load routing data ... (date=04/14 18:39:28, total cpu=0:00:00.2, real=0:00:00.0, peak res=1118.6M, current mem=1118.1M)
TAT_INFO: restoreCongMap REAL = 0 : CPU = 0 : MEM = 0.
Reading property file /home/thoshith/work_risc_v/scl6m/cts/microprocessor_pad_top_route_with_filler.enc.dat/microprocessor_pad_top.prop
*** Completed restoreProperty (cpu=0:00:00.0 real=0:00:00.0 mem=1866.9M) ***
Reading dirtyarea snapshot file /home/thoshith/work_risc_v/scl6m/cts/microprocessor_pad_top_route_with_filler.enc.dat/microprocessor_pad_top.db.da.gz (Create by Innovus v21.19-s058_1 on Tue Apr 14 18:36:17 2026, version: 6).
Set Default Input Pin Transition as 0.1 ps.
Extraction setup Started 
Initializing multi-corner RC extraction with 2 active RC Corners ...
Reading Capacitance Table File /home/thoshith/work_risc_v/scl6m/cts/microprocessor_pad_top_route_with_filler.enc.dat/libs/mmmc/rv.CapTbl ...
Process name: tsl18_scl_6M1L_typ.
Reading Capacitance Table File /home/thoshith/work_risc_v/scl6m/cts/microprocessor_pad_top_route_with_filler.enc.dat/libs/mmmc/rv.CapTbl ...
Process name: tsl18_scl_6M1L_typ.
Importing multi-corner RC tables ... 
Summary of Active RC-Corners : 
 
 Analysis View: worst_case
    RC-Corner Name        : rc_worst
    RC-Corner Index       : 0
    RC-Corner Temperature : 125 Celsius
    RC-Corner Cap Table   : '/home/thoshith/work_risc_v/scl6m/cts/microprocessor_pad_top_route_with_filler.enc.dat/libs/mmmc/rv.CapTbl'
    RC-Corner PreRoute Res Factor         : 1
    RC-Corner PreRoute Cap Factor         : 1
    RC-Corner PostRoute Res Factor        : 1 {1 1 1}
    RC-Corner PostRoute Cap Factor        : 1 {1 1 1}
    RC-Corner PostRoute XCap Factor       : 1 {1 1 1}
    RC-Corner PreRoute Clock Res Factor   : 1	[Derived from postRoute_res (effortLevel low)]
    RC-Corner PreRoute Clock Cap Factor   : 1	[Derived from postRoute_cap (effortLevel low)]
    RC-Corner PostRoute Clock Cap Factor  : 1 {1 1 1} 	[Derived from postRoute_cap (effortLevel low)]
    RC-Corner PostRoute Clock Res Factor  : 1 {1 1 1} 	[Derived from postRoute_res (effortLevel low)]
    RC-Corner PostRoute Clock coupling capacitance Factor : 1 {1 1 1} 
 
 Analysis View: best_case
    RC-Corner Name        : rc_best
    RC-Corner Index       : 1
    RC-Corner Temperature : -40 Celsius
    RC-Corner Cap Table   : '/home/thoshith/work_risc_v/scl6m/cts/microprocessor_pad_top_route_with_filler.enc.dat/libs/mmmc/rv.CapTbl'
    RC-Corner PreRoute Res Factor         : 1
    RC-Corner PreRoute Cap Factor         : 1
    RC-Corner PostRoute Res Factor        : 1 {1 1 1}
    RC-Corner PostRoute Cap Factor        : 1 {1 1 1}
    RC-Corner PostRoute XCap Factor       : 1 {1 1 1}
    RC-Corner PreRoute Clock Res Factor   : 1	[Derived from postRoute_res (effortLevel low)]
    RC-Corner PreRoute Clock Cap Factor   : 1	[Derived from postRoute_cap (effortLevel low)]
    RC-Corner PostRoute Clock Cap Factor  : 1 {1 1 1} 	[Derived from postRoute_cap (effortLevel low)]
    RC-Corner PostRoute Clock Res Factor  : 1 {1 1 1} 	[Derived from postRoute_res (effortLevel low)]
    RC-Corner PostRoute Clock coupling capacitance Factor : 1 {1 1 1} 
Initializing multi-corner capacitance tables ... 
Initializing multi-corner resistance tables ...
Start generating vias ..
#Skip building auto via since it is not turned on.
Extracting standard cell pins and blockage ...... 
Pin and blockage extraction finished
Via generation completed.
% Begin Load power constraints ... (date=04/14 18:39:30, mem=1132.1M)
'set_default_switching_activity' finished successfully.
% End Load power constraints ... (date=04/14 18:39:30, total cpu=0:00:00.0, real=0:00:00.0, peak res=1138.6M, current mem=1138.6M)
max_delay min_delay
% Begin load AAE data ... (date=04/14 18:39:30, mem=1183.8M)
AAE DB initialization (MEM=2031.95 CPU=0:00:00.0 REAL=0:00:00.0) 
% End load AAE data ... (date=04/14 18:39:30, total cpu=0:00:00.7, real=0:00:01.0, peak res=1191.1M, current mem=1191.1M)
Restoring CCOpt config...
  Extracting original clock gating for clk_pad...
    clock_tree clk_pad contains 2693 sinks and 0 clock gates.
  Extracting original clock gating for clk_pad done.
  The skew group clk_pad/functional was created. It contains 2693 sinks and 1 sources.
  The skew group clk_pad/functional was created. It contains 2693 sinks and 1 sources.
**WARN: (IMPCCOPT-2332):	The property locked_originally is deprecated. It still works, but it may be removed in a future release.
**WARN: (IMPCCOPT-2332):	The property locked_originally is deprecated. It still works, but it may be removed in a future release.
Restoring CCOpt config done.
Total number of combinational cells: 321
Total number of sequential cells: 203
Total number of tristate cells: 10
Total number of level shifter cells: 0
Total number of power gating cells: 0
Total number of isolation cells: 0
Total number of power switch cells: 0
Total number of pulse generator cells: 0
Total number of always on buffers: 0
Total number of retention cells: 0
Total number of physical cells: 0
List of usable buffers: bufbd7 buffd2 bufbdf buffda buffd3 bufbda buffd4 bufbd4 bufbd1 bufbd3 buffd7 buffd1 bufbd2
Total number of usable buffers: 13
List of unusable buffers:
Total number of unusable buffers: 0
List of usable inverters: inv0d2 inv0da invbda invbdk inv0d1 inv0d7 invbd4 inv0d0 invbd2 inv0d4 invbd7 invbdf
Total number of usable inverters: 12
List of unusable inverters:
Total number of unusable inverters: 0
List of identified usable delay cells: dl04d1 dl03d1 dl02d2 dl03d4 dl04d2 dl02d1 dl01d4 bufbdk dl04d4 dl02d4 dl01d2 dl01d1 dl03d2
Total number of identified usable delay cells: 13
List of identified unusable delay cells:
Total number of identified unusable delay cells: 0
**WARN: (IMPCTE-107):	The following globals have been obsoleted since version . They will be removed in the next release. 
timing_enable_separate_device_slew_effect_sensitivities
#% End load design ... (date=04/14 18:39:31, total cpu=0:00:07.8, real=0:00:09.0, peak res=1214.6M, current mem=1199.3M)

*** Summary of all messages that are not suppressed in this session:
Severity  ID               Count  Summary                                  
WARNING   IMPLF-200           49  Pin '%s' in macro '%s' has no ANTENNAGAT...
WARNING   IMPFP-3961           4  The techSite '%s' has no related standar...
WARNING   IMPSYC-2             1  Timing information is not defined for ce...
WARNING   IMPVL-159         1436  Pin '%s' of cell '%s' is defined in LEF ...
WARNING   IMPOPT-3602          1  The specified path group name %s is not ...
WARNING   IMPCCOPT-2332        2  The property %s is deprecated. It still ...
WARNING   NRIF-90              1  Option setNanoRouteMode -routeBottomRout...
WARNING   NRIF-91              1  Option setNanoRouteMode -routeTopRouting...
WARNING   IMPCTE-107           1  The following globals have been obsolete...
WARNING   IMPTCM-77            1  Option "%s" for command %s is obsolete a...
*** Message Summary: 1497 warning(s), 0 error(s)

<CMD> setDrawView fplan
<CMD> encMessage warning 1
<CMD> encMessage debug 0
<CMD> setDrawView place
<CMD> zoomBox -27.61200 99.58500 1998.44100 1913.33500
<CMD> zoomBox 411.78200 504.69500 1656.03300 1618.56500
<CMD> zoomBox 518.74200 597.65100 1576.35600 1544.44100
<CMD> zoomBox 917.13000 915.04200 1256.17700 1218.56100
<CMD> zoomBox 998.00200 985.83800 1174.98800 1144.27800
<CMD> zoomBox 1035.97600 1037.35600 1114.50600 1107.65700
<CMD> zoomBox 1038.25900 1048.77200 1094.99800 1099.56600
<CMD> zoomBox 1039.90800 1057.02100 1080.90300 1093.72000
<CMD> zoomBox 1042.18800 1067.33700 1063.59000 1086.49600
<CMD> zoomBox 1042.56200 1069.02600 1060.75400 1085.31200
<CMD> zoomBox 1045.37000 1071.81800 1058.51400 1083.58500
<CMD> zoomBox 1047.39800 1073.81400 1056.89500 1082.31600
<CMD> zoomBox 1048.47000 1074.56600 1056.54300 1081.79300
<CMD> zoomBox 1050.15700 1075.74800 1055.99000 1080.97000
<CMD> zoomBox 1050.79300 1076.21800 1055.75200 1080.65700
<CMD> zoomBox 1050.18200 1075.71600 1056.01600 1080.93900
<CMD> zoomBox 1047.63100 1073.63400 1057.13200 1082.13900
<CMD> zoomBox 1039.46700 1066.95100 1060.88000 1086.12000
<CMD> zoomBox 1026.36000 1056.16100 1067.38300 1092.88500
<CMD> zoomBox 1022.05200 1053.05100 1070.31400 1096.25600
<CMD> zoomBox 1025.15100 1056.64700 1066.17500 1093.37200
<CMD> zoomBox 1009.06300 1037.88800 1087.65400 1108.24400
<CMD> zoomBox 987.66000 1012.46200 1115.63400 1127.02600
<CMD> zoomBox 964.95900 985.37300 1142.08700 1143.94000
<CMD> zoomBox 746.54900 721.30700 1396.58900 1303.23200
<CMD> zoomBox 250.75600 119.96700 1974.31900 1662.92400
<CMD> zoomBox 110.28400 -50.40900 2138.00600 1764.83500
<CMD> fit
rc_best rc_worst
<CMD> reset_parasitics
Performing RC Extraction ...
<CMD> extractRC
Extraction called for design 'microprocessor_pad_top' of instances=57399 and nets=11180 using extraction engine 'postRoute' at effort level 'low' .
**WARN: (IMPEXT-3530):	The process node is not set. Use the command setDesignMode -process <process node> prior to extraction for maximum accuracy and optimal automatic threshold setting.
Type 'man IMPEXT-3530' for more detail.
PostRoute (effortLevel low) RC Extraction called for design microprocessor_pad_top.
RC Extraction called in multi-corner(2) mode.
Process corner(s) are loaded.
 Corner: rc_worst
 Corner: rc_best
extractDetailRC Option : -outfile /tmp/innovus_temp_41230_vlsi.iitgn.ac.in_thoshith_BqpVLR/microprocessor_pad_top_41230_94f2XK.rcdb.d  -extended
RC Mode: PostRoute -effortLevel low [Extended CapTable, RC Table Resistances]
      RC Corner Indexes            0       1   
Capacitance Scaling Factor   : 1.00000 1.00000 
Coupling Cap. Scaling Factor : 1.00000 1.00000 
Resistance Scaling Factor    : 1.00000 1.00000 
Clock Cap. Scaling Factor    : 1.00000 1.00000 
Clock Res. Scaling Factor    : 1.00000 1.00000 
Shrink Factor                : 1.00000
Initializing multi-corner capacitance tables ... 
Initializing multi-corner resistance tables ...
Checking LVS Completed (CPU Time= 0:00:00.0  MEM= 6626.0M)
Extracted 10.0009% (CPU Time= 0:00:00.7  MEM= 7101.6M)
Extracted 20.0012% (CPU Time= 0:00:00.8  MEM= 7101.6M)
Extracted 30.0009% (CPU Time= 0:00:00.8  MEM= 7101.6M)
Extracted 40.0012% (CPU Time= 0:00:00.9  MEM= 7101.6M)
Extracted 50.0009% (CPU Time= 0:00:01.1  MEM= 7101.6M)
Extracted 60.0012% (CPU Time= 0:00:01.3  MEM= 7101.6M)
Extracted 70.0009% (CPU Time= 0:00:01.7  MEM= 7105.6M)
Extracted 80.0012% (CPU Time= 0:00:01.8  MEM= 7105.6M)
Extracted 90.0009% (CPU Time= 0:00:02.0  MEM= 7105.6M)
Extracted 100% (CPU Time= 0:00:02.4  MEM= 7105.6M)
Number of Extracted Resistors     : 262231
Number of Extracted Ground Cap.   : 267605
Number of Extracted Coupling Cap. : 519312
Filtering XCap in 'relativeOnly' mode using values relative_c_threshold=0.03 and total_c_threshold=5fF.
 Corner: rc_worst
 Corner: rc_best
Checking LVS Completed (CPU Time= 0:00:00.1  MEM= 6665.5M)
PostRoute (effortLevel low) RC Extraction DONE (CPU Time: 0:00:03.3  Real Time: 0:00:04.0  MEM: 6665.543M)
<CMD> rcOut -spef microprocessor_pad_top.spef -rc_corner rc_best
RC Out has the following PVT Info:
   RC:rc_best, Operating temperature -40 C
Dumping Spef file.....
Printing D_NET...
RC Out from RCDB Completed (CPU Time= 0:00:01.8  MEM= 6665.5M)
<CMD> getMultiCpuUsage -localCpu
<CMD> get_verify_drc_mode -disable_rules -quiet
<CMD> get_verify_drc_mode -quiet -area
<CMD> get_verify_drc_mode -quiet -layer_range
<CMD> get_verify_drc_mode -check_ndr_spacing -quiet
<CMD> get_verify_drc_mode -check_only -quiet
<CMD> get_verify_drc_mode -check_same_via_cell -quiet
<CMD> get_verify_drc_mode -exclude_pg_net -quiet
<CMD> get_verify_drc_mode -ignore_trial_route -quiet
<CMD> get_verify_drc_mode -max_wrong_way_halo -quiet
<CMD> get_verify_drc_mode -use_min_spacing_on_block_obs -quiet
<CMD> get_verify_drc_mode -limit -quiet
<CMD> set_verify_drc_mode -disable_rules {} -check_ndr_spacing auto -check_only default -check_same_via_cell true -exclude_pg_net false -ignore_trial_route false -ignore_cell_blockage false -use_min_spacing_on_block_obs auto -report microprocessor_pad_top.drc.rpt -limit 1000
<CMD> verify_drc
#-check_ndr_spacing auto                 # enums={true false auto}, default=auto,  user setting
#-check_same_via_cell true               # bool, default=false, user setting
#-report microprocessor_pad_top.drc.rpt  # string, default="", user setting
 *** Starting Verify DRC (MEM: 6665.5) ***

  VERIFY DRC ...... Starting Verification
  VERIFY DRC ...... Initializing
  VERIFY DRC ...... Deleting Existing Violations
  VERIFY DRC ...... Creating Sub-Areas
  VERIFY DRC ...... Using new threading

  Verification Complete : 0 Viols.

 *** End Verify DRC (CPU: 0:00:04.6  ELAPSED TIME: 5.00  MEM: 285.1M) ***

<CMD> set_verify_drc_mode -area {0 0 0 0}
<CMD> verifyConnectivity -type all -error 1000 -warning 50
VERIFY_CONNECTIVITY use new engine.

******** Start: VERIFY CONNECTIVITY ********
Start Time: Tue Apr 14 18:45:06 2026

Design Name: microprocessor_pad_top
Database Units: 1000
Design Boundary: (0.0000, 0.0000) (1939.8400, 1939.8400)
Error Limit = 1000; Warning Limit = 50
Check all nets
Net VDD_CORE: has an unconnected terminal, has special routes with opens.
Net VSS_CORE: has an unconnected terminal, has special routes with opens.
Net VDDO_CORE: no routing.
Net VSSO_CORE: no routing.
**** 18:45:06 **** Processed 5000 nets.
**** 18:45:07 **** Processed 10000 nets.

Begin Summary 
    2 Problem(s) (IMPVFC-98): Net has no global routing and no special routing.
    108 Problem(s) (IMPVFC-96): Terminal(s) are not connected.
    2 Problem(s) (IMPVFC-200): Special Wires: Pieces of the net are not connected together.
    112 total info(s) created.
End Summary

End Time: Tue Apr 14 18:45:07 2026
Time Elapsed: 0:00:01.0

******** End: VERIFY CONNECTIVITY ********
  Verification Complete : 112 Viols.  0 Wrngs.
  (CPU Time: 0:00:01.1  MEM: 0.000M)

<CMD> zoomBox -267.75300 636.77000 2339.01100 1947.20600
<CMD> zoomBox -57.08100 811.93900 2158.67000 1925.81000
<CMD> zoomBox 596.65400 1349.30700 1579.79600 1843.53800
<CMD> zoomBox 825.26200 1548.24300 1338.47000 1806.23600
<CMD> zoomBox 612.67300 1362.78200 1595.82100 1857.01600
<CMD> zoomBox 333.47600 1121.37000 1934.36800 1926.14800
<CMD> zoomBox -524.81900 427.25000 3083.19200 2241.01900
<CMD> fit
<CMD> checkDesign -io -netlist -physicalLibrary -powerGround -tieHilo -timingLibrary -spef -floorplan -place -outdir checkDesign
Creating directory checkDesign.
**WARN: (IMPREPO-205):	There are 22 Cells with missing PG PIN.
Estimated cell power/ground rail width = 0.700 um
Begin checking placement ... (start mem=7041.6M, init mem=7556.0M)
*info: Recommended don't use cell = 0           
*info: Placed = 57139          (Fixed = 29)
*info: Unplaced = 0           
Placement Density:100.00%(1412768/1412768)
Placement Density (including fixed std cells):100.00%(1412768/1412768)
Finished checkPlace (total: cpu=0:00:01.1, real=0:00:01.0; vio checks: cpu=0:00:00.9, real=0:00:01.0; mem=7556.0M)
############################################################################
# Innovus Netlist Design Rule Check
# Tue Apr 14 18:46:34 2026
############################################################################
Design: microprocessor_pad_top

------ Design Summary:
Total Standard Cell Number   (cells) : 57139
Total Block Cell Number      (cells) : 0
Total I/O Pad Cell Number    (cells) : 260
Total Standard Cell Area     ( um^2) : 1412768.00
Total Block Cell Area        ( um^2) : 0.00
Total I/O Pad Cell Area      ( um^2) : 1689837.50

------ Design Statistics:

Number of Instances            : 57399
Number of Non-uniquified Insts : 57380
Number of Nets                 : 11180
Average number of Pins per Net : 3.66
Maximum number of Pins in Net  : 101

------ I/O Port summary

Number of Primary I/O Ports    : 39
Number of Input Ports          : 6
Number of Output Ports         : 33
Number of Bidirectional Ports  : 0
Number of Power/Ground Ports   : 0
Number of Floating Ports                     *: 0
Number of Ports Connected to Multiple Pads   *: 0
Number of Ports Connected to Core Instances   : 0

------ Design Rule Checking:

Number of Output Pins connect to Power/Ground *: 0
Number of Insts with Input Pins tied together ?: 173
Number of TieHi/Lo term nets not connected to instance's PG terms ?: 0
Number of Input/InOut Floating Pins            : 0
Number of Output Floating Pins                 : 0
Number of Output Term Marked TieHi/Lo         *: 0

**WARN: (IMPREPO-216):	There are 173 Instances with input pins tied together.
Number of nets with tri-state drivers          : 0
Number of nets with parallel drivers           : 0
Number of nets with multiple drivers           : 0
Number of nets with no driver (No FanIn)       : 0
Number of Output Floating nets (No FanOut)     : 384
Number of High Fanout nets (>50)               : 63
**WARN: (IMPREPO-227):	There are 63 High Fanout nets (>50).
Checking routing tracks.....
Checking other grids.....
Checking routing blockage.....
Checking components.....
Checking constraints (guide/region/fence).....
Checking groups.....
Checking Ptn Core Box.....

Checking Preroutes.....
No. of regular pre-routes not on tracks : 0 
 Design check done.
Report saved in file checkDesign/microprocessor_pad_top.main.htm.ascii

*** Summary of all messages that are not suppressed in this session:
Severity  ID               Count  Summary                                  
WARNING   IMPREPO-227          1  There are %d High Fanout nets (>50).     
WARNING   IMPREPO-205          1  There are %d Cells with missing PG PIN.  
WARNING   IMPREPO-216          1  There are %d Instances with input pins t...
*** Message Summary: 3 warning(s), 0 error(s)

<CMD> streamOut risc_v.gds -mapFile streamout_innovous_6M1L.map -libName DesignLib -units 1000 -mode ALL
Parse flat map file...
Writing GDSII file ...
	****** db unit per micron = 1000 ******
	****** output gds2 file unit per micron = 1000 ******
	****** unit scaling factor = 1 ******
Output for instance
Output for bump
Output for physical terminals
Output for logical terminals
Output for regular nets
Output for special nets and metal fills
Output for via structure generation total number 59
Statistics for GDS generated (version 3)
----------------------------------------
Stream Out Layer Mapping Information:
GDS Layer Number          GDS Layer Name
----------------------------------------
    40                                M1
    50                             TOP_M
    49                             TOP_V
    48                                M5
    44                                M3
    42                                M2
    46                                M4
    43                                V3
    47                                V5
    41                                V2
    45                                V4


Stream Out Information Processed for GDS version 3:
Units: 1000 DBU

Object                             Count
----------------------------------------
Instances                          57399

Ports/Pins                             0

Nets                              167382
    metal layer M1                 18766
    metal layer M2                 78142
    metal layer M3                 41582
    metal layer M4                 20965
    metal layer M5                  7272
    metal layer TOP_M                655

    Via Instances                  93741

Special Nets                         701
    metal layer M1                   655
    metal layer M2                     4
    metal layer M4                     5
    metal layer M5                     9
    metal layer TOP_M                 28

    Via Instances                   2168

Metal Fills                            0

    Via Instances                      0

Metal FillOPCs                         0

    Via Instances                      0

Metal FillDRCs                         0

    Via Instances                      0

Text                                  39
    metal layer M2                    39


Blockages                              0


Custom Text                            0


Custom Box                             0

Trim Metal                             0

######Streamout is finished!
<CMD> saveNetlist -includePowerGround /home/thoshith/work_risc_v/scl6m/signoff/signoff/rv_signoff_withPG.v
Writing Netlist "/home/thoshith/work_risc_v/scl6m/signoff/signoff/rv_signoff_withPG.v" ...
Pwr name (VDD_CORE).
Pwr name (VDDO_CORE).
Gnd name (VSS_CORE).
Gnd name (VSSO_CORE).
2 Pwr names and 2 Gnd names.
<CMD> saveNetlist -includePowerGround /home/thoshith/work_risc_v/scl6m/signoff/signoff/rv_signoff_withPG.v
Writing Netlist "/home/thoshith/work_risc_v/scl6m/signoff/signoff/rv_signoff_withPG.v" ...
Pwr name (VDD_CORE).
Pwr name (VDDO_CORE).
Gnd name (VSS_CORE).
Gnd name (VSSO_CORE).
2 Pwr names and 2 Gnd names.
<CMD> saveNetlist -includePowerGround /home/thoshith/work_risc_v/scl6m/signoff/signoff/rv_signoff_withPG.v
Writing Netlist "/home/thoshith/work_risc_v/scl6m/signoff/signoff/rv_signoff_withPG.v" ...
Pwr name (VDD_CORE).
Pwr name (VDDO_CORE).
Gnd name (VSS_CORE).
Gnd name (VSSO_CORE).
2 Pwr names and 2 Gnd names.
<CMD> saveNetlist /home/thoshith/work_risc_v/scl6m/signoff/signoff/rv_signoff_withoutPG.v
Writing Netlist "/home/thoshith/work_risc_v/scl6m/signoff/signoff/rv_signoff_withoutPG.v" ...
<CMD> write_sdf -version 2.1 -edges noedge -recrem split -setuphold merge_when_paired /home/thoshith/work_risc_v/scl6m/signoff/signoff/rv_signoff_postroute_with_pad_delay.sdf 
**WARN: (SDF-808):	The software is currently operating in a high performance mode which optimizes the handling of multiple timing arcs between input and output pin pairs. With the current settings, the SDF file generated will contain the same delay information for all of these arcs. To have the SDF recalculated with explicit pin pair data, you should use the option '-recompute_delay_calc'. This setting is recommended for generating SDF for functional  simulation applications.
AAE_INFO: opIsDesignInPostRouteState() is 1
AAE_INFO: resetNetProps viewIdx 0 
AAE_INFO: resetNetProps viewIdx 1 
Starting SI iteration 1 using Infinite Timing Windows
#################################################################################
# Design Stage: PostRoute
# Design Name: microprocessor_pad_top
# Design Mode: 90nm
# Analysis Mode: MMMC OCV 
# Parasitics Mode: SPEF/RCDB 
# Signoff Settings: SI On 
#################################################################################
AAE_INFO: 1 threads acquired from CTE.
Start delay calculation (fullDC) (1 T). (MEM=7623.79)
Initializing multi-corner capacitance tables ... 
Initializing multi-corner resistance tables ...
Total number of fetched objects 10710
AAE_INFO-618: Total number of nets in the design is 11180,  95.8 percent of the nets selected for SI analysis
Total number of fetched objects 10710
AAE_INFO-618: Total number of nets in the design is 11180,  95.8 percent of the nets selected for SI analysis
Total number of fetched objects 10710
AAE_INFO-618: Total number of nets in the design is 11180,  95.8 percent of the nets selected for SI analysis
Total number of fetched objects 10710
AAE_INFO-618: Total number of nets in the design is 11180,  95.8 percent of the nets selected for SI analysis
End delay calculation. (MEM=7605.95 CPU=0:00:16.6 REAL=0:00:16.0)
End delay calculation (fullDC). (MEM=7569.33 CPU=0:00:17.7 REAL=0:00:17.0)
Loading CTE timing window with TwFlowType 0...(CPU = 0:00:00.0, REAL = 0:00:00.0, MEM = 7593.3M)
Add other clocks and setupCteToAAEClockMapping during iter 1
Loading CTE timing window is completed (CPU = 0:00:00.2, REAL = 0:00:00.0, MEM = 7593.3M)
Starting SI iteration 2
Start delay calculation (fullDC) (1 T). (MEM=7547.54)
Glitch Analysis: View worst_case -- Total Number of Nets Skipped = 0. 
Glitch Analysis: View worst_case -- Total Number of Nets Analyzed = 0. 
Total number of fetched objects 10710
AAE_INFO-618: Total number of nets in the design is 11180,  0.7 percent of the nets selected for SI analysis
Total number of fetched objects 10710
AAE_INFO-618: Total number of nets in the design is 11180,  0.5 percent of the nets selected for SI analysis
Glitch Analysis: View best_case -- Total Number of Nets Skipped = 0. 
Glitch Analysis: View best_case -- Total Number of Nets Analyzed = 0. 
Total number of fetched objects 10710
AAE_INFO-618: Total number of nets in the design is 11180,  11.9 percent of the nets selected for SI analysis
Total number of fetched objects 10710
AAE_INFO-618: Total number of nets in the design is 11180,  0.3 percent of the nets selected for SI analysis
End delay calculation. (MEM=7605.29 CPU=0:00:01.6 REAL=0:00:01.0)
End delay calculation (fullDC). (MEM=7605.29 CPU=0:00:01.6 REAL=0:00:01.0)
<CMD> saveDesign microprocessor_pad_top_signoff.enc
The in-memory database contained RC information but was not saved. To save 
the RC information, use saveDesign's -rc option. Note: Saving RC information can be quite large, 
so it should only be saved when it is really desired.
#% Begin save design ... (date=04/14 19:01:09, mem=1915.4M)
% Begin Save ccopt configuration ... (date=04/14 19:01:09, mem=1915.4M)
% End Save ccopt configuration ... (date=04/14 19:01:09, total cpu=0:00:00.1, real=0:00:00.0, peak res=1917.3M, current mem=1917.3M)
% Begin Save netlist data ... (date=04/14 19:01:09, mem=1917.4M)
Writing Binary DB to microprocessor_pad_top_signoff.enc.dat/microprocessor_pad_top.v.bin in single-threaded mode...
% End Save netlist data ... (date=04/14 19:01:09, total cpu=0:00:00.1, real=0:00:00.0, peak res=1917.4M, current mem=1917.4M)
Saving symbol-table file ...
Saving congestion map file microprocessor_pad_top_signoff.enc.dat/microprocessor_pad_top.route.congmap.gz ...
% Begin Save AAE data ... (date=04/14 19:01:09, mem=1918.3M)
Saving AAE Data ...
% End Save AAE data ... (date=04/14 19:01:09, total cpu=0:00:00.1, real=0:00:00.0, peak res=1918.3M, current mem=1918.3M)
Saving preference file microprocessor_pad_top_signoff.enc.dat/gui.pref.tcl ...
Saving mode setting ...
Saving global file ...
% Begin Save floorplan data ... (date=04/14 19:01:10, mem=1919.4M)
Saving floorplan file ...
Convert 0 swires and 0 svias from compressed groups
% End Save floorplan data ... (date=04/14 19:01:10, total cpu=0:00:00.1, real=0:00:00.0, peak res=1919.9M, current mem=1919.9M)
Saving PG file microprocessor_pad_top_signoff.enc.dat/microprocessor_pad_top.pg.gz, version#2, (Created by Innovus v21.19-s058_1 on Tue Apr 14 19:01:10 2026)
*** Completed savePGFile (cpu=0:00:00.0 real=0:00:00.0 mem=7504.8M) ***
Saving Drc markers ...
... 114 markers are saved ...
... 0 geometry drc markers are saved ...
... 0 antenna drc markers are saved ...
% Begin Save placement data ... (date=04/14 19:01:10, mem=1920.1M)
** Saving stdCellPlacement_binary (version# 2) ...
Save Adaptive View Pruning View Names to Binary file
% End Save placement data ... (date=04/14 19:01:10, total cpu=0:00:00.1, real=0:00:00.0, peak res=1920.1M, current mem=1920.1M)
% Begin Save routing data ... (date=04/14 19:01:10, mem=1920.1M)
Saving route file ...
*** Completed saveRoute (cpu=0:00:00.1 real=0:00:01.0 mem=7504.8M) ***
% End Save routing data ... (date=04/14 19:01:11, total cpu=0:00:00.2, real=0:00:01.0, peak res=1920.4M, current mem=1920.4M)
Saving property file microprocessor_pad_top_signoff.enc.dat/microprocessor_pad_top.prop
*** Completed saveProperty (cpu=0:00:00.0 real=0:00:00.0 mem=7507.8M) ***
#Saving pin access data to file microprocessor_pad_top_signoff.enc.dat/microprocessor_pad_top.apa ...
% Begin Save power constraints data ... (date=04/14 19:01:11, mem=1920.8M)
% End Save power constraints data ... (date=04/14 19:01:11, total cpu=0:00:00.0, real=0:00:00.0, peak res=1920.9M, current mem=1920.9M)
rc_best rc_worst
Generated self-contained design microprocessor_pad_top_signoff.enc.dat
#% End save design ... (date=04/14 19:01:12, total cpu=0:00:01.8, real=0:00:03.0, peak res=1923.3M, current mem=1923.3M)
*** Message Summary: 0 warning(s), 0 error(s)


--------------------------------------------------------------------------------
Exiting Innovus on Tue Apr 14 19:02:29 2026
  Total CPU time:     0:05:08
  Total real time:    0:25:09
  Peak memory (main): 1959.92MB


*** Memory Usage v#1 (Current mem = 7553.758M, initial mem = 590.113M) ***
*** Message Summary: 1502 warning(s), 0 error(s)

--- Ending "Innovus" (totcpu=0:05:03, real=0:25:08, mem=7553.8M) ---
