###############################################################
#  Generated by:      Cadence Innovus 21.19-s058_1
#  OS:                Linux x86_64(Host ID vlsi.iitgn.ac.in)
#  Generated on:      Tue Apr 14 18:45:06 2026
#  Design:            microprocessor_pad_top
#  Command:           verifyConnectivity -type all -error 1000 -warning 50
###############################################################
Verify Connectivity Report is created on Tue Apr 14 18:45:06 2026



Net VDD_CORE, Pin Pin: pc3d01_clk/VDD; Direction: INOUT; Use: POWER;: has an unconnected terminal at (280.000, 163.500) (345.000, 194.560)
Net VDD_CORE, Pin Pin: pc3d01_dbg_sel_0/VDD; Direction: INOUT; Use: POWER;: has an unconnected terminal at (660.000, 163.500) (725.000, 194.560)
Net VDD_CORE, Pin Pin: pc3d01_dbg_sel_1/VDD; Direction: INOUT; Use: POWER;: has an unconnected terminal at (755.000, 163.500) (820.000, 194.560)
Net VDD_CORE, Pin Pin: pc3d01_mem_bank_sel_0/VDD; Direction: INOUT; Use: POWER;: has an unconnected terminal at (470.000, 163.500) (535.000, 194.560)
Net VDD_CORE, Pin Pin: pc3d01_mem_bank_sel_1/VDD; Direction: INOUT; Use: POWER;: has an unconnected terminal at (565.000, 163.500) (630.000, 194.560)
Net VDD_CORE, Pin Pin: pc3d01_rst/VDD; Direction: INOUT; Use: POWER;: has an unconnected terminal at (375.000, 163.500) (440.000, 194.560)
Net VDD_CORE, Pin Pin: pc3o05_CLKOUT/VDD; Direction: INOUT; Use: POWER;: has an unconnected terminal at (163.500, 1610.000) (194.560, 1675.000)
Net VDD_CORE, Pin Pin: pc3o05_dbg_out_0/VDD; Direction: INOUT; Use: POWER;: has an unconnected terminal at (1317.420, 163.500) (1382.420, 194.560)
Net VDD_CORE, Pin Pin: pc3o05_dbg_out_1/VDD; Direction: INOUT; Use: POWER;: has an unconnected terminal at (1412.420, 163.500) (1477.420, 194.560)
Net VDD_CORE, Pin Pin: pc3o05_dbg_out_2/VDD; Direction: INOUT; Use: POWER;: has an unconnected terminal at (1507.420, 163.500) (1572.420, 194.560)
Net VDD_CORE, Pin Pin: pc3o05_dbg_out_3/VDD; Direction: INOUT; Use: POWER;: has an unconnected terminal at (1602.420, 163.500) (1667.420, 194.560)
Net VDD_CORE, Pin Pin: pc3o05_dbg_out_4/VDD; Direction: INOUT; Use: POWER;: has an unconnected terminal at (1745.280, 278.000) (1776.340, 343.000)
Net VDD_CORE, Pin Pin: pc3o05_dbg_out_5/VDD; Direction: INOUT; Use: POWER;: has an unconnected terminal at (1745.280, 371.000) (1776.340, 436.000)
Net VDD_CORE, Pin Pin: pc3o05_dbg_out_6/VDD; Direction: INOUT; Use: POWER;: has an unconnected terminal at (1745.280, 464.000) (1776.340, 529.000)
Net VDD_CORE, Pin Pin: pc3o05_dbg_out_7/VDD; Direction: INOUT; Use: POWER;: has an unconnected terminal at (1745.280, 557.000) (1776.340, 622.000)
Net VDD_CORE, Pin Pin: pc3o05_dbg_out_8/VDD; Direction: INOUT; Use: POWER;: has an unconnected terminal at (1745.280, 650.000) (1776.340, 715.000)
Net VDD_CORE, Pin Pin: pc3o05_dbg_out_9/VDD; Direction: INOUT; Use: POWER;: has an unconnected terminal at (1745.280, 1262.920) (1776.340, 1327.920)
Net VDD_CORE, Pin Pin: pc3o05_dbg_out_10/VDD; Direction: INOUT; Use: POWER;: has an unconnected terminal at (1745.280, 1355.920) (1776.340, 1420.920)
Net VDD_CORE, Pin Pin: pc3o05_dbg_out_11/VDD; Direction: INOUT; Use: POWER;: has an unconnected terminal at (1745.280, 1448.920) (1776.340, 1513.920)
Net VDD_CORE, Pin Pin: pc3o05_dbg_out_12/VDD; Direction: INOUT; Use: POWER;: has an unconnected terminal at (1745.280, 1541.920) (1776.340, 1606.920)
Net VDD_CORE, Pin Pin: pc3o05_dbg_out_13/VDD; Direction: INOUT; Use: POWER;: has an unconnected terminal at (280.000, 1745.280) (345.000, 1776.340)
Net VDD_CORE, Pin Pin: pc3o05_dbg_out_14/VDD; Direction: INOUT; Use: POWER;: has an unconnected terminal at (375.000, 1745.280) (440.000, 1776.340)
Net VDD_CORE, Pin Pin: pc3o05_dbg_out_15/VDD; Direction: INOUT; Use: POWER;: has an unconnected terminal at (470.000, 1745.280) (535.000, 1776.340)
Net VDD_CORE, Pin Pin: pc3o05_dbg_out_16/VDD; Direction: INOUT; Use: POWER;: has an unconnected terminal at (565.000, 1745.280) (630.000, 1776.340)
Net VDD_CORE, Pin Pin: pc3o05_dbg_out_17/VDD; Direction: INOUT; Use: POWER;: has an unconnected terminal at (660.000, 1745.280) (725.000, 1776.340)
Net VDD_CORE, Pin Pin: pc3o05_dbg_out_18/VDD; Direction: INOUT; Use: POWER;: has an unconnected terminal at (1314.895, 1745.280) (1379.895, 1776.340)
Net VDD_CORE, Pin Pin: pc3o05_dbg_out_19/VDD; Direction: INOUT; Use: POWER;: has an unconnected terminal at (1409.895, 1745.280) (1474.895, 1776.340)
Net VDD_CORE, Pin Pin: pc3o05_dbg_out_20/VDD; Direction: INOUT; Use: POWER;: has an unconnected terminal at (1504.895, 1745.280) (1569.895, 1776.340)
Net VDD_CORE, Pin Pin: pc3o05_dbg_out_21/VDD; Direction: INOUT; Use: POWER;: has an unconnected terminal at (1599.895, 1745.280) (1664.895, 1776.340)
Net VDD_CORE, Pin Pin: pc3o05_dbg_out_22/VDD; Direction: INOUT; Use: POWER;: has an unconnected terminal at (163.500, 280.000) (194.560, 345.000)
Net VDD_CORE, Pin Pin: pc3o05_dbg_out_23/VDD; Direction: INOUT; Use: POWER;: has an unconnected terminal at (163.500, 375.000) (194.560, 440.000)
Net VDD_CORE, Pin Pin: pc3o05_dbg_out_24/VDD; Direction: INOUT; Use: POWER;: has an unconnected terminal at (163.500, 470.000) (194.560, 535.000)
Net VDD_CORE, Pin Pin: pc3o05_dbg_out_25/VDD; Direction: INOUT; Use: POWER;: has an unconnected terminal at (163.500, 565.000) (194.560, 630.000)
Net VDD_CORE, Pin Pin: pc3o05_dbg_out_26/VDD; Direction: INOUT; Use: POWER;: has an unconnected terminal at (163.500, 660.000) (194.560, 725.000)
Net VDD_CORE, Pin Pin: pc3o05_dbg_out_27/VDD; Direction: INOUT; Use: POWER;: has an unconnected terminal at (163.500, 1135.000) (194.560, 1200.000)
Net VDD_CORE, Pin Pin: pc3o05_dbg_out_28/VDD; Direction: INOUT; Use: POWER;: has an unconnected terminal at (163.500, 1230.000) (194.560, 1295.000)
Net VDD_CORE, Pin Pin: pc3o05_dbg_out_29/VDD; Direction: INOUT; Use: POWER;: has an unconnected terminal at (163.500, 1325.000) (194.560, 1390.000)
Net VDD_CORE, Pin Pin: pc3o05_dbg_out_30/VDD; Direction: INOUT; Use: POWER;: has an unconnected terminal at (163.500, 1420.000) (194.560, 1485.000)
Net VDD_CORE, Pin Pin: pc3o05_dbg_out_31/VDD; Direction: INOUT; Use: POWER;: has an unconnected terminal at (163.500, 1515.000) (194.560, 1580.000)
Net VDD_CORE, Pin Pin: pv0i_VSS_CORE_1/VDD; Direction: INOUT; Use: POWER;: has an unconnected terminal at (1032.420, 163.500) (1097.420, 194.560)
Net VDD_CORE, Pin Pin: pvda_VDDO_CORE_1/VDD; Direction: INOUT; Use: POWER;: has an unconnected terminal at (1127.420, 163.500) (1192.420, 194.560)
Net VDD_CORE, Pin Pin: pv0a_VSSO_CORE_1/VDD; Direction: INOUT; Use: POWER;: has an unconnected terminal at (1222.420, 163.500) (1287.420, 194.560)
Net VDD_CORE, Pin Pin: pv0i_VSS_CORE_2/VDD; Direction: INOUT; Use: POWER;: has an unconnected terminal at (1745.280, 983.920) (1776.340, 1048.920)
Net VDD_CORE, Pin Pin: pvda_VDDO_CORE_2/VDD; Direction: INOUT; Use: POWER;: has an unconnected terminal at (1745.280, 1076.920) (1776.340, 1141.920)
Net VDD_CORE, Pin Pin: pv0a_VSSO_CORE_2/VDD; Direction: INOUT; Use: POWER;: has an unconnected terminal at (1745.280, 1169.920) (1776.340, 1234.920)
Net VDD_CORE, Pin Pin: pv0i_VSS_CORE_3/VDD; Direction: INOUT; Use: POWER;: has an unconnected terminal at (939.950, 1745.280) (1004.950, 1776.340)
Net VDD_CORE, Pin Pin: pvda_VDDO_CORE_3/VDD; Direction: INOUT; Use: POWER;: has an unconnected terminal at (1124.895, 1745.280) (1189.895, 1776.340)
Net VDD_CORE, Pin Pin: pv0a_VSSO_CORE_3/VDD; Direction: INOUT; Use: POWER;: has an unconnected terminal at (1219.895, 1745.280) (1284.895, 1776.340)
Net VDD_CORE, Pin Pin: pv0i_VSS_CORE_4/VDD; Direction: INOUT; Use: POWER;: has an unconnected terminal at (163.500, 850.000) (194.560, 915.000)
Net VDD_CORE, Pin Pin: pvda_VDDO_CORE_4/VDD; Direction: INOUT; Use: POWER;: has an unconnected terminal at (163.500, 945.000) (194.560, 1010.000)
Net VDD_CORE, Pin Pin: pv0a_VSSO_CORE_4/VDD; Direction: INOUT; Use: POWER;: has an unconnected terminal at (163.500, 1040.000) (194.560, 1105.000)
Net VDD_CORE, Pin Pin: pv0i_VSS_CORE_5/VDD; Direction: INOUT; Use: POWER;: has an unconnected terminal at (1745.280, 890.920) (1776.340, 955.920)
Net VDD_CORE, Pin Pin: pvda_VDDO_CORE_5/VDD; Direction: INOUT; Use: POWER;: has an unconnected terminal at (1029.895, 1745.280) (1094.895, 1776.340)
Net VDD_CORE, Pin Pin: pv0a_VSSO_CORE_5/VDD; Direction: INOUT; Use: POWER;: has an unconnected terminal at (937.420, 163.500) (1002.420, 194.560)
Net VDD_CORE: has special routes with opens at (61.000, 61.000) (1878.840, 1878.840)
Net VSS_CORE, Pin Pin: pc3d01_clk/VSS; Direction: INOUT; Use: GROUND;: has an unconnected terminal at (280.000, 123.850) (345.000, 154.560)
Net VSS_CORE, Pin Pin: pc3d01_dbg_sel_0/VSS; Direction: INOUT; Use: GROUND;: has an unconnected terminal at (660.000, 123.850) (725.000, 154.560)
Net VSS_CORE, Pin Pin: pc3d01_dbg_sel_1/VSS; Direction: INOUT; Use: GROUND;: has an unconnected terminal at (755.000, 123.850) (820.000, 154.560)
Net VSS_CORE, Pin Pin: pc3d01_mem_bank_sel_0/VSS; Direction: INOUT; Use: GROUND;: has an unconnected terminal at (470.000, 123.850) (535.000, 154.560)
Net VSS_CORE, Pin Pin: pc3d01_mem_bank_sel_1/VSS; Direction: INOUT; Use: GROUND;: has an unconnected terminal at (565.000, 123.850) (630.000, 154.560)
Net VSS_CORE, Pin Pin: pc3d01_rst/VSS; Direction: INOUT; Use: GROUND;: has an unconnected terminal at (375.000, 123.850) (440.000, 154.560)
Net VSS_CORE, Pin Pin: pc3o05_CLKOUT/VSS; Direction: INOUT; Use: GROUND;: has an unconnected terminal at (123.850, 1610.000) (154.560, 1675.000)
Net VSS_CORE, Pin Pin: pc3o05_dbg_out_0/VSS; Direction: INOUT; Use: GROUND;: has an unconnected terminal at (1317.420, 123.850) (1382.420, 154.560)
Net VSS_CORE, Pin Pin: pc3o05_dbg_out_1/VSS; Direction: INOUT; Use: GROUND;: has an unconnected terminal at (1412.420, 123.850) (1477.420, 154.560)
Net VSS_CORE, Pin Pin: pc3o05_dbg_out_2/VSS; Direction: INOUT; Use: GROUND;: has an unconnected terminal at (1507.420, 123.850) (1572.420, 154.560)
Net VSS_CORE, Pin Pin: pc3o05_dbg_out_3/VSS; Direction: INOUT; Use: GROUND;: has an unconnected terminal at (1602.420, 123.850) (1667.420, 154.560)
Net VSS_CORE, Pin Pin: pc3o05_dbg_out_4/VSS; Direction: INOUT; Use: GROUND;: has an unconnected terminal at (1785.280, 278.000) (1815.990, 343.000)
Net VSS_CORE, Pin Pin: pc3o05_dbg_out_5/VSS; Direction: INOUT; Use: GROUND;: has an unconnected terminal at (1785.280, 371.000) (1815.990, 436.000)
Net VSS_CORE, Pin Pin: pc3o05_dbg_out_6/VSS; Direction: INOUT; Use: GROUND;: has an unconnected terminal at (1785.280, 464.000) (1815.990, 529.000)
Net VSS_CORE, Pin Pin: pc3o05_dbg_out_7/VSS; Direction: INOUT; Use: GROUND;: has an unconnected terminal at (1785.280, 557.000) (1815.990, 622.000)
Net VSS_CORE, Pin Pin: pc3o05_dbg_out_8/VSS; Direction: INOUT; Use: GROUND;: has an unconnected terminal at (1785.280, 650.000) (1815.990, 715.000)
Net VSS_CORE, Pin Pin: pc3o05_dbg_out_9/VSS; Direction: INOUT; Use: GROUND;: has an unconnected terminal at (1785.280, 1262.920) (1815.990, 1327.920)
Net VSS_CORE, Pin Pin: pc3o05_dbg_out_10/VSS; Direction: INOUT; Use: GROUND;: has an unconnected terminal at (1785.280, 1355.920) (1815.990, 1420.920)
Net VSS_CORE, Pin Pin: pc3o05_dbg_out_11/VSS; Direction: INOUT; Use: GROUND;: has an unconnected terminal at (1785.280, 1448.920) (1815.990, 1513.920)
Net VSS_CORE, Pin Pin: pc3o05_dbg_out_12/VSS; Direction: INOUT; Use: GROUND;: has an unconnected terminal at (1785.280, 1541.920) (1815.990, 1606.920)
Net VSS_CORE, Pin Pin: pc3o05_dbg_out_13/VSS; Direction: INOUT; Use: GROUND;: has an unconnected terminal at (280.000, 1785.280) (345.000, 1815.990)
Net VSS_CORE, Pin Pin: pc3o05_dbg_out_14/VSS; Direction: INOUT; Use: GROUND;: has an unconnected terminal at (375.000, 1785.280) (440.000, 1815.990)
Net VSS_CORE, Pin Pin: pc3o05_dbg_out_15/VSS; Direction: INOUT; Use: GROUND;: has an unconnected terminal at (470.000, 1785.280) (535.000, 1815.990)
Net VSS_CORE, Pin Pin: pc3o05_dbg_out_16/VSS; Direction: INOUT; Use: GROUND;: has an unconnected terminal at (565.000, 1785.280) (630.000, 1815.990)
Net VSS_CORE, Pin Pin: pc3o05_dbg_out_17/VSS; Direction: INOUT; Use: GROUND;: has an unconnected terminal at (660.000, 1785.280) (725.000, 1815.990)
Net VSS_CORE, Pin Pin: pc3o05_dbg_out_18/VSS; Direction: INOUT; Use: GROUND;: has an unconnected terminal at (1314.895, 1785.280) (1379.895, 1815.990)
Net VSS_CORE, Pin Pin: pc3o05_dbg_out_19/VSS; Direction: INOUT; Use: GROUND;: has an unconnected terminal at (1409.895, 1785.280) (1474.895, 1815.990)
Net VSS_CORE, Pin Pin: pc3o05_dbg_out_20/VSS; Direction: INOUT; Use: GROUND;: has an unconnected terminal at (1504.895, 1785.280) (1569.895, 1815.990)
Net VSS_CORE, Pin Pin: pc3o05_dbg_out_21/VSS; Direction: INOUT; Use: GROUND;: has an unconnected terminal at (1599.895, 1785.280) (1664.895, 1815.990)
Net VSS_CORE, Pin Pin: pc3o05_dbg_out_22/VSS; Direction: INOUT; Use: GROUND;: has an unconnected terminal at (123.850, 280.000) (154.560, 345.000)
Net VSS_CORE, Pin Pin: pc3o05_dbg_out_23/VSS; Direction: INOUT; Use: GROUND;: has an unconnected terminal at (123.850, 375.000) (154.560, 440.000)
Net VSS_CORE, Pin Pin: pc3o05_dbg_out_24/VSS; Direction: INOUT; Use: GROUND;: has an unconnected terminal at (123.850, 470.000) (154.560, 535.000)
Net VSS_CORE, Pin Pin: pc3o05_dbg_out_25/VSS; Direction: INOUT; Use: GROUND;: has an unconnected terminal at (123.850, 565.000) (154.560, 630.000)
Net VSS_CORE, Pin Pin: pc3o05_dbg_out_26/VSS; Direction: INOUT; Use: GROUND;: has an unconnected terminal at (123.850, 660.000) (154.560, 725.000)
Net VSS_CORE, Pin Pin: pc3o05_dbg_out_27/VSS; Direction: INOUT; Use: GROUND;: has an unconnected terminal at (123.850, 1135.000) (154.560, 1200.000)
Net VSS_CORE, Pin Pin: pc3o05_dbg_out_28/VSS; Direction: INOUT; Use: GROUND;: has an unconnected terminal at (123.850, 1230.000) (154.560, 1295.000)
Net VSS_CORE, Pin Pin: pc3o05_dbg_out_29/VSS; Direction: INOUT; Use: GROUND;: has an unconnected terminal at (123.850, 1325.000) (154.560, 1390.000)
Net VSS_CORE, Pin Pin: pc3o05_dbg_out_30/VSS; Direction: INOUT; Use: GROUND;: has an unconnected terminal at (123.850, 1420.000) (154.560, 1485.000)
Net VSS_CORE, Pin Pin: pc3o05_dbg_out_31/VSS; Direction: INOUT; Use: GROUND;: has an unconnected terminal at (123.850, 1515.000) (154.560, 1580.000)
Net VSS_CORE, Pin Pin: pvdi_VDD_CORE_1/VSS; Direction: INOUT; Use: GROUND;: has an unconnected terminal at (850.000, 123.850) (915.000, 154.560)
Net VSS_CORE, Pin Pin: pvda_VDDO_CORE_1/VSS; Direction: INOUT; Use: GROUND;: has an unconnected terminal at (1127.420, 123.850) (1192.420, 154.560)
Net VSS_CORE, Pin Pin: pv0a_VSSO_CORE_1/VSS; Direction: INOUT; Use: GROUND;: has an unconnected terminal at (1222.420, 123.850) (1287.420, 154.560)
Net VSS_CORE, Pin Pin: pvdi_VDD_CORE_2/VSS; Direction: INOUT; Use: GROUND;: has an unconnected terminal at (1785.280, 743.000) (1815.990, 808.000)
Net VSS_CORE, Pin Pin: pvda_VDDO_CORE_2/VSS; Direction: INOUT; Use: GROUND;: has an unconnected terminal at (1785.280, 1076.920) (1815.990, 1141.920)
Net VSS_CORE, Pin Pin: pv0a_VSSO_CORE_2/VSS; Direction: INOUT; Use: GROUND;: has an unconnected terminal at (1785.280, 1169.920) (1815.990, 1234.920)
Net VSS_CORE, Pin Pin: pvdi_VDD_CORE_3/VSS; Direction: INOUT; Use: GROUND;: has an unconnected terminal at (755.000, 1785.280) (820.000, 1815.990)
Net VSS_CORE, Pin Pin: pvda_VDDO_CORE_3/VSS; Direction: INOUT; Use: GROUND;: has an unconnected terminal at (1124.895, 1785.280) (1189.895, 1815.990)
Net VSS_CORE, Pin Pin: pv0a_VSSO_CORE_3/VSS; Direction: INOUT; Use: GROUND;: has an unconnected terminal at (1219.895, 1785.280) (1284.895, 1815.990)
Net VSS_CORE, Pin Pin: pvdi_VDD_CORE_4/VSS; Direction: INOUT; Use: GROUND;: has an unconnected terminal at (123.850, 755.000) (154.560, 820.000)
Net VSS_CORE, Pin Pin: pvda_VDDO_CORE_4/VSS; Direction: INOUT; Use: GROUND;: has an unconnected terminal at (123.850, 945.000) (154.560, 1010.000)
Net VSS_CORE, Pin Pin: pv0a_VSSO_CORE_4/VSS; Direction: INOUT; Use: GROUND;: has an unconnected terminal at (123.850, 1040.000) (154.560, 1105.000)
Net VSS_CORE, Pin Pin: pvdi_VDD_CORE_5/VSS; Direction: INOUT; Use: GROUND;: has an unconnected terminal at (844.950, 1785.280) (909.950, 1815.990)
Net VSS_CORE, Pin Pin: pvda_VDDO_CORE_5/VSS; Direction: INOUT; Use: GROUND;: has an unconnected terminal at (1029.895, 1785.280) (1094.895, 1815.990)
Net VSS_CORE, Pin Pin: pv0a_VSSO_CORE_5/VSS; Direction: INOUT; Use: GROUND;: has an unconnected terminal at (937.420, 123.850) (1002.420, 154.560)
Net VSS_CORE: has special routes with opens at (61.000, 61.000) (1878.840, 1878.840)
Net VDDO_CORE: no routing
Net VSSO_CORE: no routing

Begin Summary
    2 Problem(s) (IMPVFC-98): Net has no global routing and no special routing.
    108 Problem(s) (IMPVFC-96): Terminal(s) are not connected.
    2 Problem(s) (IMPVFC-200): Special Wires: Pieces of the net are not connected together.
    112 total info(s) created.
End Summary
