********************************************************************************
Product   : Virtuoso(R) XStream In
Program   : @(#)$CDS: strmin version 6.1.8-64b 03/13/2021 15:41 (cpgsrv07) $
          : sub-version  IC6.1.8-64b.500.17 
Started at: 14-Apr-2026  19:10:12
User Name : thoshith
Host Name : vlsi.iitgn.ac.in
Directory : /home/thoshith/work_risc_v/scl6m/signoff
CADENCE Design Systems, Inc.
********************************************************************************
Info: Cellview Rev Num:99,  Tech Rev Num:59

WARNING (XSTRM-75): Target library 'RISCV_ICD' is attached to the technology library 'ts018_scl_prim'. Therefore, the technology file is opened in read-only mode. All the undefined layer-purpose pairs will be dropped.
WARNING (XSTRM-107): Existing cells in the target library will be overwritten if the cell names in the Stream file and the target library are the same. To prevent this, set the '-writeMode' option to 'noOverwrite'.
INFO (XSTRM-217): Reading the layer map file, /opt/tools/Cadence/Cadence_lib/scl_pdk_v2/design_kit/pdklib/cadence/OA/ts018_scl_prim/ts018_scl_prim.layermap
INFO (XSTRM-217): Reading the object map file, /opt/tools/Cadence/Cadence_lib/scl_pdk_v2/design_kit/pdklib/cadence/OA/ts018_scl_prim/ts018_scl_prim.objectmap
WARNING (XSTRM-155): Ignoring the Stream layer:datatype pair '235:0' at row '1' in the object map file '/opt/tools/Cadence/Cadence_lib/scl_pdk_v2/design_kit/pdklib/cadence/OA/ts018_scl_prim/ts018_scl_prim.objectmap' because it is also defined in the layer map file. Additionally, shapes in GDS on '235:0' with properties indicating they were translated from objects in the OpenAccess database will be translated back to objects. The remaining shapes will be translated to shapes.
INFO (XSTRM-163): You have not used the viaMap option. If a viaMap file, corresponding techfile or technology library exist, then use the -viaMap option for creating oaVia instances in the Streamed-In library. Using the -viaMap option improves performance and VM usage of applications using the Streamed-In design. For details on the viaMap option, refer to the "Design Data Translator's Reference" guide for XStream.

Summary of Options:
	library				RISCV_ICD
	strmFile			/opt/tools/Cadence/Cadence_lib/scl_pdk_v3/SCLPDK_V3.0_KIT/scl180/stdcell/fs120/6M1L/gds/scl18fs120.gds
	logFile				strmIn.log
	view				layout
	case				Preserve
	layerMap			/opt/tools/Cadence/Cadence_lib/scl_pdk_v2/design_kit/pdklib/cadence/OA/ts018_scl_prim/ts018_scl_prim.layermap
	propSeparator			,
	attachTechFileOfLib				ts018_scl_prim
	objectMap			 /opt/tools/Cadence/Cadence_lib/scl_pdk_v2/design_kit/pdklib/cadence/OA/ts018_scl_prim/ts018_scl_prim.objectmap

INFO (XSTRM-220): 1. Translating STRUCTURE ad01d4 as cellView RISCV_ICD/ad01d4/layout.
INFO (XSTRM-220): 2. Translating STRUCTURE adp1d4 as cellView RISCV_ICD/adp1d4/layout.
INFO (XSTRM-220): 3. Translating STRUCTURE ah01d4 as cellView RISCV_ICD/ah01d4/layout.
INFO (XSTRM-220): 4. Translating STRUCTURE an02d7 as cellView RISCV_ICD/an02d7/layout.
INFO (XSTRM-220): 5. Translating STRUCTURE an02da as cellView RISCV_ICD/an02da/layout.
INFO (XSTRM-220): 6. Translating STRUCTURE an03d7 as cellView RISCV_ICD/an03d7/layout.
INFO (XSTRM-220): 7. Translating STRUCTURE an03da as cellView RISCV_ICD/an03da/layout.
INFO (XSTRM-220): 8. Translating STRUCTURE an04d7 as cellView RISCV_ICD/an04d7/layout.
INFO (XSTRM-220): 9. Translating STRUCTURE an04da as cellView RISCV_ICD/an04da/layout.
INFO (XSTRM-220): 10. Translating STRUCTURE bufbd2 as cellView RISCV_ICD/bufbd2/layout.
INFO (XSTRM-220): 11. Translating STRUCTURE bufbd4 as cellView RISCV_ICD/bufbd4/layout.
INFO (XSTRM-220): 12. Translating STRUCTURE bufbdf as cellView RISCV_ICD/bufbdf/layout.
INFO (XSTRM-220): 13. Translating STRUCTURE bufbdk as cellView RISCV_ICD/bufbdk/layout.
INFO (XSTRM-220): 14. Translating STRUCTURE buffd2 as cellView RISCV_ICD/buffd2/layout.
INFO (XSTRM-220): 15. Translating STRUCTURE buffd4 as cellView RISCV_ICD/buffd4/layout.
INFO (XSTRM-220): 16. Translating STRUCTURE cg01d4 as cellView RISCV_ICD/cg01d4/layout.
INFO (XSTRM-220): 17. Translating STRUCTURE decfq4 as cellView RISCV_ICD/decfq4/layout.
INFO (XSTRM-220): 18. Translating STRUCTURE decrq4 as cellView RISCV_ICD/decrq4/layout.
INFO (XSTRM-220): 19. Translating STRUCTURE denrq4 as cellView RISCV_ICD/denrq4/layout.
INFO (XSTRM-220): 20. Translating STRUCTURE depfq4 as cellView RISCV_ICD/depfq4/layout.
INFO (XSTRM-220): 21. Translating STRUCTURE deprq4 as cellView RISCV_ICD/deprq4/layout.
INFO (XSTRM-220): 22. Translating STRUCTURE dfbfb4 as cellView RISCV_ICD/dfbfb4/layout.
INFO (XSTRM-220): 23. Translating STRUCTURE dfbrb4 as cellView RISCV_ICD/dfbrb4/layout.
INFO (XSTRM-220): 24. Translating STRUCTURE dfcfb4 as cellView RISCV_ICD/dfcfb4/layout.
INFO (XSTRM-220): 25. Translating STRUCTURE dfcfq4 as cellView RISCV_ICD/dfcfq4/layout.
INFO (XSTRM-220): 26. Translating STRUCTURE dfcrb4 as cellView RISCV_ICD/dfcrb4/layout.
INFO (XSTRM-220): 27. Translating STRUCTURE dfcrn4 as cellView RISCV_ICD/dfcrn4/layout.
INFO (XSTRM-220): 28. Translating STRUCTURE dfcrq4 as cellView RISCV_ICD/dfcrq4/layout.
INFO (XSTRM-220): 29. Translating STRUCTURE dfnfb4 as cellView RISCV_ICD/dfnfb4/layout.
INFO (XSTRM-220): 30. Translating STRUCTURE dfnrb4 as cellView RISCV_ICD/dfnrb4/layout.
INFO (XSTRM-220): 31. Translating STRUCTURE dfnrn4 as cellView RISCV_ICD/dfnrn4/layout.
INFO (XSTRM-220): 32. Translating STRUCTURE dfnrq4 as cellView RISCV_ICD/dfnrq4/layout.
INFO (XSTRM-220): 33. Translating STRUCTURE dfpfb4 as cellView RISCV_ICD/dfpfb4/layout.
INFO (XSTRM-220): 34. Translating STRUCTURE dfprb4 as cellView RISCV_ICD/dfprb4/layout.
INFO (XSTRM-220): 35. Translating STRUCTURE dl01d2 as cellView RISCV_ICD/dl01d2/layout.
INFO (XSTRM-220): 36. Translating STRUCTURE dl01d4 as cellView RISCV_ICD/dl01d4/layout.
INFO (XSTRM-220): 37. Translating STRUCTURE dl02d2 as cellView RISCV_ICD/dl02d2/layout.
INFO (XSTRM-220): 38. Translating STRUCTURE dl02d4 as cellView RISCV_ICD/dl02d4/layout.
INFO (XSTRM-220): 39. Translating STRUCTURE dl03d2 as cellView RISCV_ICD/dl03d2/layout.
INFO (XSTRM-220): 40. Translating STRUCTURE dl03d4 as cellView RISCV_ICD/dl03d4/layout.
INFO (XSTRM-220): 41. Translating STRUCTURE dl04d2 as cellView RISCV_ICD/dl04d2/layout.
INFO (XSTRM-220): 42. Translating STRUCTURE dl04d4 as cellView RISCV_ICD/dl04d4/layout.
INFO (XSTRM-220): 43. Translating STRUCTURE gclfsn1 as cellView RISCV_ICD/gclfsn1/layout.
INFO (XSTRM-220): 44. Translating STRUCTURE gclfsn2 as cellView RISCV_ICD/gclfsn2/layout.
INFO (XSTRM-220): 45. Translating STRUCTURE gclfsn4 as cellView RISCV_ICD/gclfsn4/layout.
INFO (XSTRM-220): 46. Translating STRUCTURE gclfsn7 as cellView RISCV_ICD/gclfsn7/layout.
INFO (XSTRM-220): 47. Translating STRUCTURE gclfsna as cellView RISCV_ICD/gclfsna/layout.
INFO (XSTRM-220): 48. Translating STRUCTURE gclrsn1 as cellView RISCV_ICD/gclrsn1/layout.
INFO (XSTRM-220): 49. Translating STRUCTURE gclrsn2 as cellView RISCV_ICD/gclrsn2/layout.
INFO (XSTRM-220): 50. Translating STRUCTURE gclrsn4 as cellView RISCV_ICD/gclrsn4/layout.
INFO (XSTRM-220): 51. Translating STRUCTURE gclrsn7 as cellView RISCV_ICD/gclrsn7/layout.
INFO (XSTRM-220): 52. Translating STRUCTURE gclrsna as cellView RISCV_ICD/gclrsna/layout.
INFO (XSTRM-220): 53. Translating STRUCTURE gcnfnn1 as cellView RISCV_ICD/gcnfnn1/layout.
INFO (XSTRM-220): 54. Translating STRUCTURE gcnfnn2 as cellView RISCV_ICD/gcnfnn2/layout.
INFO (XSTRM-220): 55. Translating STRUCTURE gcnfnn4 as cellView RISCV_ICD/gcnfnn4/layout.
INFO (XSTRM-220): 56. Translating STRUCTURE gcnfnn7 as cellView RISCV_ICD/gcnfnn7/layout.
INFO (XSTRM-220): 57. Translating STRUCTURE gcnfnna as cellView RISCV_ICD/gcnfnna/layout.
INFO (XSTRM-220): 58. Translating STRUCTURE gcnrnn1 as cellView RISCV_ICD/gcnrnn1/layout.
INFO (XSTRM-220): 59. Translating STRUCTURE gcnrnn2 as cellView RISCV_ICD/gcnrnn2/layout.
INFO (XSTRM-220): 60. Translating STRUCTURE gcnrnn4 as cellView RISCV_ICD/gcnrnn4/layout.
INFO (XSTRM-220): 61. Translating STRUCTURE gcnrnn7 as cellView RISCV_ICD/gcnrnn7/layout.
INFO (XSTRM-220): 62. Translating STRUCTURE gcnrnna as cellView RISCV_ICD/gcnrnna/layout.
INFO (XSTRM-220): 63. Translating STRUCTURE invbd7 as cellView RISCV_ICD/invbd7/layout.
INFO (XSTRM-220): 64. Translating STRUCTURE invbda as cellView RISCV_ICD/invbda/layout.
INFO (XSTRM-220): 65. Translating STRUCTURE invbdf as cellView RISCV_ICD/invbdf/layout.
INFO (XSTRM-220): 66. Translating STRUCTURE invbdk as cellView RISCV_ICD/invbdk/layout.
INFO (XSTRM-220): 67. Translating STRUCTURE jkbrb4 as cellView RISCV_ICD/jkbrb4/layout.
INFO (XSTRM-220): 68. Translating STRUCTURE labhb4 as cellView RISCV_ICD/labhb4/layout.
INFO (XSTRM-220): 69. Translating STRUCTURE lachq4 as cellView RISCV_ICD/lachq4/layout.
INFO (XSTRM-220): 70. Translating STRUCTURE laclq4 as cellView RISCV_ICD/laclq4/layout.
INFO (XSTRM-220): 71. Translating STRUCTURE lanhb4 as cellView RISCV_ICD/lanhb4/layout.
INFO (XSTRM-220): 72. Translating STRUCTURE lanhn4 as cellView RISCV_ICD/lanhn4/layout.
INFO (XSTRM-220): 73. Translating STRUCTURE lanhq4 as cellView RISCV_ICD/lanhq4/layout.
INFO (XSTRM-220): 74. Translating STRUCTURE lanht4 as cellView RISCV_ICD/lanht4/layout.
INFO (XSTRM-220): 75. Translating STRUCTURE lanlb4 as cellView RISCV_ICD/lanlb4/layout.
INFO (XSTRM-220): 76. Translating STRUCTURE lanln4 as cellView RISCV_ICD/lanln4/layout.
INFO (XSTRM-220): 77. Translating STRUCTURE lanlq4 as cellView RISCV_ICD/lanlq4/layout.
INFO (XSTRM-220): 78. Translating STRUCTURE mffnrb4 as cellView RISCV_ICD/mffnrb4/layout.
INFO (XSTRM-220): 79. Translating STRUCTURE mx08d1 as cellView RISCV_ICD/mx08d1/layout.
INFO (XSTRM-220): 80. Translating STRUCTURE mx08d2 as cellView RISCV_ICD/mx08d2/layout.
INFO (XSTRM-220): 81. Translating STRUCTURE mx08d4 as cellView RISCV_ICD/mx08d4/layout.
INFO (XSTRM-220): 82. Translating STRUCTURE nd02d7 as cellView RISCV_ICD/nd02d7/layout.
INFO (XSTRM-220): 83. Translating STRUCTURE nd02da as cellView RISCV_ICD/nd02da/layout.
INFO (XSTRM-220): 84. Translating STRUCTURE nd03d7 as cellView RISCV_ICD/nd03d7/layout.
INFO (XSTRM-220): 85. Translating STRUCTURE nd03da as cellView RISCV_ICD/nd03da/layout.
INFO (XSTRM-220): 86. Translating STRUCTURE nd04d7 as cellView RISCV_ICD/nd04d7/layout.
INFO (XSTRM-220): 87. Translating STRUCTURE nd04da as cellView RISCV_ICD/nd04da/layout.
INFO (XSTRM-220): 88. Translating STRUCTURE nr02d7 as cellView RISCV_ICD/nr02d7/layout.
INFO (XSTRM-220): 89. Translating STRUCTURE nr02da as cellView RISCV_ICD/nr02da/layout.
INFO (XSTRM-220): 90. Translating STRUCTURE nr03d7 as cellView RISCV_ICD/nr03d7/layout.
INFO (XSTRM-220): 91. Translating STRUCTURE nr03da as cellView RISCV_ICD/nr03da/layout.
INFO (XSTRM-220): 92. Translating STRUCTURE nr04d7 as cellView RISCV_ICD/nr04d7/layout.
INFO (XSTRM-220): 93. Translating STRUCTURE nr04da as cellView RISCV_ICD/nr04da/layout.
INFO (XSTRM-220): 94. Translating STRUCTURE or02d7 as cellView RISCV_ICD/or02d7/layout.
INFO (XSTRM-220): 95. Translating STRUCTURE or02da as cellView RISCV_ICD/or02da/layout.
INFO (XSTRM-220): 96. Translating STRUCTURE or03d7 as cellView RISCV_ICD/or03d7/layout.
INFO (XSTRM-220): 97. Translating STRUCTURE or03da as cellView RISCV_ICD/or03da/layout.
INFO (XSTRM-220): 98. Translating STRUCTURE or04d7 as cellView RISCV_ICD/or04d7/layout.
INFO (XSTRM-220): 99. Translating STRUCTURE or04da as cellView RISCV_ICD/or04da/layout.
INFO (XSTRM-220): 100. Translating STRUCTURE sdbfb1 as cellView RISCV_ICD/sdbfb1/layout.
INFO (XSTRM-220): 101. Translating STRUCTURE sdbfb2 as cellView RISCV_ICD/sdbfb2/layout.
INFO (XSTRM-220): 102. Translating STRUCTURE sdbfb4 as cellView RISCV_ICD/sdbfb4/layout.
INFO (XSTRM-220): 103. Translating STRUCTURE sdbrb4 as cellView RISCV_ICD/sdbrb4/layout.
INFO (XSTRM-220): 104. Translating STRUCTURE sdcfb1 as cellView RISCV_ICD/sdcfb1/layout.
INFO (XSTRM-220): 105. Translating STRUCTURE sdcfb2 as cellView RISCV_ICD/sdcfb2/layout.
INFO (XSTRM-220): 106. Translating STRUCTURE sdcfb4 as cellView RISCV_ICD/sdcfb4/layout.
INFO (XSTRM-220): 107. Translating STRUCTURE sdcfq4 as cellView RISCV_ICD/sdcfq4/layout.
INFO (XSTRM-220): 108. Translating STRUCTURE sdcrb4 as cellView RISCV_ICD/sdcrb4/layout.
INFO (XSTRM-220): 109. Translating STRUCTURE sdcrn4 as cellView RISCV_ICD/sdcrn4/layout.
INFO (XSTRM-220): 110. Translating STRUCTURE sdcrq4 as cellView RISCV_ICD/sdcrq4/layout.
INFO (XSTRM-220): 111. Translating STRUCTURE sdnfb1 as cellView RISCV_ICD/sdnfb1/layout.
INFO (XSTRM-220): 112. Translating STRUCTURE sdnfb2 as cellView RISCV_ICD/sdnfb2/layout.
INFO (XSTRM-220): 113. Translating STRUCTURE sdnfb4 as cellView RISCV_ICD/sdnfb4/layout.
INFO (XSTRM-220): 114. Translating STRUCTURE sdnrb4 as cellView RISCV_ICD/sdnrb4/layout.
INFO (XSTRM-220): 115. Translating STRUCTURE sdnrn4 as cellView RISCV_ICD/sdnrn4/layout.
INFO (XSTRM-220): 116. Translating STRUCTURE sdnrq4 as cellView RISCV_ICD/sdnrq4/layout.
INFO (XSTRM-220): 117. Translating STRUCTURE sdpfb1 as cellView RISCV_ICD/sdpfb1/layout.
INFO (XSTRM-220): 118. Translating STRUCTURE sdpfb2 as cellView RISCV_ICD/sdpfb2/layout.
INFO (XSTRM-220): 119. Translating STRUCTURE sdpfb4 as cellView RISCV_ICD/sdpfb4/layout.
INFO (XSTRM-220): 120. Translating STRUCTURE sdprb4 as cellView RISCV_ICD/sdprb4/layout.
INFO (XSTRM-220): 121. Translating STRUCTURE secfq1 as cellView RISCV_ICD/secfq1/layout.
INFO (XSTRM-220): 122. Translating STRUCTURE secfq2 as cellView RISCV_ICD/secfq2/layout.
INFO (XSTRM-220): 123. Translating STRUCTURE secfq4 as cellView RISCV_ICD/secfq4/layout.
INFO (XSTRM-220): 124. Translating STRUCTURE secrq4 as cellView RISCV_ICD/secrq4/layout.
INFO (XSTRM-220): 125. Translating STRUCTURE senrb1 as cellView RISCV_ICD/senrb1/layout.
INFO (XSTRM-220): 126. Translating STRUCTURE senrb2 as cellView RISCV_ICD/senrb2/layout.
INFO (XSTRM-220): 127. Translating STRUCTURE senrb4 as cellView RISCV_ICD/senrb4/layout.
INFO (XSTRM-220): 128. Translating STRUCTURE senrq4 as cellView RISCV_ICD/senrq4/layout.
INFO (XSTRM-220): 129. Translating STRUCTURE sepfq1 as cellView RISCV_ICD/sepfq1/layout.
INFO (XSTRM-220): 130. Translating STRUCTURE sepfq2 as cellView RISCV_ICD/sepfq2/layout.
INFO (XSTRM-220): 131. Translating STRUCTURE sepfq4 as cellView RISCV_ICD/sepfq4/layout.
INFO (XSTRM-220): 132. Translating STRUCTURE seprq4 as cellView RISCV_ICD/seprq4/layout.
INFO (XSTRM-220): 133. Translating STRUCTURE skbrb1 as cellView RISCV_ICD/skbrb1/layout.
INFO (XSTRM-220): 134. Translating STRUCTURE skbrb2 as cellView RISCV_ICD/skbrb2/layout.
INFO (XSTRM-220): 135. Translating STRUCTURE skbrb4 as cellView RISCV_ICD/skbrb4/layout.
INFO (XSTRM-220): 136. Translating STRUCTURE slbhb1 as cellView RISCV_ICD/slbhb1/layout.
INFO (XSTRM-220): 137. Translating STRUCTURE slbhb2 as cellView RISCV_ICD/slbhb2/layout.
INFO (XSTRM-220): 138. Translating STRUCTURE slbhb4 as cellView RISCV_ICD/slbhb4/layout.
INFO (XSTRM-220): 139. Translating STRUCTURE slchq1 as cellView RISCV_ICD/slchq1/layout.
INFO (XSTRM-220): 140. Translating STRUCTURE slchq2 as cellView RISCV_ICD/slchq2/layout.
INFO (XSTRM-220): 141. Translating STRUCTURE slchq4 as cellView RISCV_ICD/slchq4/layout.
INFO (XSTRM-220): 142. Translating STRUCTURE slclq1 as cellView RISCV_ICD/slclq1/layout.
INFO (XSTRM-220): 143. Translating STRUCTURE slclq2 as cellView RISCV_ICD/slclq2/layout.
INFO (XSTRM-220): 144. Translating STRUCTURE slclq4 as cellView RISCV_ICD/slclq4/layout.
INFO (XSTRM-220): 145. Translating STRUCTURE slnhb1 as cellView RISCV_ICD/slnhb1/layout.
INFO (XSTRM-220): 146. Translating STRUCTURE slnhb2 as cellView RISCV_ICD/slnhb2/layout.
INFO (XSTRM-220): 147. Translating STRUCTURE slnhb4 as cellView RISCV_ICD/slnhb4/layout.
INFO (XSTRM-220): 148. Translating STRUCTURE slnhn1 as cellView RISCV_ICD/slnhn1/layout.
INFO (XSTRM-220): 149. Translating STRUCTURE slnhn2 as cellView RISCV_ICD/slnhn2/layout.
INFO (XSTRM-220): 150. Translating STRUCTURE slnhn4 as cellView RISCV_ICD/slnhn4/layout.
INFO (XSTRM-220): 151. Translating STRUCTURE slnhq1 as cellView RISCV_ICD/slnhq1/layout.
INFO (XSTRM-220): 152. Translating STRUCTURE slnhq2 as cellView RISCV_ICD/slnhq2/layout.
INFO (XSTRM-220): 153. Translating STRUCTURE slnhq4 as cellView RISCV_ICD/slnhq4/layout.
INFO (XSTRM-220): 154. Translating STRUCTURE slnht1 as cellView RISCV_ICD/slnht1/layout.
INFO (XSTRM-220): 155. Translating STRUCTURE slnht2 as cellView RISCV_ICD/slnht2/layout.
INFO (XSTRM-220): 156. Translating STRUCTURE slnht4 as cellView RISCV_ICD/slnht4/layout.
INFO (XSTRM-220): 157. Translating STRUCTURE slnlb1 as cellView RISCV_ICD/slnlb1/layout.
INFO (XSTRM-220): 158. Translating STRUCTURE slnlb2 as cellView RISCV_ICD/slnlb2/layout.
INFO (XSTRM-220): 159. Translating STRUCTURE slnlb4 as cellView RISCV_ICD/slnlb4/layout.
INFO (XSTRM-220): 160. Translating STRUCTURE slnln1 as cellView RISCV_ICD/slnln1/layout.
INFO (XSTRM-220): 161. Translating STRUCTURE slnln2 as cellView RISCV_ICD/slnln2/layout.
INFO (XSTRM-220): 162. Translating STRUCTURE slnln4 as cellView RISCV_ICD/slnln4/layout.
INFO (XSTRM-220): 163. Translating STRUCTURE slnlq1 as cellView RISCV_ICD/slnlq1/layout.
INFO (XSTRM-220): 164. Translating STRUCTURE slnlq2 as cellView RISCV_ICD/slnlq2/layout.
INFO (XSTRM-220): 165. Translating STRUCTURE slnlq4 as cellView RISCV_ICD/slnlq4/layout.
INFO (XSTRM-220): 166. Translating STRUCTURE srlab4 as cellView RISCV_ICD/srlab4/layout.
INFO (XSTRM-220): 167. Translating STRUCTURE su01d4 as cellView RISCV_ICD/su01d4/layout.
INFO (XSTRM-220): 168. Translating STRUCTURE xn02d7 as cellView RISCV_ICD/xn02d7/layout.
INFO (XSTRM-220): 169. Translating STRUCTURE xn02da as cellView RISCV_ICD/xn02da/layout.
INFO (XSTRM-220): 170. Translating STRUCTURE xr02d7 as cellView RISCV_ICD/xr02d7/layout.
INFO (XSTRM-220): 171. Translating STRUCTURE xr02da as cellView RISCV_ICD/xr02da/layout.
INFO (XSTRM-220): 172. Translating STRUCTURE xr03d7 as cellView RISCV_ICD/xr03d7/layout.
INFO (XSTRM-220): 173. Translating STRUCTURE xr03da as cellView RISCV_ICD/xr03da/layout.
INFO (XSTRM-220): 174. Translating STRUCTURE ad01d0 as cellView RISCV_ICD/ad01d0/layout.
INFO (XSTRM-220): 175. Translating STRUCTURE ad01d1 as cellView RISCV_ICD/ad01d1/layout.
INFO (XSTRM-220): 176. Translating STRUCTURE ad01d2 as cellView RISCV_ICD/ad01d2/layout.
INFO (XSTRM-220): 177. Translating STRUCTURE adiode as cellView RISCV_ICD/adiode/layout.
INFO (XSTRM-220): 178. Translating STRUCTURE adp1d0 as cellView RISCV_ICD/adp1d0/layout.
INFO (XSTRM-220): 179. Translating STRUCTURE adp1d1 as cellView RISCV_ICD/adp1d1/layout.
INFO (XSTRM-220): 180. Translating STRUCTURE adp1d2 as cellView RISCV_ICD/adp1d2/layout.
INFO (XSTRM-220): 181. Translating STRUCTURE ah01d0 as cellView RISCV_ICD/ah01d0/layout.
INFO (XSTRM-220): 182. Translating STRUCTURE ah01d1 as cellView RISCV_ICD/ah01d1/layout.
INFO (XSTRM-220): 183. Translating STRUCTURE ah01d2 as cellView RISCV_ICD/ah01d2/layout.
INFO (XSTRM-220): 184. Translating STRUCTURE an02d0 as cellView RISCV_ICD/an02d0/layout.
INFO (XSTRM-220): 185. Translating STRUCTURE an02d1 as cellView RISCV_ICD/an02d1/layout.
INFO (XSTRM-220): 186. Translating STRUCTURE an02d2 as cellView RISCV_ICD/an02d2/layout.
INFO (XSTRM-220): 187. Translating STRUCTURE an02d4 as cellView RISCV_ICD/an02d4/layout.
INFO (XSTRM-220): 188. Translating STRUCTURE an03d0 as cellView RISCV_ICD/an03d0/layout.
INFO (XSTRM-220): 189. Translating STRUCTURE an03d1 as cellView RISCV_ICD/an03d1/layout.
INFO (XSTRM-220): 190. Translating STRUCTURE an03d2 as cellView RISCV_ICD/an03d2/layout.
INFO (XSTRM-220): 191. Translating STRUCTURE an03d4 as cellView RISCV_ICD/an03d4/layout.
INFO (XSTRM-220): 192. Translating STRUCTURE an04d0 as cellView RISCV_ICD/an04d0/layout.
INFO (XSTRM-220): 193. Translating STRUCTURE an04d1 as cellView RISCV_ICD/an04d1/layout.
INFO (XSTRM-220): 194. Translating STRUCTURE an04d2 as cellView RISCV_ICD/an04d2/layout.
INFO (XSTRM-220): 195. Translating STRUCTURE an04d4 as cellView RISCV_ICD/an04d4/layout.
INFO (XSTRM-220): 196. Translating STRUCTURE an12d1 as cellView RISCV_ICD/an12d1/layout.
INFO (XSTRM-220): 197. Translating STRUCTURE an12d2 as cellView RISCV_ICD/an12d2/layout.
INFO (XSTRM-220): 198. Translating STRUCTURE an12d4 as cellView RISCV_ICD/an12d4/layout.
INFO (XSTRM-220): 199. Translating STRUCTURE aoi211d1 as cellView RISCV_ICD/aoi211d1/layout.
INFO (XSTRM-220): 200. Translating STRUCTURE aoi211d2 as cellView RISCV_ICD/aoi211d2/layout.
INFO (XSTRM-220): 201. Translating STRUCTURE aoi211d4 as cellView RISCV_ICD/aoi211d4/layout.
INFO (XSTRM-220): 202. Translating STRUCTURE aoi21d1 as cellView RISCV_ICD/aoi21d1/layout.
INFO (XSTRM-220): 203. Translating STRUCTURE aoi21d2 as cellView RISCV_ICD/aoi21d2/layout.
INFO (XSTRM-220): 204. Translating STRUCTURE aoi21d4 as cellView RISCV_ICD/aoi21d4/layout.
INFO (XSTRM-220): 205. Translating STRUCTURE aoi221d1 as cellView RISCV_ICD/aoi221d1/layout.
INFO (XSTRM-220): 206. Translating STRUCTURE aoi221d2 as cellView RISCV_ICD/aoi221d2/layout.
INFO (XSTRM-220): 207. Translating STRUCTURE aoi221d4 as cellView RISCV_ICD/aoi221d4/layout.
INFO (XSTRM-220): 208. Translating STRUCTURE aoi2222d1 as cellView RISCV_ICD/aoi2222d1/layout.
INFO (XSTRM-220): 209. Translating STRUCTURE aoi2222d2 as cellView RISCV_ICD/aoi2222d2/layout.
INFO (XSTRM-220): 210. Translating STRUCTURE aoi2222d4 as cellView RISCV_ICD/aoi2222d4/layout.
INFO (XSTRM-220): 211. Translating STRUCTURE aoi222d1 as cellView RISCV_ICD/aoi222d1/layout.
INFO (XSTRM-220): 212. Translating STRUCTURE aoi222d2 as cellView RISCV_ICD/aoi222d2/layout.
INFO (XSTRM-220): 213. Translating STRUCTURE aoi222d4 as cellView RISCV_ICD/aoi222d4/layout.
INFO (XSTRM-220): 214. Translating STRUCTURE aoi22d1 as cellView RISCV_ICD/aoi22d1/layout.
INFO (XSTRM-220): 215. Translating STRUCTURE aoi22d2 as cellView RISCV_ICD/aoi22d2/layout.
INFO (XSTRM-220): 216. Translating STRUCTURE aoi22d4 as cellView RISCV_ICD/aoi22d4/layout.
INFO (XSTRM-220): 217. Translating STRUCTURE aoi311d1 as cellView RISCV_ICD/aoi311d1/layout.
INFO (XSTRM-220): 218. Translating STRUCTURE aoi311d2 as cellView RISCV_ICD/aoi311d2/layout.
INFO (XSTRM-220): 219. Translating STRUCTURE aoi311d4 as cellView RISCV_ICD/aoi311d4/layout.
INFO (XSTRM-220): 220. Translating STRUCTURE aoi31d1 as cellView RISCV_ICD/aoi31d1/layout.
INFO (XSTRM-220): 221. Translating STRUCTURE aoi31d2 as cellView RISCV_ICD/aoi31d2/layout.
INFO (XSTRM-220): 222. Translating STRUCTURE aoi31d4 as cellView RISCV_ICD/aoi31d4/layout.
INFO (XSTRM-220): 223. Translating STRUCTURE aoi321d1 as cellView RISCV_ICD/aoi321d1/layout.
INFO (XSTRM-220): 224. Translating STRUCTURE aoi321d2 as cellView RISCV_ICD/aoi321d2/layout.
INFO (XSTRM-220): 225. Translating STRUCTURE aoi321d4 as cellView RISCV_ICD/aoi321d4/layout.
INFO (XSTRM-220): 226. Translating STRUCTURE aoi322d1 as cellView RISCV_ICD/aoi322d1/layout.
INFO (XSTRM-220): 227. Translating STRUCTURE aoi322d2 as cellView RISCV_ICD/aoi322d2/layout.
INFO (XSTRM-220): 228. Translating STRUCTURE aoi322d4 as cellView RISCV_ICD/aoi322d4/layout.
INFO (XSTRM-220): 229. Translating STRUCTURE aoim211d1 as cellView RISCV_ICD/aoim211d1/layout.
INFO (XSTRM-220): 230. Translating STRUCTURE aoim211d2 as cellView RISCV_ICD/aoim211d2/layout.
INFO (XSTRM-220): 231. Translating STRUCTURE aoim211d4 as cellView RISCV_ICD/aoim211d4/layout.
INFO (XSTRM-220): 232. Translating STRUCTURE aoim21d1 as cellView RISCV_ICD/aoim21d1/layout.
INFO (XSTRM-220): 233. Translating STRUCTURE aoim21d2 as cellView RISCV_ICD/aoim21d2/layout.
INFO (XSTRM-220): 234. Translating STRUCTURE aoim21d4 as cellView RISCV_ICD/aoim21d4/layout.
INFO (XSTRM-220): 235. Translating STRUCTURE aoim22d1 as cellView RISCV_ICD/aoim22d1/layout.
INFO (XSTRM-220): 236. Translating STRUCTURE aoim22d2 as cellView RISCV_ICD/aoim22d2/layout.
INFO (XSTRM-220): 237. Translating STRUCTURE aoim22d4 as cellView RISCV_ICD/aoim22d4/layout.
INFO (XSTRM-220): 238. Translating STRUCTURE aoim2m11d1 as cellView RISCV_ICD/aoim2m11d1/layout.
INFO (XSTRM-220): 239. Translating STRUCTURE aoim2m11d2 as cellView RISCV_ICD/aoim2m11d2/layout.
INFO (XSTRM-220): 240. Translating STRUCTURE aoim2m11d4 as cellView RISCV_ICD/aoim2m11d4/layout.
INFO (XSTRM-220): 241. Translating STRUCTURE aoim311d1 as cellView RISCV_ICD/aoim311d1/layout.
INFO (XSTRM-220): 242. Translating STRUCTURE aoim311d2 as cellView RISCV_ICD/aoim311d2/layout.
INFO (XSTRM-220): 243. Translating STRUCTURE aoim311d4 as cellView RISCV_ICD/aoim311d4/layout.
INFO (XSTRM-220): 244. Translating STRUCTURE aoim31d1 as cellView RISCV_ICD/aoim31d1/layout.
INFO (XSTRM-220): 245. Translating STRUCTURE aoim31d2 as cellView RISCV_ICD/aoim31d2/layout.
INFO (XSTRM-220): 246. Translating STRUCTURE aoim31d4 as cellView RISCV_ICD/aoim31d4/layout.
INFO (XSTRM-220): 247. Translating STRUCTURE aoim3m11d1 as cellView RISCV_ICD/aoim3m11d1/layout.
INFO (XSTRM-220): 248. Translating STRUCTURE aoim3m11d2 as cellView RISCV_ICD/aoim3m11d2/layout.
INFO (XSTRM-220): 249. Translating STRUCTURE aoim3m11d4 as cellView RISCV_ICD/aoim3m11d4/layout.
INFO (XSTRM-220): 250. Translating STRUCTURE aon211d1 as cellView RISCV_ICD/aon211d1/layout.
INFO (XSTRM-220): 251. Translating STRUCTURE aon211d2 as cellView RISCV_ICD/aon211d2/layout.
INFO (XSTRM-220): 252. Translating STRUCTURE aon211d4 as cellView RISCV_ICD/aon211d4/layout.
INFO (XSTRM-220): 253. Translating STRUCTURE aor211d1 as cellView RISCV_ICD/aor211d1/layout.
INFO (XSTRM-220): 254. Translating STRUCTURE aor211d2 as cellView RISCV_ICD/aor211d2/layout.
INFO (XSTRM-220): 255. Translating STRUCTURE aor211d4 as cellView RISCV_ICD/aor211d4/layout.
INFO (XSTRM-220): 256. Translating STRUCTURE aor21d1 as cellView RISCV_ICD/aor21d1/layout.
INFO (XSTRM-220): 257. Translating STRUCTURE aor21d2 as cellView RISCV_ICD/aor21d2/layout.
INFO (XSTRM-220): 258. Translating STRUCTURE aor21d4 as cellView RISCV_ICD/aor21d4/layout.
INFO (XSTRM-220): 259. Translating STRUCTURE aor221d1 as cellView RISCV_ICD/aor221d1/layout.
INFO (XSTRM-220): 260. Translating STRUCTURE aor221d2 as cellView RISCV_ICD/aor221d2/layout.
INFO (XSTRM-220): 261. Translating STRUCTURE aor221d4 as cellView RISCV_ICD/aor221d4/layout.
INFO (XSTRM-220): 262. Translating STRUCTURE aor222d1 as cellView RISCV_ICD/aor222d1/layout.
INFO (XSTRM-220): 263. Translating STRUCTURE aor222d2 as cellView RISCV_ICD/aor222d2/layout.
INFO (XSTRM-220): 264. Translating STRUCTURE aor222d4 as cellView RISCV_ICD/aor222d4/layout.
INFO (XSTRM-220): 265. Translating STRUCTURE aor22d1 as cellView RISCV_ICD/aor22d1/layout.
INFO (XSTRM-220): 266. Translating STRUCTURE aor22d2 as cellView RISCV_ICD/aor22d2/layout.
INFO (XSTRM-220): 267. Translating STRUCTURE aor22d4 as cellView RISCV_ICD/aor22d4/layout.
INFO (XSTRM-220): 268. Translating STRUCTURE aor311d1 as cellView RISCV_ICD/aor311d1/layout.
INFO (XSTRM-220): 269. Translating STRUCTURE aor311d2 as cellView RISCV_ICD/aor311d2/layout.
INFO (XSTRM-220): 270. Translating STRUCTURE aor311d4 as cellView RISCV_ICD/aor311d4/layout.
INFO (XSTRM-220): 271. Translating STRUCTURE aor31d1 as cellView RISCV_ICD/aor31d1/layout.
INFO (XSTRM-220): 272. Translating STRUCTURE aor31d2 as cellView RISCV_ICD/aor31d2/layout.
INFO (XSTRM-220): 273. Translating STRUCTURE aor31d4 as cellView RISCV_ICD/aor31d4/layout.
INFO (XSTRM-220): 274. Translating STRUCTURE bh01d1 as cellView RISCV_ICD/bh01d1/layout.
INFO (XSTRM-220): 275. Translating STRUCTURE bufbd1 as cellView RISCV_ICD/bufbd1/layout.
INFO (XSTRM-220): 276. Translating STRUCTURE bufbd3 as cellView RISCV_ICD/bufbd3/layout.
INFO (XSTRM-220): 277. Translating STRUCTURE bufbd7 as cellView RISCV_ICD/bufbd7/layout.
INFO (XSTRM-220): 278. Translating STRUCTURE bufbda as cellView RISCV_ICD/bufbda/layout.
INFO (XSTRM-220): 279. Translating STRUCTURE buffd1 as cellView RISCV_ICD/buffd1/layout.
INFO (XSTRM-220): 280. Translating STRUCTURE buffd3 as cellView RISCV_ICD/buffd3/layout.
INFO (XSTRM-220): 281. Translating STRUCTURE buffd7 as cellView RISCV_ICD/buffd7/layout.
INFO (XSTRM-220): 282. Translating STRUCTURE buffda as cellView RISCV_ICD/buffda/layout.
INFO (XSTRM-220): 283. Translating STRUCTURE buftd1 as cellView RISCV_ICD/buftd1/layout.
INFO (XSTRM-220): 284. Translating STRUCTURE buftd2 as cellView RISCV_ICD/buftd2/layout.
INFO (XSTRM-220): 285. Translating STRUCTURE buftd4 as cellView RISCV_ICD/buftd4/layout.
INFO (XSTRM-220): 286. Translating STRUCTURE buftd7 as cellView RISCV_ICD/buftd7/layout.
INFO (XSTRM-220): 287. Translating STRUCTURE buftda as cellView RISCV_ICD/buftda/layout.
INFO (XSTRM-220): 288. Translating STRUCTURE cg01d0 as cellView RISCV_ICD/cg01d0/layout.
INFO (XSTRM-220): 289. Translating STRUCTURE cg01d1 as cellView RISCV_ICD/cg01d1/layout.
INFO (XSTRM-220): 290. Translating STRUCTURE cg01d2 as cellView RISCV_ICD/cg01d2/layout.
INFO (XSTRM-220): 291. Translating STRUCTURE clk2d2 as cellView RISCV_ICD/clk2d2/layout.
INFO (XSTRM-220): 292. Translating STRUCTURE cload1 as cellView RISCV_ICD/cload1/layout.
INFO (XSTRM-220): 293. Translating STRUCTURE decfq1 as cellView RISCV_ICD/decfq1/layout.
INFO (XSTRM-220): 294. Translating STRUCTURE decfq2 as cellView RISCV_ICD/decfq2/layout.
INFO (XSTRM-220): 295. Translating STRUCTURE decrq1 as cellView RISCV_ICD/decrq1/layout.
INFO (XSTRM-220): 296. Translating STRUCTURE decrq2 as cellView RISCV_ICD/decrq2/layout.
INFO (XSTRM-220): 297. Translating STRUCTURE denrq1 as cellView RISCV_ICD/denrq1/layout.
INFO (XSTRM-220): 298. Translating STRUCTURE denrq2 as cellView RISCV_ICD/denrq2/layout.
INFO (XSTRM-220): 299. Translating STRUCTURE depfq1 as cellView RISCV_ICD/depfq1/layout.
INFO (XSTRM-220): 300. Translating STRUCTURE depfq2 as cellView RISCV_ICD/depfq2/layout.
INFO (XSTRM-220): 301. Translating STRUCTURE deprq1 as cellView RISCV_ICD/deprq1/layout.
INFO (XSTRM-220): 302. Translating STRUCTURE deprq2 as cellView RISCV_ICD/deprq2/layout.
INFO (XSTRM-220): 303. Translating STRUCTURE dfbfb1 as cellView RISCV_ICD/dfbfb1/layout.
INFO (XSTRM-220): 304. Translating STRUCTURE dfbfb2 as cellView RISCV_ICD/dfbfb2/layout.
INFO (XSTRM-220): 305. Translating STRUCTURE dfbrb1 as cellView RISCV_ICD/dfbrb1/layout.
INFO (XSTRM-220): 306. Translating STRUCTURE dfbrb2 as cellView RISCV_ICD/dfbrb2/layout.
INFO (XSTRM-220): 307. Translating STRUCTURE dfcfb1 as cellView RISCV_ICD/dfcfb1/layout.
INFO (XSTRM-220): 308. Translating STRUCTURE dfcfb2 as cellView RISCV_ICD/dfcfb2/layout.
INFO (XSTRM-220): 309. Translating STRUCTURE dfcfq1 as cellView RISCV_ICD/dfcfq1/layout.
INFO (XSTRM-220): 310. Translating STRUCTURE dfcfq2 as cellView RISCV_ICD/dfcfq2/layout.
INFO (XSTRM-220): 311. Translating STRUCTURE dfcrb1 as cellView RISCV_ICD/dfcrb1/layout.
INFO (XSTRM-220): 312. Translating STRUCTURE dfcrb2 as cellView RISCV_ICD/dfcrb2/layout.
INFO (XSTRM-220): 313. Translating STRUCTURE dfcrn1 as cellView RISCV_ICD/dfcrn1/layout.
INFO (XSTRM-220): 314. Translating STRUCTURE dfcrn2 as cellView RISCV_ICD/dfcrn2/layout.
INFO (XSTRM-220): 315. Translating STRUCTURE dfcrq1 as cellView RISCV_ICD/dfcrq1/layout.
INFO (XSTRM-220): 316. Translating STRUCTURE dfcrq2 as cellView RISCV_ICD/dfcrq2/layout.
INFO (XSTRM-220): 317. Translating STRUCTURE dfnfb1 as cellView RISCV_ICD/dfnfb1/layout.
INFO (XSTRM-220): 318. Translating STRUCTURE dfnfb2 as cellView RISCV_ICD/dfnfb2/layout.
INFO (XSTRM-220): 319. Translating STRUCTURE dfnrb1 as cellView RISCV_ICD/dfnrb1/layout.
INFO (XSTRM-220): 320. Translating STRUCTURE dfnrb2 as cellView RISCV_ICD/dfnrb2/layout.
INFO (XSTRM-220): 321. Translating STRUCTURE dfnrn1 as cellView RISCV_ICD/dfnrn1/layout.
INFO (XSTRM-220): 322. Translating STRUCTURE dfnrn2 as cellView RISCV_ICD/dfnrn2/layout.
INFO (XSTRM-220): 323. Translating STRUCTURE dfnrq1 as cellView RISCV_ICD/dfnrq1/layout.
INFO (XSTRM-220): 324. Translating STRUCTURE dfnrq2 as cellView RISCV_ICD/dfnrq2/layout.
INFO (XSTRM-220): 325. Translating STRUCTURE dfpfb1 as cellView RISCV_ICD/dfpfb1/layout.
INFO (XSTRM-220): 326. Translating STRUCTURE dfpfb2 as cellView RISCV_ICD/dfpfb2/layout.
INFO (XSTRM-220): 327. Translating STRUCTURE dfprb1 as cellView RISCV_ICD/dfprb1/layout.
INFO (XSTRM-220): 328. Translating STRUCTURE dfprb2 as cellView RISCV_ICD/dfprb2/layout.
INFO (XSTRM-220): 329. Translating STRUCTURE dl01d1 as cellView RISCV_ICD/dl01d1/layout.
INFO (XSTRM-220): 330. Translating STRUCTURE dl02d1 as cellView RISCV_ICD/dl02d1/layout.
INFO (XSTRM-220): 331. Translating STRUCTURE dl03d1 as cellView RISCV_ICD/dl03d1/layout.
INFO (XSTRM-220): 332. Translating STRUCTURE dl04d1 as cellView RISCV_ICD/dl04d1/layout.
INFO (XSTRM-220): 333. Translating STRUCTURE feedth as cellView RISCV_ICD/feedth/layout.
INFO (XSTRM-220): 334. Translating STRUCTURE feedth3 as cellView RISCV_ICD/feedth3/layout.
INFO (XSTRM-220): 335. Translating STRUCTURE feedth9 as cellView RISCV_ICD/feedth9/layout.
INFO (XSTRM-220): 336. Translating STRUCTURE inv0d0 as cellView RISCV_ICD/inv0d0/layout.
INFO (XSTRM-220): 337. Translating STRUCTURE inv0d1 as cellView RISCV_ICD/inv0d1/layout.
INFO (XSTRM-220): 338. Translating STRUCTURE inv0d2 as cellView RISCV_ICD/inv0d2/layout.
INFO (XSTRM-220): 339. Translating STRUCTURE inv0d4 as cellView RISCV_ICD/inv0d4/layout.
INFO (XSTRM-220): 340. Translating STRUCTURE inv0d7 as cellView RISCV_ICD/inv0d7/layout.
INFO (XSTRM-220): 341. Translating STRUCTURE inv0da as cellView RISCV_ICD/inv0da/layout.
INFO (XSTRM-220): 342. Translating STRUCTURE invbd2 as cellView RISCV_ICD/invbd2/layout.
INFO (XSTRM-220): 343. Translating STRUCTURE invbd4 as cellView RISCV_ICD/invbd4/layout.
INFO (XSTRM-220): 344. Translating STRUCTURE invtd1 as cellView RISCV_ICD/invtd1/layout.
INFO (XSTRM-220): 345. Translating STRUCTURE invtd2 as cellView RISCV_ICD/invtd2/layout.
INFO (XSTRM-220): 346. Translating STRUCTURE invtd4 as cellView RISCV_ICD/invtd4/layout.
INFO (XSTRM-220): 347. Translating STRUCTURE invtd7 as cellView RISCV_ICD/invtd7/layout.
INFO (XSTRM-220): 348. Translating STRUCTURE invtda as cellView RISCV_ICD/invtda/layout.
INFO (XSTRM-220): 349. Translating STRUCTURE jkbrb1 as cellView RISCV_ICD/jkbrb1/layout.
INFO (XSTRM-220): 350. Translating STRUCTURE jkbrb2 as cellView RISCV_ICD/jkbrb2/layout.
INFO (XSTRM-220): 351. Translating STRUCTURE labhb1 as cellView RISCV_ICD/labhb1/layout.
INFO (XSTRM-220): 352. Translating STRUCTURE labhb2 as cellView RISCV_ICD/labhb2/layout.
INFO (XSTRM-220): 353. Translating STRUCTURE lachq1 as cellView RISCV_ICD/lachq1/layout.
INFO (XSTRM-220): 354. Translating STRUCTURE lachq2 as cellView RISCV_ICD/lachq2/layout.
INFO (XSTRM-220): 355. Translating STRUCTURE laclq1 as cellView RISCV_ICD/laclq1/layout.
INFO (XSTRM-220): 356. Translating STRUCTURE laclq2 as cellView RISCV_ICD/laclq2/layout.
INFO (XSTRM-220): 357. Translating STRUCTURE lanhb1 as cellView RISCV_ICD/lanhb1/layout.
INFO (XSTRM-220): 358. Translating STRUCTURE lanhb2 as cellView RISCV_ICD/lanhb2/layout.
INFO (XSTRM-220): 359. Translating STRUCTURE lanhn1 as cellView RISCV_ICD/lanhn1/layout.
INFO (XSTRM-220): 360. Translating STRUCTURE lanhn2 as cellView RISCV_ICD/lanhn2/layout.
INFO (XSTRM-220): 361. Translating STRUCTURE lanhq1 as cellView RISCV_ICD/lanhq1/layout.
INFO (XSTRM-220): 362. Translating STRUCTURE lanhq2 as cellView RISCV_ICD/lanhq2/layout.
INFO (XSTRM-220): 363. Translating STRUCTURE lanht1 as cellView RISCV_ICD/lanht1/layout.
INFO (XSTRM-220): 364. Translating STRUCTURE lanht2 as cellView RISCV_ICD/lanht2/layout.
INFO (XSTRM-220): 365. Translating STRUCTURE lanlb1 as cellView RISCV_ICD/lanlb1/layout.
INFO (XSTRM-220): 366. Translating STRUCTURE lanlb2 as cellView RISCV_ICD/lanlb2/layout.
INFO (XSTRM-220): 367. Translating STRUCTURE lanln1 as cellView RISCV_ICD/lanln1/layout.
INFO (XSTRM-220): 368. Translating STRUCTURE lanln2 as cellView RISCV_ICD/lanln2/layout.
INFO (XSTRM-220): 369. Translating STRUCTURE lanlq1 as cellView RISCV_ICD/lanlq1/layout.
INFO (XSTRM-220): 370. Translating STRUCTURE lanlq2 as cellView RISCV_ICD/lanlq2/layout.
INFO (XSTRM-220): 371. Translating STRUCTURE mffnrb1 as cellView RISCV_ICD/mffnrb1/layout.
INFO (XSTRM-220): 372. Translating STRUCTURE mffnrb2 as cellView RISCV_ICD/mffnrb2/layout.
INFO (XSTRM-220): 373. Translating STRUCTURE mi02d0 as cellView RISCV_ICD/mi02d0/layout.
INFO (XSTRM-220): 374. Translating STRUCTURE mi02d1 as cellView RISCV_ICD/mi02d1/layout.
INFO (XSTRM-220): 375. Translating STRUCTURE mi02d2 as cellView RISCV_ICD/mi02d2/layout.
INFO (XSTRM-220): 376. Translating STRUCTURE mi02d4 as cellView RISCV_ICD/mi02d4/layout.
INFO (XSTRM-220): 377. Translating STRUCTURE mx02d0 as cellView RISCV_ICD/mx02d0/layout.
INFO (XSTRM-220): 378. Translating STRUCTURE mx02d1 as cellView RISCV_ICD/mx02d1/layout.
INFO (XSTRM-220): 379. Translating STRUCTURE mx02d2 as cellView RISCV_ICD/mx02d2/layout.
INFO (XSTRM-220): 380. Translating STRUCTURE mx02d4 as cellView RISCV_ICD/mx02d4/layout.
INFO (XSTRM-220): 381. Translating STRUCTURE mx04d0 as cellView RISCV_ICD/mx04d0/layout.
INFO (XSTRM-220): 382. Translating STRUCTURE mx04d1 as cellView RISCV_ICD/mx04d1/layout.
INFO (XSTRM-220): 383. Translating STRUCTURE mx04d2 as cellView RISCV_ICD/mx04d2/layout.
INFO (XSTRM-220): 384. Translating STRUCTURE mx04d4 as cellView RISCV_ICD/mx04d4/layout.
INFO (XSTRM-220): 385. Translating STRUCTURE nd02d0 as cellView RISCV_ICD/nd02d0/layout.
INFO (XSTRM-220): 386. Translating STRUCTURE nd02d1 as cellView RISCV_ICD/nd02d1/layout.
INFO (XSTRM-220): 387. Translating STRUCTURE nd02d2 as cellView RISCV_ICD/nd02d2/layout.
INFO (XSTRM-220): 388. Translating STRUCTURE nd02d4 as cellView RISCV_ICD/nd02d4/layout.
INFO (XSTRM-220): 389. Translating STRUCTURE nd03d0 as cellView RISCV_ICD/nd03d0/layout.
INFO (XSTRM-220): 390. Translating STRUCTURE nd03d1 as cellView RISCV_ICD/nd03d1/layout.
INFO (XSTRM-220): 391. Translating STRUCTURE nd03d2 as cellView RISCV_ICD/nd03d2/layout.
INFO (XSTRM-220): 392. Translating STRUCTURE nd03d4 as cellView RISCV_ICD/nd03d4/layout.
INFO (XSTRM-220): 393. Translating STRUCTURE nd04d0 as cellView RISCV_ICD/nd04d0/layout.
INFO (XSTRM-220): 394. Translating STRUCTURE nd04d1 as cellView RISCV_ICD/nd04d1/layout.
INFO (XSTRM-220): 395. Translating STRUCTURE nd04d2 as cellView RISCV_ICD/nd04d2/layout.
INFO (XSTRM-220): 396. Translating STRUCTURE nd04d4 as cellView RISCV_ICD/nd04d4/layout.
INFO (XSTRM-220): 397. Translating STRUCTURE nd12d0 as cellView RISCV_ICD/nd12d0/layout.
INFO (XSTRM-220): 398. Translating STRUCTURE nd12d1 as cellView RISCV_ICD/nd12d1/layout.
INFO (XSTRM-220): 399. Translating STRUCTURE nd12d2 as cellView RISCV_ICD/nd12d2/layout.
INFO (XSTRM-220): 400. Translating STRUCTURE nd12d4 as cellView RISCV_ICD/nd12d4/layout.
INFO (XSTRM-220): 401. Translating STRUCTURE nd13d1 as cellView RISCV_ICD/nd13d1/layout.
INFO (XSTRM-220): 402. Translating STRUCTURE nd13d2 as cellView RISCV_ICD/nd13d2/layout.
INFO (XSTRM-220): 403. Translating STRUCTURE nd13d4 as cellView RISCV_ICD/nd13d4/layout.
INFO (XSTRM-220): 404. Translating STRUCTURE nd23d1 as cellView RISCV_ICD/nd23d1/layout.
INFO (XSTRM-220): 405. Translating STRUCTURE nd23d2 as cellView RISCV_ICD/nd23d2/layout.
INFO (XSTRM-220): 406. Translating STRUCTURE nd23d4 as cellView RISCV_ICD/nd23d4/layout.
INFO (XSTRM-220): 407. Translating STRUCTURE nr02d0 as cellView RISCV_ICD/nr02d0/layout.
INFO (XSTRM-220): 408. Translating STRUCTURE nr02d1 as cellView RISCV_ICD/nr02d1/layout.
INFO (XSTRM-220): 409. Translating STRUCTURE nr02d2 as cellView RISCV_ICD/nr02d2/layout.
INFO (XSTRM-220): 410. Translating STRUCTURE nr02d4 as cellView RISCV_ICD/nr02d4/layout.
INFO (XSTRM-220): 411. Translating STRUCTURE nr03d0 as cellView RISCV_ICD/nr03d0/layout.
INFO (XSTRM-220): 412. Translating STRUCTURE nr03d1 as cellView RISCV_ICD/nr03d1/layout.
INFO (XSTRM-220): 413. Translating STRUCTURE nr03d2 as cellView RISCV_ICD/nr03d2/layout.
INFO (XSTRM-220): 414. Translating STRUCTURE nr03d4 as cellView RISCV_ICD/nr03d4/layout.
INFO (XSTRM-220): 415. Translating STRUCTURE nr04d0 as cellView RISCV_ICD/nr04d0/layout.
INFO (XSTRM-220): 416. Translating STRUCTURE nr04d1 as cellView RISCV_ICD/nr04d1/layout.
INFO (XSTRM-220): 417. Translating STRUCTURE nr04d2 as cellView RISCV_ICD/nr04d2/layout.
INFO (XSTRM-220): 418. Translating STRUCTURE nr04d4 as cellView RISCV_ICD/nr04d4/layout.
INFO (XSTRM-220): 419. Translating STRUCTURE nr13d1 as cellView RISCV_ICD/nr13d1/layout.
INFO (XSTRM-220): 420. Translating STRUCTURE nr13d2 as cellView RISCV_ICD/nr13d2/layout.
INFO (XSTRM-220): 421. Translating STRUCTURE nr13d4 as cellView RISCV_ICD/nr13d4/layout.
INFO (XSTRM-220): 422. Translating STRUCTURE nr23d1 as cellView RISCV_ICD/nr23d1/layout.
INFO (XSTRM-220): 423. Translating STRUCTURE nr23d2 as cellView RISCV_ICD/nr23d2/layout.
INFO (XSTRM-220): 424. Translating STRUCTURE nr23d4 as cellView RISCV_ICD/nr23d4/layout.
INFO (XSTRM-220): 425. Translating STRUCTURE oai211d1 as cellView RISCV_ICD/oai211d1/layout.
INFO (XSTRM-220): 426. Translating STRUCTURE oai211d2 as cellView RISCV_ICD/oai211d2/layout.
INFO (XSTRM-220): 427. Translating STRUCTURE oai211d4 as cellView RISCV_ICD/oai211d4/layout.
INFO (XSTRM-220): 428. Translating STRUCTURE oai21d1 as cellView RISCV_ICD/oai21d1/layout.
INFO (XSTRM-220): 429. Translating STRUCTURE oai21d2 as cellView RISCV_ICD/oai21d2/layout.
INFO (XSTRM-220): 430. Translating STRUCTURE oai21d4 as cellView RISCV_ICD/oai21d4/layout.
INFO (XSTRM-220): 431. Translating STRUCTURE oai221d1 as cellView RISCV_ICD/oai221d1/layout.
INFO (XSTRM-220): 432. Translating STRUCTURE oai221d2 as cellView RISCV_ICD/oai221d2/layout.
INFO (XSTRM-220): 433. Translating STRUCTURE oai221d4 as cellView RISCV_ICD/oai221d4/layout.
INFO (XSTRM-220): 434. Translating STRUCTURE oai2222d1 as cellView RISCV_ICD/oai2222d1/layout.
INFO (XSTRM-220): 435. Translating STRUCTURE oai2222d2 as cellView RISCV_ICD/oai2222d2/layout.
INFO (XSTRM-220): 436. Translating STRUCTURE oai2222d4 as cellView RISCV_ICD/oai2222d4/layout.
INFO (XSTRM-220): 437. Translating STRUCTURE oai222d1 as cellView RISCV_ICD/oai222d1/layout.
INFO (XSTRM-220): 438. Translating STRUCTURE oai222d2 as cellView RISCV_ICD/oai222d2/layout.
INFO (XSTRM-220): 439. Translating STRUCTURE oai222d4 as cellView RISCV_ICD/oai222d4/layout.
INFO (XSTRM-220): 440. Translating STRUCTURE oai22d1 as cellView RISCV_ICD/oai22d1/layout.
INFO (XSTRM-220): 441. Translating STRUCTURE oai22d2 as cellView RISCV_ICD/oai22d2/layout.
INFO (XSTRM-220): 442. Translating STRUCTURE oai22d4 as cellView RISCV_ICD/oai22d4/layout.
INFO (XSTRM-220): 443. Translating STRUCTURE oai311d1 as cellView RISCV_ICD/oai311d1/layout.
INFO (XSTRM-220): 444. Translating STRUCTURE oai311d2 as cellView RISCV_ICD/oai311d2/layout.
INFO (XSTRM-220): 445. Translating STRUCTURE oai311d4 as cellView RISCV_ICD/oai311d4/layout.
INFO (XSTRM-220): 446. Translating STRUCTURE oai31d1 as cellView RISCV_ICD/oai31d1/layout.
INFO (XSTRM-220): 447. Translating STRUCTURE oai31d2 as cellView RISCV_ICD/oai31d2/layout.
INFO (XSTRM-220): 448. Translating STRUCTURE oai31d4 as cellView RISCV_ICD/oai31d4/layout.
INFO (XSTRM-220): 449. Translating STRUCTURE oai321d1 as cellView RISCV_ICD/oai321d1/layout.
INFO (XSTRM-220): 450. Translating STRUCTURE oai321d2 as cellView RISCV_ICD/oai321d2/layout.
INFO (XSTRM-220): 451. Translating STRUCTURE oai321d4 as cellView RISCV_ICD/oai321d4/layout.
INFO (XSTRM-220): 452. Translating STRUCTURE oai322d1 as cellView RISCV_ICD/oai322d1/layout.
INFO (XSTRM-220): 453. Translating STRUCTURE oai322d2 as cellView RISCV_ICD/oai322d2/layout.
INFO (XSTRM-220): 454. Translating STRUCTURE oai322d4 as cellView RISCV_ICD/oai322d4/layout.
INFO (XSTRM-220): 455. Translating STRUCTURE oaim211d1 as cellView RISCV_ICD/oaim211d1/layout.
INFO (XSTRM-220): 456. Translating STRUCTURE oaim211d2 as cellView RISCV_ICD/oaim211d2/layout.
INFO (XSTRM-220): 457. Translating STRUCTURE oaim211d4 as cellView RISCV_ICD/oaim211d4/layout.
INFO (XSTRM-220): 458. Translating STRUCTURE oaim21d1 as cellView RISCV_ICD/oaim21d1/layout.
INFO (XSTRM-220): 459. Translating STRUCTURE oaim21d2 as cellView RISCV_ICD/oaim21d2/layout.
INFO (XSTRM-220): 460. Translating STRUCTURE oaim21d4 as cellView RISCV_ICD/oaim21d4/layout.
INFO (XSTRM-220): 461. Translating STRUCTURE oaim22d1 as cellView RISCV_ICD/oaim22d1/layout.
INFO (XSTRM-220): 462. Translating STRUCTURE oaim22d2 as cellView RISCV_ICD/oaim22d2/layout.
INFO (XSTRM-220): 463. Translating STRUCTURE oaim22d4 as cellView RISCV_ICD/oaim22d4/layout.
INFO (XSTRM-220): 464. Translating STRUCTURE oaim2m11d1 as cellView RISCV_ICD/oaim2m11d1/layout.
INFO (XSTRM-220): 465. Translating STRUCTURE oaim2m11d2 as cellView RISCV_ICD/oaim2m11d2/layout.
INFO (XSTRM-220): 466. Translating STRUCTURE oaim2m11d4 as cellView RISCV_ICD/oaim2m11d4/layout.
INFO (XSTRM-220): 467. Translating STRUCTURE oaim311d1 as cellView RISCV_ICD/oaim311d1/layout.
INFO (XSTRM-220): 468. Translating STRUCTURE oaim311d2 as cellView RISCV_ICD/oaim311d2/layout.
INFO (XSTRM-220): 469. Translating STRUCTURE oaim311d4 as cellView RISCV_ICD/oaim311d4/layout.
INFO (XSTRM-220): 470. Translating STRUCTURE oaim31d1 as cellView RISCV_ICD/oaim31d1/layout.
INFO (XSTRM-220): 471. Translating STRUCTURE oaim31d2 as cellView RISCV_ICD/oaim31d2/layout.
INFO (XSTRM-220): 472. Translating STRUCTURE oaim31d4 as cellView RISCV_ICD/oaim31d4/layout.
INFO (XSTRM-220): 473. Translating STRUCTURE oaim3m11d1 as cellView RISCV_ICD/oaim3m11d1/layout.
INFO (XSTRM-220): 474. Translating STRUCTURE oaim3m11d2 as cellView RISCV_ICD/oaim3m11d2/layout.
INFO (XSTRM-220): 475. Translating STRUCTURE oaim3m11d4 as cellView RISCV_ICD/oaim3m11d4/layout.
INFO (XSTRM-220): 476. Translating STRUCTURE oan211d1 as cellView RISCV_ICD/oan211d1/layout.
INFO (XSTRM-220): 477. Translating STRUCTURE oan211d2 as cellView RISCV_ICD/oan211d2/layout.
INFO (XSTRM-220): 478. Translating STRUCTURE oan211d4 as cellView RISCV_ICD/oan211d4/layout.
INFO (XSTRM-220): 479. Translating STRUCTURE or02d0 as cellView RISCV_ICD/or02d0/layout.
INFO (XSTRM-220): 480. Translating STRUCTURE or02d1 as cellView RISCV_ICD/or02d1/layout.
INFO (XSTRM-220): 481. Translating STRUCTURE or02d2 as cellView RISCV_ICD/or02d2/layout.
INFO (XSTRM-220): 482. Translating STRUCTURE or02d4 as cellView RISCV_ICD/or02d4/layout.
INFO (XSTRM-220): 483. Translating STRUCTURE or03d0 as cellView RISCV_ICD/or03d0/layout.
INFO (XSTRM-220): 484. Translating STRUCTURE or03d1 as cellView RISCV_ICD/or03d1/layout.
INFO (XSTRM-220): 485. Translating STRUCTURE or03d2 as cellView RISCV_ICD/or03d2/layout.
INFO (XSTRM-220): 486. Translating STRUCTURE or03d4 as cellView RISCV_ICD/or03d4/layout.
INFO (XSTRM-220): 487. Translating STRUCTURE or04d0 as cellView RISCV_ICD/or04d0/layout.
INFO (XSTRM-220): 488. Translating STRUCTURE or04d1 as cellView RISCV_ICD/or04d1/layout.
INFO (XSTRM-220): 489. Translating STRUCTURE or04d2 as cellView RISCV_ICD/or04d2/layout.
INFO (XSTRM-220): 490. Translating STRUCTURE or04d4 as cellView RISCV_ICD/or04d4/layout.
INFO (XSTRM-220): 491. Translating STRUCTURE ora211d1 as cellView RISCV_ICD/ora211d1/layout.
INFO (XSTRM-220): 492. Translating STRUCTURE ora211d2 as cellView RISCV_ICD/ora211d2/layout.
INFO (XSTRM-220): 493. Translating STRUCTURE ora211d4 as cellView RISCV_ICD/ora211d4/layout.
INFO (XSTRM-220): 494. Translating STRUCTURE ora21d1 as cellView RISCV_ICD/ora21d1/layout.
INFO (XSTRM-220): 495. Translating STRUCTURE ora21d2 as cellView RISCV_ICD/ora21d2/layout.
INFO (XSTRM-220): 496. Translating STRUCTURE ora21d4 as cellView RISCV_ICD/ora21d4/layout.
INFO (XSTRM-220): 497. Translating STRUCTURE ora311d1 as cellView RISCV_ICD/ora311d1/layout.
INFO (XSTRM-220): 498. Translating STRUCTURE ora311d2 as cellView RISCV_ICD/ora311d2/layout.
INFO (XSTRM-220): 499. Translating STRUCTURE ora311d4 as cellView RISCV_ICD/ora311d4/layout.
INFO (XSTRM-220): 500. Translating STRUCTURE ora31d1 as cellView RISCV_ICD/ora31d1/layout.
INFO (XSTRM-220): 501. Translating STRUCTURE ora31d2 as cellView RISCV_ICD/ora31d2/layout.
INFO (XSTRM-220): 502. Translating STRUCTURE ora31d4 as cellView RISCV_ICD/ora31d4/layout.
INFO (XSTRM-220): 503. Translating STRUCTURE sdbrb1 as cellView RISCV_ICD/sdbrb1/layout.
INFO (XSTRM-220): 504. Translating STRUCTURE sdbrb2 as cellView RISCV_ICD/sdbrb2/layout.
INFO (XSTRM-220): 505. Translating STRUCTURE sdcfq1 as cellView RISCV_ICD/sdcfq1/layout.
INFO (XSTRM-220): 506. Translating STRUCTURE sdcfq2 as cellView RISCV_ICD/sdcfq2/layout.
INFO (XSTRM-220): 507. Translating STRUCTURE sdcrb1 as cellView RISCV_ICD/sdcrb1/layout.
INFO (XSTRM-220): 508. Translating STRUCTURE sdcrb2 as cellView RISCV_ICD/sdcrb2/layout.
INFO (XSTRM-220): 509. Translating STRUCTURE sdcrn1 as cellView RISCV_ICD/sdcrn1/layout.
INFO (XSTRM-220): 510. Translating STRUCTURE sdcrn2 as cellView RISCV_ICD/sdcrn2/layout.
INFO (XSTRM-220): 511. Translating STRUCTURE sdcrq1 as cellView RISCV_ICD/sdcrq1/layout.
INFO (XSTRM-220): 512. Translating STRUCTURE sdcrq2 as cellView RISCV_ICD/sdcrq2/layout.
INFO (XSTRM-220): 513. Translating STRUCTURE sdnrb1 as cellView RISCV_ICD/sdnrb1/layout.
INFO (XSTRM-220): 514. Translating STRUCTURE sdnrb2 as cellView RISCV_ICD/sdnrb2/layout.
INFO (XSTRM-220): 515. Translating STRUCTURE sdnrn1 as cellView RISCV_ICD/sdnrn1/layout.
INFO (XSTRM-220): 516. Translating STRUCTURE sdnrn2 as cellView RISCV_ICD/sdnrn2/layout.
INFO (XSTRM-220): 517. Translating STRUCTURE sdnrq1 as cellView RISCV_ICD/sdnrq1/layout.
INFO (XSTRM-220): 518. Translating STRUCTURE sdnrq2 as cellView RISCV_ICD/sdnrq2/layout.
INFO (XSTRM-220): 519. Translating STRUCTURE sdprb1 as cellView RISCV_ICD/sdprb1/layout.
INFO (XSTRM-220): 520. Translating STRUCTURE sdprb2 as cellView RISCV_ICD/sdprb2/layout.
INFO (XSTRM-220): 521. Translating STRUCTURE secrq1 as cellView RISCV_ICD/secrq1/layout.
INFO (XSTRM-220): 522. Translating STRUCTURE secrq2 as cellView RISCV_ICD/secrq2/layout.
INFO (XSTRM-220): 523. Translating STRUCTURE senrq1 as cellView RISCV_ICD/senrq1/layout.
INFO (XSTRM-220): 524. Translating STRUCTURE senrq2 as cellView RISCV_ICD/senrq2/layout.
INFO (XSTRM-220): 525. Translating STRUCTURE seprq1 as cellView RISCV_ICD/seprq1/layout.
INFO (XSTRM-220): 526. Translating STRUCTURE seprq2 as cellView RISCV_ICD/seprq2/layout.
INFO (XSTRM-220): 527. Translating STRUCTURE srlab1 as cellView RISCV_ICD/srlab1/layout.
INFO (XSTRM-220): 528. Translating STRUCTURE srlab2 as cellView RISCV_ICD/srlab2/layout.
INFO (XSTRM-220): 529. Translating STRUCTURE su01d0 as cellView RISCV_ICD/su01d0/layout.
INFO (XSTRM-220): 530. Translating STRUCTURE su01d1 as cellView RISCV_ICD/su01d1/layout.
INFO (XSTRM-220): 531. Translating STRUCTURE su01d2 as cellView RISCV_ICD/su01d2/layout.
INFO (XSTRM-220): 532. Translating STRUCTURE xn02d1 as cellView RISCV_ICD/xn02d1/layout.
INFO (XSTRM-220): 533. Translating STRUCTURE xn02d2 as cellView RISCV_ICD/xn02d2/layout.
INFO (XSTRM-220): 534. Translating STRUCTURE xn02d4 as cellView RISCV_ICD/xn02d4/layout.
INFO (XSTRM-220): 535. Translating STRUCTURE xr02d1 as cellView RISCV_ICD/xr02d1/layout.
INFO (XSTRM-220): 536. Translating STRUCTURE xr02d2 as cellView RISCV_ICD/xr02d2/layout.
INFO (XSTRM-220): 537. Translating STRUCTURE xr02d4 as cellView RISCV_ICD/xr02d4/layout.
INFO (XSTRM-220): 538. Translating STRUCTURE xr03d1 as cellView RISCV_ICD/xr03d1/layout.
INFO (XSTRM-220): 539. Translating STRUCTURE xr03d2 as cellView RISCV_ICD/xr03d2/layout.
INFO (XSTRM-220): 540. Translating STRUCTURE xr03d4 as cellView RISCV_ICD/xr03d4/layout.
INFO (XSTRM-220): 541. Translating STRUCTURE tsl18fs120 as cellView RISCV_ICD/tsl18fs120/layout.

Summary of Objects Translated:
	Instances:                              540
	CustomVias:                             0
	StandardVias:                           0
	CdsGenVias:                             0
	Arrays:                                 0
	Polygons:                               15503
	Paths:                                  0
	PathSegs:                               0
	Rectangles:                             24598
	Text:                                   7696
	Node:                                   0
	Line:                                   0
	Cells:                                  541

Elapsed Time: 1.6s   User Time: 0.9s   CPU Time: 0.6s   Peak VM: 17328KB  CPUs Used: 2
INFO (XSTRM-234): Translation completed. '0' error(s) and '3' warning(s) found.
