###############################################################
#  Generated by:      Cadence Innovus 21.19-s058_1
#  OS:                Linux x86_64(Host ID vlsi.iitgn.ac.in)
#  Generated on:      Tue Apr 14 18:11:49 2026
#  Design:            microprocessor_pad_top
#  Command:           report_ccopt_clock_trees -summary -file /home/thoshith/work_risc_v/scl6m/cts/reports/microprocessor_pad_top_clock_trees.rpt
###############################################################

Clock DAG stats:
================

-----------------------------------------------------------
Cell type                 Count    Area         Capacitance
-----------------------------------------------------------
Buffers                    29       1292.032       0.294
Inverters                   0          0.000       0.000
Integrated Clock Gates      0          0.000       0.000
Discrete Clock Gates        0          0.000       0.000
Clock Logic                 2      32500.000       3.713
All                        31      33792.032       4.007
-----------------------------------------------------------


Clock DAG sink counts:
======================

-------------------------
Sink type           Count
-------------------------
Regular             2693
Enable Latch           0
Load Capacitance       0
Antenna Diode          0
Node Sink              0
Total               2693
-------------------------


Clock DAG wire lengths:
=======================

--------------------
Type     Wire Length
--------------------
Top           0.000
Trunk      3750.110
Leaf      28850.100
Total     32600.210
--------------------


Clock DAG hp wire lengths:
==========================

-----------------------
Type     hp Wire Length
-----------------------
Top            0.000
Trunk       3372.240
Leaf        7808.005
Total      11180.245
-----------------------


Clock DAG capacitances:
=======================

---------------------------------
Type     Gate     Wire     Total
---------------------------------
Top      0.000    0.000     0.000
Trunk    4.007    0.515     4.522
Leaf     5.876    6.344    12.220
Total    9.884    6.858    16.742
---------------------------------


Clock DAG sink capacitances:
============================

-----------------------------------------------
Total    Average    Std. Dev.    Min      Max
-----------------------------------------------
5.876     0.002       0.000      0.002    0.005
-----------------------------------------------


Clock DAG net violations:
=========================

None


Clock DAG primary half-corner transition distribution:
======================================================

---------------------------------------------------------------------------------------------------------------------------------------------------------------
Net Type    Target    Count    Average    Std. Dev.    Min      Max      Distribution                                                               Over Target
---------------------------------------------------------------------------------------------------------------------------------------------------------------
Trunk       2.000       4       0.391       0.264      0.000    0.557    {4 <= 1.200ns, 0 <= 1.600ns, 0 <= 1.800ns, 0 <= 1.900ns, 0 <= 2.000ns}          -
Leaf        2.000      28       0.652       0.093      0.587    1.110    {28 <= 1.200ns, 0 <= 1.600ns, 0 <= 1.800ns, 0 <= 1.900ns, 0 <= 2.000ns}         -
---------------------------------------------------------------------------------------------------------------------------------------------------------------


Clock DAG library cell distribution:
====================================

---------------------------------------
Name      Type      Inst     Inst Area 
                    Count    (um^2)
---------------------------------------
bufbda    buffer      2        106.624
bufbd7    buffer     27       1185.408
pc3o05    logic       1      16250.000
pc3d01    logic       1      16250.000
---------------------------------------



Please note that the following tables reflect only the defined clock trees, so the flop counts might not include all flops in your design.

Clock Tree Summary:
===================

----------------------------------------------------------------------------------------------------------------------
Clock Tree  Clock  Bufs  Invs  Other  Max       Max     Max      Max          Standard   Wire   Gate   Clock Tree Root
Name        Gates              Clock  Non-leaf  Leaf    Length   Source-sink  cell area  cap    cap    
                               Cells  Fanout    Fanout  (um)     Resistance   (um^2)     (pF)   (pF)   
                                                                 (Ohms)                                
----------------------------------------------------------------------------------------------------------------------
clk_pad       0     29    0      2       27      100    1405.18    4194.8     33792.032  6.858  9.884  clk_pad
----------------------------------------------------------------------------------------------------------------------

1 clock trees contain a total of 2 nets marked dont_touch, which will not have been buffered, and may have Design Rule Violations as a consequence.
1 clock trees contain a total of 2 nets marked ideal_network, which will not have been buffered, and may have Design Rule Violations as a consequence.

Clock Sink Summary:
===================

-------------------------------------------------------------------------------------------------------------------------------------------
Clock Tree  Explicit      Implicit      Explicit     Implicit     Explicit   Implicit   Posedge  Negedge  Memory  Enable  Non enable  Other
Name        exclude pins  exclude pins  ignore pins  ignore pins  stop pins  stop pins  Flops    Flops    Clock   Latch   Latch       Sinks
                                                                                                          Pins    Sinks   Sinks       
-------------------------------------------------------------------------------------------------------------------------------------------
clk_pad          0             0             1            0           0          0       2692       0       0       0         0         1
-------------------------------------------------------------------------------------------------------------------------------------------

Summary across all clock trees:
===============================

-------------------------------------------------------------------------------------------------------------
Clock  Bufs  Invs  Other  Max       Average   Max     Average  Max       Max          Standard   Wire   Gate
Gates              Clock  Non-leaf  Non-leaf  Leaf    Leaf     Length    Source-sink  cell area  cap    cap
                   Cells  Fanout    Fanout    Fanout  Fanout   (um)      Resistance   (um^2)     (pF)   (pF)
                                                                         (Ohms)                         
-------------------------------------------------------------------------------------------------------------
  0     29    0      2       27       7.75     100    96.1786  1405.180    419.480    33792.032  6.858  9.884
-------------------------------------------------------------------------------------------------------------

Clock Sink Summary across all clock trees:
==========================================

-------------------------------------------------------------------------------------------------------------------------------
Explicit      Implicit      Explicit     Implicit     Explicit   Implicit   Posedge  Negedge  Memory  Enable  Non enable  Other
exclude pins  exclude pins  ignore pins  ignore pins  stop pins  stop pins  Flops    Flops    Clock   Latch   Latch       Sinks
                                                                                              Pins    Sinks   Sinks       
-------------------------------------------------------------------------------------------------------------------------------
     0             0             1            0           0          0       2692       0       0       0         0         1
-------------------------------------------------------------------------------------------------------------------------------

Physical metrics across all clock trees:
========================================

------------------------------------------------------------------------
Metric                               Minimum  Average  Maximum   Std.dev
------------------------------------------------------------------------
Source-sink routed net length (um)    0.000   268.053  1405.180  255.711
Source-sink manhattan distance (um)   0.000   264.259  1406.855  255.523
Source-sink resistance (Ohm)          0.002   103.365   419.480   75.283
------------------------------------------------------------------------

Transition distribution for all half-corners:
=============================================

---------------------------------------------------------------------------------------------------------------------------------------------------------------
Net Type    Target    Count    Average    Std. Dev.    Min      Max      Distribution                                                               Over Target
---------------------------------------------------------------------------------------------------------------------------------------------------------------
Trunk       2.000       4       0.391       0.264      0.000    0.557    {4 <= 1.200ns, 0 <= 1.600ns, 0 <= 1.800ns, 0 <= 1.900ns, 0 <= 2.000ns}          -
Leaf        2.000      28       0.652       0.093      0.587    1.110    {28 <= 1.200ns, 0 <= 1.600ns, 0 <= 1.800ns, 0 <= 1.900ns, 0 <= 2.000ns}         -
---------------------------------------------------------------------------------------------------------------------------------------------------------------

Count of violations across all clock trees:
===========================================

---------------------------------------------------------------------------------------
Clock Tree  # Max capacitance  # Max resistance  # Max length  # Max fanout  # Slew
Name        violations         violations        violations    violations    violations
---------------------------------------------------------------------------------------
clk_pad             1                 0               0             0            0
---------------------------------------------------------------------------------------
Total               1                 0               0             0            0
---------------------------------------------------------------------------------------

Note the above table per clock tree is based on CCOpt clock tree view. The violations are counted across half corners.

Found a total of 1 clock tree pin with max capacitance violations.
Found a total of 1 max capacitance violation.
Total violation amount 3.538pF.

Max capacitance violation summary across all clock trees - Top 1 violation:
===========================================================================

Target and measured capacitances (in pF):

-------------------------------------------------------------------------------------
Half corner           Violation  Capacitance  Capacitance  Target             Pin
                      amount     target       achieved     source             
-------------------------------------------------------------------------------------
max_delay:setup.late    3.538       0.000        3.538     clock_root_forced  clk_pad
-------------------------------------------------------------------------------------

Target sources:
target_max_capacitance_property - the target was set in the target_max_capacitance property
library_or_sdc_constraint - the non-frequency-dependent target was set in a library file or by an SDC constraint
frequency_dependent_library_or_sdc_constraint - the frequency-dependent target was set in a library file or by an SDC constraint
computed_from_slew_target - the target was calculated based on the slew target at a clock root
clock_root_forced - the target was forced to be zero at a clock root


Found a total of 0 clock tree nets with max resistance violations.
Found a total of 0 clock tree nets with max length violations.
Found a total of 0 clock tree nets with max fanout violations.
Found a total of 0 clock tree pins with a slew violation.

Clock Timing Summary:
=====================

Target and measured clock slews (in ns):

--------------------------------------------------------------------------------------------------------------------------------------------
Clock tree  Timing Corner          Worst Rising  Worst Falling  Worst Rising  Worst Falling  Leaf Slew    Leaf Slew  Trunk Slew   Trunk Slew
                                   Leaf Slew     Leaf Slew      Trunk Slew    Trunk Slew     Target Type  Target     Target Type  Target
--------------------------------------------------------------------------------------------------------------------------------------------
clk_pad     max_delay:setup.early     0.302          0.367         0.310          0.295      ignored          -      ignored          -
clk_pad     max_delay:setup.late      0.822          1.110         0.557          0.542      explicit      2.000     explicit      2.000
clk_pad     min_delay:hold.early      0.302          0.367         0.310          0.295      ignored          -      ignored          -
clk_pad     min_delay:hold.late       0.822          1.110         0.557          0.542      explicit      2.000     explicit      2.000
--------------------------------------------------------------------------------------------------------------------------------------------

* - indicates that target was not met.

auto extracted - target was extracted from SDC.
auto computed - target was computed when balancing trees.

Total Transition Slacks Summary:
================================

-------------------------------------------------------------------------------------------------
Total       Total Leaf    Total        Total Leaf    Mean        Median      Std.Dev     Worst
Overslew    Overslew      Underslew    Underslew     Overslew    Overslew    Overslew    Overslew
-------------------------------------------------------------------------------------------------
 0.000        0.000        -42.169      -37.733       0.000       0.000       0.000       0.000
-------------------------------------------------------------------------------------------------

Transition times measured in the half-corner max_delay:setup.late

Top Overslews:

-----------------------------
Driving node    Overslew (ns)
-----------------------------
clk_pad             0.000
-----------------------------

Top Underslews:

----------------------------------------------------------------------------------
Driving node                                                        Underslew (ns)
----------------------------------------------------------------------------------
CTS_cid_buf_00100                                                       -1.536
pc3d01_clk                                                              -1.458
u_microprocessor_core/CTS_ccl_a_buf_00098                               -1.443
u_microprocessor_core/CTS_ccl_a_buf_00087                               -1.413
u_microprocessor_core/CTS_ccl_a_buf_00075                               -1.408
u_microprocessor_core/CTS_ccl_a_buf_00081                               -1.402
u_microprocessor_core/u_data_memory/u_memory/CTS_ccl_a_buf_00090        -1.385
u_microprocessor_core/u_core/CTS_ccl_a_buf_00072                        -1.381
u_microprocessor_core/u_core/CTS_ccl_a_buf_00078                        -1.378
u_microprocessor_core/CTS_ccl_a_buf_00082                               -1.377
----------------------------------------------------------------------------------

