###############################################################
#  Generated by:      Cadence Innovus 21.19-s058_1
#  OS:                Linux x86_64(Host ID vlsi.iitgn.ac.in)
#  Generated on:      Tue Apr 14 18:11:49 2026
#  Design:            microprocessor_pad_top
#  Command:           report_ccopt_skew_groups -summary -file /home/thoshith/work_risc_v/scl6m/cts/reports/microprocessor_pad_top_skew_group.rpt
###############################################################

Skew Group Structure:
=====================

-------------------------------------------------------------------------
Skew Group            Sources    Constrained Sinks    Unconstrained Sinks
-------------------------------------------------------------------------
clk_pad/functional       1             2692                    1
-------------------------------------------------------------------------

Skew Group Summary:
===================

--------------------------------------------------------------------------------------------------------------------------------------------------------------------------
Timing Corner            Skew Group            ID Target    Min ID    Max ID    Avg ID    Std.Dev. ID    Skew Target Type    Skew Target    Skew     Skew window occupancy
--------------------------------------------------------------------------------------------------------------------------------------------------------------------------
max_delay:setup.early    clk_pad/functional        -        1.659     1.717     1.692        0.015       ignored                  -         0.058              -
max_delay:setup.late     clk_pad/functional    none         4.005     4.070     4.040        0.015       auto computed        0.491         0.065    100% {4.005, 4.070}
min_delay:hold.early     clk_pad/functional        -        1.659     1.717     1.692        0.015       ignored                  -         0.058              -
min_delay:hold.late      clk_pad/functional        -        4.005     4.070     4.040        0.015       explicit             0.500         0.065    100% {4.005, 4.070}
--------------------------------------------------------------------------------------------------------------------------------------------------------------------------

* - indicates that target was not met.

Skew Group Min/Max path pins:
=============================

-------------------------------------------------------------------------------------
Timing Corner            Skew Group            Min ID    PathID    Max ID    PathID
-------------------------------------------------------------------------------------
max_delay:setup.early    clk_pad/functional    1.659       -       1.717       -
-    min u_microprocessor_core/u_core/u_fetchpipeline/instruc_reg[9]/CP
-    max u_microprocessor_core/u_data_memory/u_memory/mem_reg[18][14]/CP
max_delay:setup.late     clk_pad/functional    4.005       -       4.070       -
-    min u_microprocessor_core/u_core/u_decodestage/u_regfile0/register_reg[4][20]/CP
-    max u_microprocessor_core/u_data_memory/u_memory/mem_reg[30][16]/CP
min_delay:hold.early     clk_pad/functional    1.659       -       1.717       -
-    min u_microprocessor_core/u_core/u_fetchpipeline/instruc_reg[9]/CP
-    max u_microprocessor_core/u_data_memory/u_memory/mem_reg[18][14]/CP
min_delay:hold.late      clk_pad/functional    4.005       -       4.070       -
-    min u_microprocessor_core/u_core/u_decodestage/u_regfile0/register_reg[4][20]/CP
-    max u_microprocessor_core/u_data_memory/u_memory/mem_reg[30][16]/CP
-------------------------------------------------------------------------------------

