============================================================
  Generated by:           Genus(TM) Synthesis Solution 21.19-s055_1
  Generated on:           Apr 14 2026  05:03:23 pm
  Module:                 microprocessor_pad_top
  Technology libraries:   tsl18fs120_scl_ss 1
                          tsl18cio150_max 1.0
                          tsl18fs120_scl_ss 1
                          tsl18cio150_max 1.0
  Operating conditions:   tsl18cio150_max (worst_case_tree)
  Wireload mode:          enclosed
  Area mode:              timing library
============================================================

         Instance                       Module               Cell Count  Cell Area  Net Area   Total Area   Wireload  
----------------------------------------------------------------------------------------------------------------------
microprocessor_pad_top                                             9160 372618.474 10442.044   383060.518 540000 (S)  
  u_microprocessor_core    microprocessor                          9121 322096.311 10427.972   332524.283 540000 (S)  
    u_core                 core                                    5570 207704.739  6972.927   214677.666 280000 (S)  
      u_branch_execute     branch                                   270   4029.630    55.212     4084.842   8000 (S)  
      u_decodepipeline     decode_pipe                              428  17738.020   201.375    17939.395  35000 (S)  
      u_decodestage        decode                                  2557 119841.738  3400.147   123241.886 140000 (S)  
        u_cu0              controlunit                               64    981.530    14.101      995.631   4000 (S)  
          u_controldec0    control_decoder                           42    686.780     8.376      695.156   4000 (S)  
          u_typedec0       type_decoder                              22    294.750     3.733      298.483   4000 (S)  
        u_imm_gen0         immediategen                              49    827.970    16.927      844.897   4000 (S)  
        u_mux1             mux                                       32    802.880     0.000      802.880   4000 (S)  
        u_mux2             mux_248                                   32    802.880     0.000      802.880   4000 (S)  
        u_regfile0         registerfile                            2380 116426.478  3305.174   119731.652 140000 (S)  
      u_execute_forwarding execute_forwarding                       336   7538.920   304.796     7843.716   8000 (S)  
      u_executepipeline    execute_pipe                             168  11625.730    22.449    11648.179  16000 (S)  
      u_executestage       execute                                  967  18242.840   904.098    19146.938  35000 (S)  
        u_adder0           adder                                     31   1000.490     4.045     1004.535   4000 (S)  
        u_alu0             alu                                      935  17236.080   900.054    18136.134  35000 (S)  
      u_fetchpipeline      fetch_pipe                               137   5999.520   105.113     6104.633   8000 (S)  
      u_fetchstage         fetch                                     98   4083.310    31.206     4114.516   8000 (S)  
        u_pc0              pc                                        96   4048.820    14.322     4063.142   8000 (S)  
      u_memorystage        memory_stage                             162   3258.310    62.468     3320.778   4000 (S)  
        u_wrap_mem0        wrappermem                               153   3114.040    61.431     3175.471   4000 (S)  
      u_memstagepipeline   memory_pipe                              336  12700.210   120.442    12820.652  16000 (S)  
      u_wbstage            write_back                                61   1912.760    47.308     1960.068   4000 (S)  
        u_mux2             mux2_4                                    61   1912.760    47.308     1960.068   4000 (S)  
    u_data_memory          data_memory_top                         3077 105215.522  1752.902   106968.424 140000 (S)  
      u_memory             data_memory                             3076 105149.662  1752.902   106902.564 140000 (S)  
    u_instruction_memory   instruc_mem_top_INIT_FILE8h00            354   5340.480   170.996     5511.476   8000 (S)  
      u_memory             instruction_memory_INIT_FILE8h00         353   5274.620   170.996     5445.616   8000 (S)  
  (S) = wireload was automatically selected
