============================================================
  Generated by:           Genus(TM) Synthesis Solution 21.19-s055_1
  Generated on:           Apr 14 2026  05:01:49 pm
  Module:                 microprocessor_pad_top
  Technology libraries:   tsl18fs120_scl_ss 1
                          tsl18cio150_max 1.0
                          tsl18fs120_scl_ss 1
                          tsl18cio150_max 1.0
  Operating conditions:   tsl18cio150_max (worst_case_tree)
  Wireload mode:          enclosed
  Area mode:              timing library
============================================================

Timing
--------

  Clock    Period 
------------------
clk_pad   20000.0 
vir_clk_i 20000.0 


   Cost     Critical         Violating 
  Group    Path Slack  TNS     Paths   
---------------------------------------
clk_pad      No paths   0.0            
default      No paths   0.0            
I2O          No paths   0.0            
I2R           14395.9   0.0          0 
R2O          No paths   0.0            
R2R            8151.6   0.0          0 
vir_clk_i    No paths   0.0            
---------------------------------------
Total                   0.0          0 

Instance Count
--------------
Leaf Instance Count             15481 
Physical Instance count             0 
Sequential Instance Count        2692 
Combinational Instance Count    12789 
Hierarchical Instance Count        41 

Area
----
Cell Area                          517478.015
Physical Cell Area                 0.000
Total Cell Area (Cell+Physical)    517478.015
Net Area                           7.778
Total Area (Cell+Physical+Net)     517485.793

Runtime                            1.0 seconds
Elapsed Runtime                    132 seconds
Genus peak memory usage            1835.18 
Innovus peak memory usage          no_value 
Hostname                           localhost
