============================================================
  Generated by:           Genus(TM) Synthesis Solution 21.19-s055_1
  Generated on:           Apr 14 2026  05:04:26 pm
  Module:                 microprocessor_pad_top
  Technology libraries:   tsl18fs120_scl_ss 1
                          tsl18cio150_max 1.0
                          tsl18fs120_scl_ss 1
                          tsl18cio150_max 1.0
  Operating conditions:   tsl18cio150_max (worst_case_tree)
  Wireload mode:          enclosed
  Area mode:              timing library
============================================================

Timing
--------

  Clock    Period 
------------------
clk_pad   20000.0 
vir_clk_i 20000.0 


   Cost     Critical         Violating 
  Group    Path Slack  TNS     Paths   
---------------------------------------
clk_pad      No paths   0.0            
default      No paths   0.0            
I2O          No paths   0.0            
I2R           11522.1   0.0          0 
R2O          No paths   0.0            
R2R               1.2   0.0          0 
vir_clk_i    No paths   0.0            
---------------------------------------
Total                   0.0          0 

Instance Count
--------------
Leaf Instance Count             8937 
Physical Instance count            0 
Sequential Instance Count       2692 
Combinational Instance Count    6245 
Hierarchical Instance Count       33 

Area
----
Cell Area                          369128.284
Physical Cell Area                 0.000
Total Cell Area (Cell+Physical)    369128.284
Net Area                           10457.992
Total Area (Cell+Physical+Net)     379586.276

Runtime                            0.0 seconds
Elapsed Runtime                    289 seconds
Genus peak memory usage            1862.96 
Innovus peak memory usage          no_value 
Hostname                           localhost
