============================================================
  Generated by:           Genus(TM) Synthesis Solution 21.19-s055_1
  Generated on:           Apr 14 2026  05:01:51 pm
  Module:                 microprocessor_pad_top
  Technology libraries:   tsl18fs120_scl_ss 1
                          tsl18cio150_max 1.0
                          tsl18fs120_scl_ss 1
                          tsl18cio150_max 1.0
  Operating conditions:   tsl18cio150_max (worst_case_tree)
  Wireload mode:          enclosed
  Area mode:              timing library
============================================================

                               Leakage  
 Gate   Instances    Area    Power (nW)       Library      
-----------------------------------------------------------
pc3d01          6   7772.640   2335.609    tsl18cio150_max 
pc3o05         33  42749.522  12775.296    tsl18cio150_max 
-----------------------------------------------------------
total          39  50522.162  15110.905                    


                                            Leakage  Leakage 
     Type      Instances    Area   Area % Power (nW) Power % 
-------------------------------------------------------------
timing_model          39 50522.162  100.0  15110.905    64.6 
sequential          2692     0.000    0.0   7701.812    32.9 
inverter              50     0.000    0.0      7.390     0.0 
unresolved             4     0.000    0.0      0.000     0.0 
logic              12700     0.000    0.0    573.784     2.5 
physical_cells         0     0.000    0.0      0.000     0.0 
-------------------------------------------------------------
total              15485 50522.162  100.0  23393.891   100.0 

